#
# A fatal error has been detected by the Java Runtime Environment:
#
#  EXCEPTION_ACCESS_VIOLATION (0xc0000005) at pc=0x000000006185e850, pid=5536, tid=7872
#
# JRE version: 7.0_10-b06
# Java VM: Java HotSpot(TM) 64-Bit Server VM (23.4-b01 mixed mode windows-amd64 compressed oops)
# Problematic frame:
# C  [nvoglv64.DLL+0x83e850]
#
# Failed to write core dump. Minidumps are not enabled by default on client versions of Windows
#
# If you would like to submit a bug report, please visit:
#   http://bugreport.sun.com/bugreport/crash.jsp
# The crash happened outside the Java Virtual Machine in native code.
# See problematic frame for where to report the bug.
#

---------------  T H R E A D  ---------------

Current thread (0x000000000241c800):  JavaThread "main" [_thread_in_native, id=7872, stack(0x00000000027f0000,0x00000000028f0000)]

siginfo: ExceptionCode=0xc0000005, reading address 0x0000000000000000

Registers:
RAX=0x0000000000000006, RBX=0x000000000000001f, RCX=0x0000000000000000, RDX=0x000000000fad2410
RSP=0x00000000028eece8, RBP=0x0000000000000000, RSI=0x00000000129c3354, RDI=0x0000000000000001
R8 =0xffffffffed63ccac, R9 =0x00000000129c3354, R10=0x0000000061020000, R11=0x00000000028eed50
R12=0x0000000000000000, R13=0x000000077c5d08f8, R14=0x000000000fad2278, R15=0x000000000d1e3528
RIP=0x000000006185e850, EFLAGS=0x0000000000010297

Top of Stack: (sp=0x00000000028eece8)
0x00000000028eece8:   000000006185dc63 000000000241c800
0x00000000028eecf8:   000000006185dd42 00000017316827ec
0x00000000028eed08:   0000000067b57dc5 0000000000000004
0x00000000028eed18:   0000000000000000 0000000000000000
0x00000000028eed28:   000000006185e55c 000000000fad20c0
0x00000000028eed38:   0000000000000050 0000000000000048
0x00000000028eed48:   0000000000000000 0000000000000007
0x00000000028eed58:   0000000000000001 000000000000003e
0x00000000028eed68:   0000000000000000 0000000000000000
0x00000000028eed78:   0000000000000000 0000000000000000
0x00000000028eed88:   0000140600000004 0000000000000050
0x00000000028eed98:   0000000000000000 0000140600000003
0x00000000028eeda8:   0000000100000050 0000000000000000
0x00000000028eedb8:   0000140600000004 0000000100000050
0x00000000028eedc8:   0000000000000000 0000140600000003
0x00000000028eedd8:   0000000100000050 0000000000000000 

Instructions: (pc=0x000000006185e850)
0x000000006185e830:   4b 8b 04 01 ff c1 4d 8d 49 08 49 89 41 f8 3b 4a
0x000000006185e840:   08 7c ed f3 c3 33 c9 39 4a 08 7e 17 4d 2b c1 90
0x000000006185e850:   43 8b 04 01 ff c1 4d 8d 49 04 41 89 41 fc 3b 4a
0x000000006185e860:   08 7c ed f3 c3 0f 1f 00 9d e7 83 00 9d e7 83 00 


Register to memory mapping:

RAX=0x0000000000000006 is an unknown value
RBX=0x000000000000001f is an unknown value
RCX=0x0000000000000000 is an unknown value
RDX=0x000000000fad2410 is an unknown value
RSP=0x00000000028eece8 is pointing into the stack for thread: 0x000000000241c800
RBP=0x0000000000000000 is an unknown value
RSI=0x00000000129c3354 is an unknown value
RDI=0x0000000000000001 is an unknown value
R8 =0xffffffffed63ccac is an unknown value
R9 =0x00000000129c3354 is an unknown value
R10=0x0000000061020000 is an unknown value
R11=0x00000000028eed50 is pointing into the stack for thread: 0x000000000241c800
R12=0x0000000000000000 is an unknown value
R13=0x000000077c5d08f8 is an oop
{method} 
 - klass: {other class}
R14=0x000000000fad2278 is an unknown value
R15=0x000000000d1e3528 is an unknown value


Stack: [0x00000000027f0000,0x00000000028f0000],  sp=0x00000000028eece8,  free space=1019k
Native frames: (J=compiled Java code, j=interpreted, Vv=VM code, C=native code)
C  [nvoglv64.DLL+0x83e850]

[error occurred during error reporting (printing native stack), id 0xc0000005]

Java frames: (J=compiled Java code, j=interpreted, Vv=VM code)
j  org.lwjgl.opengl.GL11.nglDrawArrays(IIIJ)V+0
j  org.lwjgl.opengl.GL11.glDrawArrays(III)V+20
j  main.VertexBuffer.draw()V+22
j  main.ForwardRenderer.drawToQuad(IIIZZ)V+62
j  main.ForwardRenderer.draw(Lmain/RenderTarget;Lmain/Camera;Ljava/util/List;Lmain/DirectionalLight;)V+94
j  main.ForwardRenderer.draw(Lmain/Camera;Ljava/util/List;Lmain/DirectionalLight;)V+8
j  main.World.draw()V+15
j  main.World.loopCycle()V+5
j  main.World.<init>()V+67
j  main.World.main([Ljava/lang/String;)V+3
v  ~StubRoutines::call_stub

---------------  P R O C E S S  ---------------

Java Threads: ( => current thread )
  0x000000000dfa3800 JavaThread "Service Thread" daemon [_thread_blocked, id=7296, stack(0x000000000e8e0000,0x000000000e9e0000)]
  0x000000000df92800 JavaThread "C2 CompilerThread1" daemon [_thread_blocked, id=7660, stack(0x000000000e9e0000,0x000000000eae0000)]
  0x000000000df7d800 JavaThread "C2 CompilerThread0" daemon [_thread_blocked, id=2396, stack(0x000000000e790000,0x000000000e890000)]
  0x000000000df7c800 JavaThread "Attach Listener" daemon [_thread_blocked, id=6940, stack(0x000000000e680000,0x000000000e780000)]
  0x000000000df7c000 JavaThread "Signal Dispatcher" daemon [_thread_blocked, id=5664, stack(0x000000000e4b0000,0x000000000e5b0000)]
  0x000000000c048800 JavaThread "Finalizer" daemon [_thread_blocked, id=2580, stack(0x000000000de30000,0x000000000df30000)]
  0x000000000c040800 JavaThread "Reference Handler" daemon [_thread_blocked, id=8176, stack(0x000000000dc80000,0x000000000dd80000)]
=>0x000000000241c800 JavaThread "main" [_thread_in_native, id=7872, stack(0x00000000027f0000,0x00000000028f0000)]

Other Threads:
  0x000000000c038000 VMThread [stack: 0x000000000db50000,0x000000000dc50000] [id=5012]
  0x000000000dfac800 WatcherThread [stack: 0x000000000ebe0000,0x000000000ece0000] [id=6228]

VM state:not at safepoint (normal execution)

VM Mutex/Monitor currently owned by a thread: None

Heap
 PSYoungGen      total 37824K, used 6245K [0x00000007d5c00000, 0x00000007d8630000, 0x0000000800000000)
  eden space 32448K, 19% used [0x00000007d5c00000,0x00000007d62197e0,0x00000007d7bb0000)
  from space 5376K, 0% used [0x00000007d80f0000,0x00000007d80f0000,0x00000007d8630000)
  to   space 5376K, 0% used [0x00000007d7bb0000,0x00000007d7bb0000,0x00000007d80f0000)
 ParOldGen       total 86528K, used 0K [0x0000000781400000, 0x0000000786880000, 0x00000007d5c00000)
  object space 86528K, 0% used [0x0000000781400000,0x0000000781400000,0x0000000786880000)
 PSPermGen       total 21248K, used 5182K [0x000000077c200000, 0x000000077d6c0000, 0x0000000781400000)
  object space 21248K, 24% used [0x000000077c200000,0x000000077c70f978,0x000000077d6c0000)

Card table byte_map: [0x00000000058f0000,0x0000000005d10000] byte_map_base: 0x0000000001d0f000

Polling page: 0x0000000000120000

Code Cache  [0x00000000028f0000, 0x0000000002b60000, 0x00000000058f0000)
 total_blobs=387 nmethods=55 adapters=284 free_code_cache=48611Kb largest_free_block=49754560

Compilation events (10 events):
Event: 3.061 Thread 0x000000000df92800 nmethod 50 0x000000000296f390 code [0x000000000296f4e0, 0x000000000296f6a8]
Event: 3.062 Thread 0x000000000df7d800 nmethod 51 0x000000000296ed90 code [0x000000000296eee0, 0x000000000296f128]
Event: 4.592 Thread 0x000000000df92800   52             de.matthiasmann.twl.utils.PNGDecoder::openChunk (66 bytes)
Event: 4.592 Thread 0x000000000df7d800   53             java.util.zip.CRC32::reset (6 bytes)
Event: 4.592 Thread 0x000000000df7d800 nmethod 53 0x000000000296ffd0 code [0x0000000002970100, 0x0000000002970158]
Event: 4.595 Thread 0x000000000df92800 nmethod 52 0x000000000296e650 code [0x000000000296e7c0, 0x000000000296ea68]
Event: 4.598 Thread 0x000000000df7d800   54             de.matthiasmann.twl.utils.PNGDecoder::closeChunk (81 bytes)
Event: 4.600 Thread 0x000000000df7d800 nmethod 54 0x0000000002971250 code [0x00000000029713c0, 0x0000000002971628]
Event: 4.619 Thread 0x000000000df92800   55             de.matthiasmann.twl.utils.PNGDecoder::openChunk (43 bytes)
Event: 4.622 Thread 0x000000000df92800 nmethod 55 0x00000000029709d0 code [0x0000000002970b40, 0x0000000002970e48]

GC Heap History (0 events):
No events

Deoptimization events (0 events):
No events

Internal exceptions (10 events):
Event: 0.905 Thread 0x000000000241c800 Threw 0x00000007d6044218 at C:\jdk7u2_64p\jdk7u10\hotspot\src\share\vm\prims\jvm.cpp:1166
Event: 0.932 Thread 0x000000000241c800 Threw 0x00000007d6047c08 at C:\jdk7u2_64p\jdk7u10\hotspot\src\share\vm\prims\jvm.cpp:1166
Event: 0.933 Thread 0x000000000241c800 Threw 0x00000007d60492c0 at C:\jdk7u2_64p\jdk7u10\hotspot\src\share\vm\prims\jvm.cpp:1166
Event: 4.810 Thread 0x000000000241c800 Threw 0x00000007d60c5068 at C:\jdk7u2_64p\jdk7u10\hotspot\src\share\vm\prims\jvm.cpp:1166
Event: 4.811 Thread 0x000000000241c800 Threw 0x00000007d60d1730 at C:\jdk7u2_64p\jdk7u10\hotspot\src\share\vm\prims\jvm.cpp:1166
Event: 4.812 Thread 0x000000000241c800 Threw 0x00000007d60d3458 at C:\jdk7u2_64p\jdk7u10\hotspot\src\share\vm\prims\jvm.cpp:1166
Event: 4.814 Thread 0x000000000241c800 Threw 0x00000007d60de2b8 at C:\jdk7u2_64p\jdk7u10\hotspot\src\share\vm\prims\jvm.cpp:1166
Event: 4.815 Thread 0x000000000241c800 Threw 0x00000007d60e6170 at C:\jdk7u2_64p\jdk7u10\hotspot\src\share\vm\prims\jvm.cpp:1166
Event: 4.816 Thread 0x000000000241c800 Threw 0x00000007d60f1e38 at C:\jdk7u2_64p\jdk7u10\hotspot\src\share\vm\prims\jvm.cpp:1166
Event: 4.817 Thread 0x000000000241c800 Threw 0x00000007d60f80e8 at C:\jdk7u2_64p\jdk7u10\hotspot\src\share\vm\prims\jvm.cpp:1166

Events (10 events):
Event: 4.813 loading class 0x00000000130198b0
Event: 4.813 loading class 0x00000000130198b0 done
Event: 4.814 loading class 0x0000000012f92e30
Event: 4.814 loading class 0x0000000012f92e30 done
Event: 4.815 loading class 0x0000000013018b30
Event: 4.815 loading class 0x0000000013018b30 done
Event: 4.816 loading class 0x000000000dfaed50
Event: 4.816 loading class 0x000000000dfaed50 done
Event: 4.817 loading class 0x0000000013019be0
Event: 4.817 loading class 0x0000000013019be0 done


Dynamic libraries:
0x000000013fd70000 - 0x000000013fda3000 	C:\Program Files\Java\jre7\bin\javaw.exe
0x00000000774e0000 - 0x0000000077689000 	C:\Windows\SYSTEM32\ntdll.dll
0x00000000773c0000 - 0x00000000774df000 	C:\Windows\system32\kernel32.dll
0x000007fefd630000 - 0x000007fefd69b000 	C:\Windows\system32\KERNELBASE.dll
0x000007fefedd0000 - 0x000007fefeeab000 	C:\Windows\system32\ADVAPI32.dll
0x000007fefe8f0000 - 0x000007fefe98f000 	C:\Windows\system32\msvcrt.dll
0x000007fefe8d0000 - 0x000007fefe8ef000 	C:\Windows\SYSTEM32\sechost.dll
0x000007fefd6e0000 - 0x000007fefd80d000 	C:\Windows\system32\RPCRT4.dll
0x00000000772c0000 - 0x00000000773ba000 	C:\Windows\system32\USER32.dll
0x000007fefd870000 - 0x000007fefd8d7000 	C:\Windows\system32\GDI32.dll
0x000007feff7e0000 - 0x000007feff7ee000 	C:\Windows\system32\LPK.dll
0x000007feff710000 - 0x000007feff7d9000 	C:\Windows\system32\USP10.dll
0x000007fefb740000 - 0x000007fefb934000 	C:\Windows\WinSxS\amd64_microsoft.windows.common-controls_6595b64144ccf1df_6.0.7601.17514_none_fa396087175ac9ac\COMCTL32.dll
0x000007fefe990000 - 0x000007fefea01000 	C:\Windows\system32\SHLWAPI.dll
0x000007fefeda0000 - 0x000007fefedce000 	C:\Windows\system32\IMM32.DLL
0x000007feff1a0000 - 0x000007feff2a9000 	C:\Windows\system32\MSCTF.dll
0x000007fefd250000 - 0x000007fefd290000 	C:\Windows\system32\nvinitx.dll
0x000000000f000000 - 0x000000000f006000 	C:\Program Files\NVIDIA Corporation\CoProcManager\_etoured.dll
0x000007fef9bd0000 - 0x000007fef9c24000 	C:\Program Files\NVIDIA Corporation\CoProcManager\nvd3d9wrapx.dll
0x000007feff4b0000 - 0x000007feff687000 	C:\Windows\system32\SETUPAPI.dll
0x000007fefd4d0000 - 0x000007fefd506000 	C:\Windows\system32\CFGMGR32.dll
0x000007fefea10000 - 0x000007fefeae7000 	C:\Windows\system32\OLEAUT32.dll
0x000007fefe6c0000 - 0x000007fefe8c3000 	C:\Windows\system32\ole32.dll
0x000007fefd4b0000 - 0x000007fefd4ca000 	C:\Windows\system32\DEVOBJ.dll
0x000007fef9b40000 - 0x000007fef9b83000 	C:\Program Files\NVIDIA Corporation\CoProcManager\nvdxgiwrapx.dll
0x0000000068200000 - 0x00000000682d1000 	C:\Program Files\Java\jre7\bin\msvcr100.dll
0x0000000067ae0000 - 0x00000000681ff000 	C:\Program Files\Java\jre7\bin\server\jvm.dll
0x000007fef6d90000 - 0x000007fef6d99000 	C:\Windows\system32\WSOCK32.dll
0x000007fefe670000 - 0x000007fefe6bd000 	C:\Windows\system32\WS2_32.dll
0x000007fefeeb0000 - 0x000007fefeeb8000 	C:\Windows\system32\NSI.dll
0x000007fefa280000 - 0x000007fefa2bb000 	C:\Windows\system32\WINMM.dll
0x00000000776a0000 - 0x00000000776a7000 	C:\Windows\system32\PSAPI.DLL
0x000000006faf0000 - 0x000000006faff000 	C:\Program Files\Java\jre7\bin\verify.dll
0x000000006ef70000 - 0x000000006ef98000 	C:\Program Files\Java\jre7\bin\java.dll
0x0000000067ac0000 - 0x0000000067ad5000 	C:\Program Files\Java\jre7\bin\zip.dll
0x0000000180000000 - 0x0000000180051000 	C:\Users\Hanno\Downloads\lwjgl-2.9.1\lwjgl-2.9.1\native\windows\lwjgl64.dll
0x000007fef37d0000 - 0x000007fef38ed000 	C:\Windows\system32\OPENGL32.dll
0x000007fef9780000 - 0x000007fef97ad000 	C:\Windows\system32\GLU32.dll
0x000007fef1cb0000 - 0x000007fef1da1000 	C:\Windows\system32\DDRAW.dll
0x000007fef5590000 - 0x000007fef5598000 	C:\Windows\system32\DCIMAN32.dll
0x000007fef9c30000 - 0x000007fef9c48000 	C:\Windows\system32\dwmapi.dll
0x000007fefc300000 - 0x000007fefc30c000 	C:\Windows\system32\VERSION.dll
0x000007fefa1f0000 - 0x000007fefa246000 	C:\Windows\system32\uxtheme.dll
0x000007fefd530000 - 0x000007fefd56a000 	C:\Windows\system32\WINTRUST.dll
0x000007fefd340000 - 0x000007fefd4ac000 	C:\Windows\system32\CRYPT32.dll
0x000007fefd330000 - 0x000007fefd33f000 	C:\Windows\system32\MSASN1.dll
0x0000000061020000 - 0x0000000062971000 	C:\Windows\system32\nvoglv64.DLL
0x000007fefd8e0000 - 0x000007fefe668000 	C:\Windows\system32\SHELL32.dll
0x000007fefbd60000 - 0x000007fefbd8d000 	C:\Windows\system32\ntmarta.dll
0x000007fefd810000 - 0x000007fefd862000 	C:\Windows\system32\WLDAP32.dll
0x0000000010000000 - 0x000000001000a000 	C:\Program Files (x86)\Lenovo\Energy Management\BatteryTestDLL.dll
0x0000000073fb0000 - 0x0000000074079000 	C:\Windows\WinSxS\amd64_microsoft.vc80.crt_1fc8b3b9a1e18e3b_8.0.50727.4940_none_88df89932faf0bf6\MSVCR80.dll
0x000007fefd180000 - 0x000007fefd18f000 	C:\Windows\system32\CRYPTBASE.dll
0x000007fef86e0000 - 0x000007fef877c000 	C:\Windows\system32\mscms.dll
0x000007fefc590000 - 0x000007fefc5ae000 	C:\Windows\system32\USERENV.dll
0x000007fefd290000 - 0x000007fefd29f000 	C:\Windows\system32\profapi.dll
0x000007fef51a0000 - 0x000007fef51e2000 	C:\Windows\system32\icm32.dll
0x000007feecbd0000 - 0x000007feed81f000 	C:\Windows\system32\igd10umd64.dll
0x000007fef57c0000 - 0x000007fef58e5000 	C:\Windows\system32\dbghelp.dll

VM Arguments:
jvm_args: -Djava.library.path=C:\Users\Hanno\Downloads\lwjgl-2.9.1\lwjgl-2.9.1\native\windows -Dfile.encoding=Cp1252 
java_command: main.World
Launcher Type: SUN_STANDARD

Environment Variables:
JAVA_HOME=C:\Program Files\Java\jdk1.7.0_10
JRE_HOME=C:\Program Files\Java\jdk1.7.0_10\jre
PATH=C:\Python27\Lib\site-packages\PyQt4;C:\Program Files (x86)\NVIDIA Corporation\PhysX\Common;C:\Windows\system32;C:\Windows;C:\Windows\System32\Wbem;C:\Windows\System32\WindowsPowerShell\v1.0\;C:\Program Files\Microsoft\Web Platform Installer\;C:\Program Files (x86)\Microsoft ASP.NET\ASP.NET Web Pages\v1.0\;C:\Program Files (x86)\Windows Kits\8.0\Windows Performance Toolkit\;C:\Program Files\Microsoft SQL Server\110\Tools\Binn\;c:\Program Files (x86)\Microsoft SQL Server\100\Tools\Binn\;c:\Program Files\Microsoft SQL Server\100\Tools\Binn\;c:\Program Files\Microsoft SQL Server\100\DTS\Binn\;C:\Python27;C:\Python27\DLLs;C:\Python27\Scripts;C:\Python27\Lib\site-packages\vtk;C:\Python27\gnuplot\binary;C:\Program Files (x86)\pythonxy\SciTE-3.2.2-1;C:\Program Files (x86)\pythonxy\console;C:\MinGW32-xy\bin;C:\Program Files\OpenVPN\bin;C:\Program Files (x86)\Common Files\Adobe\AGL;C:\D\dmd2\windows\bin;C:\D\dmd\windows\bin;C:\D\dm\bin;C:\Program Files\TortoiseSVN\bin;C:\android-adb;C:\play-2.2.0;C:\Program Files\Java\jdk1.7.0_10\bin;C:\Program Files (x86)\Heroku\bin;C:\Program Files (x86)\git\cmd;C:\Program Files\apache-maven-3.0.5\bin;C:\HashiCorp\Vagrant\bin;C:\gradle-1.8\bin;
USERNAME=Hanno
OS=Windows_NT
PROCESSOR_IDENTIFIER=Intel64 Family 6 Model 42 Stepping 7, GenuineIntel



---------------  S Y S T E M  ---------------

OS: Windows 7 , 64 bit Build 7601 Service Pack 1

CPU:total 8 (4 cores per cpu, 2 threads per core) family 6 model 42 stepping 7, cmov, cx8, fxsr, mmx, sse, sse2, sse3, ssse3, sse4.1, sse4.2, popcnt, avx, ht, tsc, tscinvbit

Memory: 4k page, physical 8300700k(4780420k free), swap 16599536k(11848044k free)

vm_info: Java HotSpot(TM) 64-Bit Server VM (23.4-b01) for windows-amd64 JRE (1.7.0_10-ea-b06), built on Sep  5 2012 02:46:41 by "java_re" with unknown MS VC++:1600

time: Sat Feb 01 04:17:30 2014
elapsed time: 5 seconds

