#
# A fatal error has been detected by the Java Runtime Environment:
#
#  EXCEPTION_ACCESS_VIOLATION (0xc0000005) at pc=0x0000000052af7325, pid=7768, tid=3160
#
# JRE version: Java(TM) SE Runtime Environment (8.0-b132) (build 1.8.0-b132)
# Java VM: Java HotSpot(TM) 64-Bit Server VM (25.0-b70 mixed mode windows-amd64 compressed oops)
# Problematic frame:
# V  [jvm.dll+0x117325]
#
# Failed to write core dump. Minidumps are not enabled by default on client versions of Windows
#
# If you would like to submit a bug report, please visit:
#   http://bugreport.sun.com/bugreport/crash.jsp
#

---------------  T H R E A D  ---------------

Current thread (0x00000000098f3000):  JavaThread "JDWP Transport Listener: dt_socket" daemon [_thread_in_vm, id=3160, stack(0x000000000b070000,0x000000000b170000)]

siginfo: ExceptionCode=0xc0000005, reading address 0xffffffffffffffff

Registers:
RAX=0x000000000b16f501, RBX=0x00000000098f3000, RCX=0x9d00050001002501, RDX=0x0000000000000000
RSP=0x000000000b16f500, RBP=0x9d00050001002501, RSI=0x000000000b16f618, RDI=0x00000000001ca9f0
R8 =0x00000000098f3000, R9 =0x0000000000000700, R10=0x0000000000000000, R11=0x00000ef70019000b
R12=0x0000000000000000, R13=0x00000000098f38c8, R14=0x0000000000000000, R15=0x0000000000000000
RIP=0x0000000052af7325, EFLAGS=0x0000000000010282

Top of Stack: (sp=0x000000000b16f500)
0x000000000b16f500:   00000000098f3000 000000002a7ec2b0
0x000000000b16f510:   000000000b16f5c8 0000000052cea06b
0x000000000b16f520:   00000000098f3000 0000000052d068cd
0x000000000b16f530:   0000000000000000 00000000716c9149
0x000000000b16f540:   000000000db33658 00000000716d2912
0x000000000b16f550:   00000000098f3000 0000000000000000
0x000000000b16f560:   0000000000000000 0000000000000000
0x000000000b16f570:   9d00050001002501 00000000716d1a09
0x000000000b16f580:   000000000b16f618 000000000b16f5f0
0x000000000b16f590:   0000000000000001 000000000db33658
0x000000000b16f5a0:   9d00050001002501 00000000716b53b3
0x000000000b16f5b0:   000000000b16f6e0 0000000000000001
0x000000000b16f5c0:   0000000000000001 000000000db33658
0x000000000b16f5d0:   0000000000000001 0000000000000000
0x000000000b16f5e0:   0000000000000000 0000000000000000
0x000000000b16f5f0:   0000000000000001 00000000716b5571 

Instructions: (pc=0x0000000052af7325)
0x0000000052af7305:   cc cc cc cc cc cc cc cc cc cc cc 48 83 ec 28 48
0x0000000052af7315:   85 c9 75 07 33 c0 48 83 c4 28 c3 48 89 5c 24 20
0x0000000052af7325:   48 8b 19 48 85 db 74 20 48 83 fb 37 74 1a 48 8b
0x0000000052af7335:   13 48 8b cb ff 52 08 84 c0 74 0d 48 8b c3 48 8b 


Register to memory mapping:

RAX=0x000000000b16f501 is pointing into the stack for thread: 0x00000000098f3000
RBX=0x00000000098f3000 is a thread
RCX=0x9d00050001002501 is an unknown value
RDX=0x0000000000000000 is an unknown value
RSP=0x000000000b16f500 is pointing into the stack for thread: 0x00000000098f3000
RBP=0x9d00050001002501 is an unknown value
RSI=0x000000000b16f618 is pointing into the stack for thread: 0x00000000098f3000
RDI=0x00000000001ca9f0 is an unknown value
R8 =0x00000000098f3000 is a thread
R9 =0x0000000000000700 is an unknown value
R10=0x0000000000000000 is an unknown value
R11=0x00000ef70019000b is an unknown value
R12=0x0000000000000000 is an unknown value
R13=0x00000000098f38c8 is an unknown value
R14=0x0000000000000000 is an unknown value
R15=0x0000000000000000 is an unknown value


Stack: [0x000000000b070000,0x000000000b170000],  sp=0x000000000b16f500,  free space=1021k
Native frames: (J=compiled Java code, j=interpreted, Vv=VM code, C=native code)
V  [jvm.dll+0x117325]
V  [jvm.dll+0x3268cd]
C  [jdwp.dll+0x21a09]
C  [jdwp.dll+0x53b3]
C  [jdwp.dll+0x5571]
C  [jdwp.dll+0xf09c]
C  [jdwp.dll+0x1f2c9]
C  [jdwp.dll+0x1f49e]
V  [jvm.dll+0x1a7148]
V  [jvm.dll+0x2232e4]
V  [jvm.dll+0x27baea]
C  [msvcr100.dll+0x21d9f]
C  [msvcr100.dll+0x21e3b]
C  [kernel32.dll+0x159cd]
C  [ntdll.dll+0x2b981]


---------------  P R O C E S S  ---------------

Java Threads: ( => current thread )
  0x000000000ca72000 JavaThread "pool-7-thread-1" [_thread_blocked, id=748, stack(0x0000000026510000,0x0000000026610000)]
  0x000000000c7ec800 JavaThread "pool-6-thread-4" [_thread_blocked, id=6384, stack(0x0000000023590000,0x0000000023690000)]
  0x000000000c7ec000 JavaThread "pool-6-thread-3" [_thread_blocked, id=1600, stack(0x0000000026e30000,0x0000000026f30000)]
  0x000000000c7eb000 JavaThread "pool-6-thread-2" [_thread_blocked, id=4616, stack(0x0000000026ca0000,0x0000000026da0000)]
  0x000000000c7ea000 JavaThread "pool-6-thread-1" [_thread_blocked, id=7440, stack(0x0000000025c50000,0x0000000025d50000)]
  0x000000000c7e9800 JavaThread "Swing-Shell" daemon [_thread_blocked, id=6604, stack(0x000000002b290000,0x000000002b390000)]
  0x000000000c7e8000 JavaThread "TimerQueue" daemon [_thread_blocked, id=1212, stack(0x0000000026070000,0x0000000026170000)]
  0x000000000c7e7000 JavaThread "AWT-EventQueue-0" [_thread_blocked, id=6504, stack(0x00000000224d0000,0x00000000225d0000)]
  0x000000000c7e6800 JavaThread "AWT-Shutdown" [_thread_blocked, id=668, stack(0x0000000023860000,0x0000000023960000)]
  0x00000000099a6800 JavaThread "AWT-Windows" daemon [_thread_in_native, id=6032, stack(0x0000000025190000,0x0000000025290000)]
  0x00000000099a5000 JavaThread "Java2D Disposer" daemon [_thread_blocked, id=7628, stack(0x0000000022930000,0x0000000022a30000)]
  0x000000000bd9a000 JavaThread "ForkJoinPool-2-worker-9" daemon [_thread_blocked, id=2604, stack(0x0000000022630000,0x0000000022730000)]
  0x000000000cb11000 JavaThread "Thread-4" daemon [_thread_in_native, id=6728, stack(0x00000000239e0000,0x0000000023ae0000)]
  0x000000000d888800 JavaThread "Renderer" daemon [_thread_in_native, id=3152, stack(0x000000000ee00000,0x000000000ef00000)]
  0x000000000d8b4800 JavaThread "engine.World.main()" [_thread_blocked, id=2896, stack(0x000000000ece0000,0x000000000ede0000)]
  0x000000000997b000 JavaThread "Service Thread" daemon [_thread_blocked, id=6176, stack(0x000000000bb10000,0x000000000bc10000)]
  0x0000000009919800 JavaThread "C1 CompilerThread3" daemon [_thread_blocked, id=5888, stack(0x000000000b320000,0x000000000b420000)]
  0x000000000990e800 JavaThread "C2 CompilerThread2" daemon [_thread_blocked, id=7112, stack(0x000000000b8d0000,0x000000000b9d0000)]
  0x000000000990d800 JavaThread "C2 CompilerThread1" daemon [_thread_blocked, id=2224, stack(0x000000000b700000,0x000000000b800000)]
  0x0000000009917000 JavaThread "C2 CompilerThread0" daemon [_thread_blocked, id=6972, stack(0x000000000b560000,0x000000000b660000)]
  0x00000000098fd800 JavaThread "JDWP Command Reader" daemon [_thread_in_native, id=7564, stack(0x000000000b430000,0x000000000b530000)]
  0x00000000098fc800 JavaThread "JDWP Event Helper Thread" daemon [_thread_blocked, id=5188, stack(0x000000000b210000,0x000000000b310000)]
=>0x00000000098f3000 JavaThread "JDWP Transport Listener: dt_socket" daemon [_thread_in_vm, id=3160, stack(0x000000000b070000,0x000000000b170000)]
  0x00000000098e6800 JavaThread "Attach Listener" daemon [_thread_blocked, id=2600, stack(0x000000000af50000,0x000000000b050000)]
  0x00000000098e5000 JavaThread "Signal Dispatcher" daemon [_thread_blocked, id=6148, stack(0x000000000ae20000,0x000000000af20000)]
  0x000000000882a000 JavaThread "Finalizer" daemon [_thread_blocked, id=3328, stack(0x000000000acb0000,0x000000000adb0000)]
  0x0000000008821800 JavaThread "Reference Handler" daemon [_thread_blocked, id=1588, stack(0x000000000aaf0000,0x000000000abf0000)]
  0x00000000001cf800 JavaThread "main" [_thread_blocked, id=6172, stack(0x00000000024f0000,0x00000000025f0000)]

Other Threads:
  0x000000000226c000 VMThread [stack: 0x000000000a9d0000,0x000000000aad0000] [id=8172]
  0x000000000991b800 WatcherThread [stack: 0x000000000bc20000,0x000000000bd20000] [id=5636]

VM state:not at safepoint (normal execution)

VM Mutex/Monitor currently owned by a thread: None

Heap:
 PSYoungGen      total 180224K, used 158538K [0x00000000d5c00000, 0x00000000e0d80000, 0x0000000100000000)
  eden space 179712K, 88% used [0x00000000d5c00000,0x00000000df6d2878,0x00000000e0b80000)
  from space 512K, 0% used [0x00000000e0d00000,0x00000000e0d00000,0x00000000e0d80000)
  to   space 1024K, 0% used [0x00000000e0b80000,0x00000000e0b80000,0x00000000e0c80000)
 ParOldGen       total 156160K, used 139051K [0x0000000081400000, 0x000000008ac80000, 0x00000000d5c00000)
  object space 156160K, 89% used [0x0000000081400000,0x0000000089bcac88,0x000000008ac80000)
 Metaspace       used 48400K, capacity 49676K, committed 49892K, reserved 1091584K
  class space    used 6424K, capacity 6773K, committed 6884K, reserved 1048576K

Card table byte_map: [0x00000000029b0000,0x0000000002db0000] byte_map_base: 0x00000000025a6000

Marking Bits: (ParMarkBitMap*) 0x00000000531913b0
 Begin Bits: [0x0000000003ae0000, 0x0000000005a90000)
 End Bits:   [0x0000000005a90000, 0x0000000007a40000)

Polling page: 0x0000000000120000

CodeCache: size=245760Kb used=26680Kb max_used=27620Kb free=219080Kb
 bounds [0x000000000f010000, 0x0000000010b40000, 0x000000001e010000]
 total_blobs=8561 nmethods=7710 adapters=769
 compilation: enabled

Compilation events (10 events):
Event: 146.487 Thread 0x0000000009917000 9511       4       org.jfree.data.Range::combine (48 bytes)
Event: 146.488 Thread 0x0000000009917000 nmethod 9511 0x000000000fc5b390 code [0x000000000fc5b4c0, 0x000000000fc5b518]
Event: 146.491 Thread 0x000000000990e800 nmethod 9510 0x000000000f3e99d0 code [0x000000000f3e9b20, 0x000000000f3e9d78]
Event: 146.603 Thread 0x0000000009917000 9512       4       org.jfree.chart.renderer.RendererUtilities::findLiveItemsLowerBound (366 bytes)
Event: 146.612 Thread 0x000000000990e800 9513       4       org.jfree.chart.renderer.RendererUtilities::findLiveItemsUpperBound (367 bytes)
Event: 146.612 Thread 0x0000000009917000 nmethod 9512 0x000000000f9d1b90 code [0x000000000f9d1d20, 0x000000000f9d21a8]
Event: 146.621 Thread 0x000000000990e800 nmethod 9513 0x000000000f92a8d0 code [0x000000000f92aa60, 0x000000000f92ae88]
Event: 146.657 Thread 0x000000000990d800 nmethod 9509 0x0000000010788d50 code [0x0000000010789120, 0x000000001078da80]
Event: 146.794 Thread 0x0000000009917000 9514       4       sun.java2d.SunGraphics2D::transform (13 bytes)
Event: 146.803 Thread 0x0000000009917000 nmethod 9514 0x000000000f331dd0 code [0x000000000f331fa0, 0x000000000f332468]

GC Heap History (10 events):
Event: 143.791 GC heap before
{Heap before GC invocations=529 (full 243):
 PSYoungGen      total 180224K, used 994K [0x00000000d5c00000, 0x00000000e0e80000, 0x0000000100000000)
  eden space 179200K, 0% used [0x00000000d5c00000,0x00000000d5c00000,0x00000000e0b00000)
  from space 1024K, 97% used [0x00000000e0c80000,0x00000000e0d78ab0,0x00000000e0d80000)
  to   space 1536K, 0% used [0x00000000e0b00000,0x00000000e0b00000,0x00000000e0c80000)
 ParOldGen       total 156160K, used 139451K [0x0000000081400000, 0x000000008ac80000, 0x00000000d5c00000)
  object space 156160K, 89% used [0x0000000081400000,0x0000000089c2ee40,0x000000008ac80000)
 Metaspace       used 48392K, capacity 49676K, committed 49892K, reserved 1091584K
  class space    used 6424K, capacity 6773K, committed 6884K, reserved 1048576K
Event: 143.920 GC heap after
Heap after GC invocations=529 (full 243):
 PSYoungGen      total 180224K, used 0K [0x00000000d5c00000, 0x00000000e0e80000, 0x0000000100000000)
  eden space 179200K, 0% used [0x00000000d5c00000,0x00000000d5c00000,0x00000000e0b00000)
  from space 1024K, 0% used [0x00000000e0c80000,0x00000000e0c80000,0x00000000e0d80000)
  to   space 1536K, 0% used [0x00000000e0b00000,0x00000000e0b00000,0x00000000e0c80000)
 ParOldGen       total 156160K, used 140194K [0x0000000081400000, 0x000000008ac80000, 0x00000000d5c00000)
  object space 156160K, 89% used [0x0000000081400000,0x0000000089ce8840,0x000000008ac80000)
 Metaspace       used 48392K, capacity 49676K, committed 49892K, reserved 1091584K
  class space    used 6424K, capacity 6773K, committed 6884K, reserved 1048576K
}
Event: 143.920 GC heap before
{Heap before GC invocations=530 (full 243):
 PSYoungGen      total 180224K, used 3171K [0x00000000d5c00000, 0x00000000e0e80000, 0x0000000100000000)
  eden space 179200K, 1% used [0x00000000d5c00000,0x00000000d5f18ed8,0x00000000e0b00000)
  from space 1024K, 0% used [0x00000000e0c80000,0x00000000e0c80000,0x00000000e0d80000)
  to   space 1536K, 0% used [0x00000000e0b00000,0x00000000e0b00000,0x00000000e0c80000)
 ParOldGen       total 156160K, used 140194K [0x0000000081400000, 0x000000008ac80000, 0x00000000d5c00000)
  object space 156160K, 89% used [0x0000000081400000,0x0000000089ce8840,0x000000008ac80000)
 Metaspace       used 48392K, capacity 49676K, committed 49892K, reserved 1091584K
  class space    used 6424K, capacity 6773K, committed 6884K, reserved 1048576K
Event: 143.922 GC heap after
Heap after GC invocations=530 (full 243):
 PSYoungGen      total 180736K, used 128K [0x00000000d5c00000, 0x00000000e0e80000, 0x0000000100000000)
  eden space 179200K, 0% used [0x00000000d5c00000,0x00000000d5c00000,0x00000000e0b00000)
  from space 1536K, 8% used [0x00000000e0b00000,0x00000000e0b20000,0x00000000e0c80000)
  to   space 1536K, 0% used [0x00000000e0d00000,0x00000000e0d00000,0x00000000e0e80000)
 ParOldGen       total 156160K, used 140194K [0x0000000081400000, 0x000000008ac80000, 0x00000000d5c00000)
  object space 156160K, 89% used [0x0000000081400000,0x0000000089ce8840,0x000000008ac80000)
 Metaspace       used 48392K, capacity 49676K, committed 49892K, reserved 1091584K
  class space    used 6424K, capacity 6773K, committed 6884K, reserved 1048576K
}
Event: 143.922 GC heap before
{Heap before GC invocations=531 (full 244):
 PSYoungGen      total 180736K, used 128K [0x00000000d5c00000, 0x00000000e0e80000, 0x0000000100000000)
  eden space 179200K, 0% used [0x00000000d5c00000,0x00000000d5c00000,0x00000000e0b00000)
  from space 1536K, 8% used [0x00000000e0b00000,0x00000000e0b20000,0x00000000e0c80000)
  to   space 1536K, 0% used [0x00000000e0d00000,0x00000000e0d00000,0x00000000e0e80000)
 ParOldGen       total 156160K, used 140194K [0x0000000081400000, 0x000000008ac80000, 0x00000000d5c00000)
  object space 156160K, 89% used [0x0000000081400000,0x0000000089ce8840,0x000000008ac80000)
 Metaspace       used 48392K, capacity 49676K, committed 49892K, reserved 1091584K
  class space    used 6424K, capacity 6773K, committed 6884K, reserved 1048576K
Event: 144.045 GC heap after
Heap after GC invocations=531 (full 244):
 PSYoungGen      total 180736K, used 0K [0x00000000d5c00000, 0x00000000e0e80000, 0x0000000100000000)
  eden space 179200K, 0% used [0x00000000d5c00000,0x00000000d5c00000,0x00000000e0b00000)
  from space 1536K, 0% used [0x00000000e0b00000,0x00000000e0b00000,0x00000000e0c80000)
  to   space 1536K, 0% used [0x00000000e0d00000,0x00000000e0d00000,0x00000000e0e80000)
 ParOldGen       total 156160K, used 139081K [0x0000000081400000, 0x000000008ac80000, 0x00000000d5c00000)
  object space 156160K, 89% used [0x0000000081400000,0x0000000089bd2468,0x000000008ac80000)
 Metaspace       used 48392K, capacity 49676K, committed 49892K, reserved 1091584K
  class space    used 6424K, capacity 6773K, committed 6884K, reserved 1048576K
}
Event: 144.046 GC heap before
{Heap before GC invocations=532 (full 244):
 PSYoungGen      total 180736K, used 3331K [0x00000000d5c00000, 0x00000000e0e80000, 0x0000000100000000)
  eden space 179200K, 1% used [0x00000000d5c00000,0x00000000d5f40d20,0x00000000e0b00000)
  from space 1536K, 0% used [0x00000000e0b00000,0x00000000e0b00000,0x00000000e0c80000)
  to   space 1536K, 0% used [0x00000000e0d00000,0x00000000e0d00000,0x00000000e0e80000)
 ParOldGen       total 156160K, used 139081K [0x0000000081400000, 0x000000008ac80000, 0x00000000d5c00000)
  object space 156160K, 89% used [0x0000000081400000,0x0000000089bd2468,0x000000008ac80000)
 Metaspace       used 48392K, capacity 49676K, committed 49892K, reserved 1091584K
  class space    used 6424K, capacity 6773K, committed 6884K, reserved 1048576K
Event: 144.048 GC heap after
Heap after GC invocations=532 (full 244):
 PSYoungGen      total 180224K, used 128K [0x00000000d5c00000, 0x00000000e0d80000, 0x0000000100000000)
  eden space 179712K, 0% used [0x00000000d5c00000,0x00000000d5c00000,0x00000000e0b80000)
  from space 512K, 25% used [0x00000000e0d00000,0x00000000e0d20000,0x00000000e0d80000)
  to   space 1024K, 0% used [0x00000000e0b80000,0x00000000e0b80000,0x00000000e0c80000)
 ParOldGen       total 156160K, used 139081K [0x0000000081400000, 0x000000008ac80000, 0x00000000d5c00000)
  object space 156160K, 89% used [0x0000000081400000,0x0000000089bd2468,0x000000008ac80000)
 Metaspace       used 48392K, capacity 49676K, committed 49892K, reserved 1091584K
  class space    used 6424K, capacity 6773K, committed 6884K, reserved 1048576K
}
Event: 144.048 GC heap before
{Heap before GC invocations=533 (full 245):
 PSYoungGen      total 180224K, used 128K [0x00000000d5c00000, 0x00000000e0d80000, 0x0000000100000000)
  eden space 179712K, 0% used [0x00000000d5c00000,0x00000000d5c00000,0x00000000e0b80000)
  from space 512K, 25% used [0x00000000e0d00000,0x00000000e0d20000,0x00000000e0d80000)
  to   space 1024K, 0% used [0x00000000e0b80000,0x00000000e0b80000,0x00000000e0c80000)
 ParOldGen       total 156160K, used 139081K [0x0000000081400000, 0x000000008ac80000, 0x00000000d5c00000)
  object space 156160K, 89% used [0x0000000081400000,0x0000000089bd2468,0x000000008ac80000)
 Metaspace       used 48392K, capacity 49676K, committed 49892K, reserved 1091584K
  class space    used 6424K, capacity 6773K, committed 6884K, reserved 1048576K
Event: 144.157 GC heap after
Heap after GC invocations=533 (full 245):
 PSYoungGen      total 180224K, used 0K [0x00000000d5c00000, 0x00000000e0d80000, 0x0000000100000000)
  eden space 179712K, 0% used [0x00000000d5c00000,0x00000000d5c00000,0x00000000e0b80000)
  from space 512K, 0% used [0x00000000e0d00000,0x00000000e0d00000,0x00000000e0d80000)
  to   space 1024K, 0% used [0x00000000e0b80000,0x00000000e0b80000,0x00000000e0c80000)
 ParOldGen       total 156160K, used 139051K [0x0000000081400000, 0x000000008ac80000, 0x00000000d5c00000)
  object space 156160K, 89% used [0x0000000081400000,0x0000000089bcac88,0x000000008ac80000)
 Metaspace       used 48392K, capacity 49676K, committed 49892K, reserved 1091584K
  class space    used 6424K, capacity 6773K, committed 6884K, reserved 1048576K
}

Deoptimization events (10 events):
Event: 122.112 Thread 0x000000000d888800 Uncommon trap: reason=range_check action=make_not_entrant pc=0x000000000f3ed4fc method=java.util.ArrayList.elementData(I)Ljava/lang/Object; @ 5
Event: 122.116 Thread 0x000000000d888800 Uncommon trap: reason=range_check action=make_not_entrant pc=0x0000000010b04f1c method=java.util.ArrayList.elementData(I)Ljava/lang/Object; @ 5
Event: 144.168 Thread 0x000000000c7e7000 Uncommon trap: reason=class_check action=maybe_recompile pc=0x000000000f59b448 method=engine.model.Entity.getComponent(Ljava/lang/Class;)Lcomponent/Component; @ 8
Event: 144.168 Thread 0x000000000d888800 Uncommon trap: reason=unreached action=reinterpret pc=0x00000000106585a0 method=org.lwjgl.opengl.FastIntMap.containsKey(I)Z @ 14
Event: 144.171 Thread 0x000000000c7e7000 Uncommon trap: reason=unreached action=reinterpret pc=0x0000000010a0cbe4 method=java.awt.EventQueue.eventToCacheIndex(Ljava/awt/AWTEvent;)I @ 71
Event: 144.172 Thread 0x000000000c7e7000 Uncommon trap: reason=unreached action=reinterpret pc=0x00000000102c2c4c method=java.awt.Component.getInputContext()Ljava/awt/im/InputContext; @ 6
Event: 146.689 Thread 0x000000000c7e7000 Uncommon trap: reason=class_check action=maybe_recompile pc=0x000000001078a428 method=org.jfree.chart.plot.XYPlot.getDataRange(Lorg/jfree/chart/axis/ValueAxis;)Lorg/jfree/data/Range; @ 268
Event: 146.689 Thread 0x000000000c7e7000 Uncommon trap: reason=class_check action=maybe_recompile pc=0x000000001078c25c method=org.jfree.chart.plot.XYPlot.getDataRange(Lorg/jfree/chart/axis/ValueAxis;)Lorg/jfree/data/Range; @ 303
Event: 146.689 Thread 0x000000000c7e7000 Uncommon trap: reason=class_check action=maybe_recompile pc=0x000000001078a428 method=org.jfree.chart.plot.XYPlot.getDataRange(Lorg/jfree/chart/axis/ValueAxis;)Lorg/jfree/data/Range; @ 268
Event: 146.689 Thread 0x000000000c7e7000 Uncommon trap: reason=class_check action=maybe_recompile pc=0x000000001078c25c method=org.jfree.chart.plot.XYPlot.getDataRange(Lorg/jfree/chart/axis/ValueAxis;)Lorg/jfree/data/Range; @ 303

Internal exceptions (10 events):
Event: 122.115 Thread 0x000000000d888800 Exception <a 'java/lang/ArrayIndexOutOfBoundsException'> (0x00000000d5e28390) thrown at [D:\re\workspace\8-2-build-windows-amd64-cygwin\jdk8\2238\hotspot\src\share\vm\runtime\sharedRuntime.cpp, line 595]
Event: 122.115 Thread 0x000000000d888800 Exception <a 'java/lang/ArrayIndexOutOfBoundsException'> (0x00000000d5e28608) thrown at [D:\re\workspace\8-2-build-windows-amd64-cygwin\jdk8\2238\hotspot\src\share\vm\runtime\sharedRuntime.cpp, line 595]
Event: 122.115 Thread 0x000000000d888800 Exception <a 'java/lang/ArrayIndexOutOfBoundsException'> (0x00000000d5e28880) thrown at [D:\re\workspace\8-2-build-windows-amd64-cygwin\jdk8\2238\hotspot\src\share\vm\runtime\sharedRuntime.cpp, line 595]
Event: 122.115 Thread 0x000000000d888800 Exception <a 'java/lang/ArrayIndexOutOfBoundsException'> (0x00000000d5e28af8) thrown at [D:\re\workspace\8-2-build-windows-amd64-cygwin\jdk8\2238\hotspot\src\share\vm\runtime\sharedRuntime.cpp, line 595]
Event: 122.115 Thread 0x000000000d888800 Exception <a 'java/lang/ArrayIndexOutOfBoundsException'> (0x00000000d5e28d70) thrown at [D:\re\workspace\8-2-build-windows-amd64-cygwin\jdk8\2238\hotspot\src\share\vm\runtime\sharedRuntime.cpp, line 595]
Event: 122.115 Thread 0x000000000d888800 Exception <a 'java/lang/ArrayIndexOutOfBoundsException'> (0x00000000d5e28fe8) thrown at [D:\re\workspace\8-2-build-windows-amd64-cygwin\jdk8\2238\hotspot\src\share\vm\runtime\sharedRuntime.cpp, line 595]
Event: 122.116 Thread 0x000000000d888800 Exception <a 'java/lang/ArrayIndexOutOfBoundsException': -2> (0x00000000d5e32d78) thrown at [D:\re\workspace\8-2-build-windows-amd64-cygwin\jdk8\2238\hotspot\src\share\vm\interpreter\interpreterRuntime.cpp, line 337]
Event: 144.168 Thread 0x000000000c7e7000 Exception <a 'java/lang/NullPointerException'> (0x00000000d615f650) thrown at [D:\re\workspace\8-2-build-windows-amd64-cygwin\jdk8\2238\hotspot\src\share\vm\interpreter\linkResolver.cpp, line 1169]
Event: 144.168 Thread 0x000000000c7e7000 Exception <a 'java/lang/NullPointerException'> (0x00000000d615f650) thrown at [D:\re\workspace\8-2-build-windows-amd64-cygwin\jdk8\2238\hotspot\src\share\vm\prims\jvm.cpp, line 1252]
Event: 144.168 Thread 0x000000000c7e7000 Exception <a 'java/lang/NullPointerException'> (0x00000000d615f650) thrown at [D:\re\workspace\8-2-build-windows-amd64-cygwin\jdk8\2238\hotspot\src\share\vm\prims\jvm.cpp, line 1252]

Events (10 events):
Event: 146.689 Thread 0x000000000c7e7000 DEOPT PACKING pc=0x000000001078c25c sp=0x00000000225cd8f0
Event: 146.689 Thread 0x000000000c7e7000 DEOPT UNPACKING pc=0x000000000f0555af sp=0x00000000225cd8d0 mode 2
Event: 146.689 Thread 0x000000000c7e7000 Uncommon trap: trap_request=0xffffffde fr.pc=0x000000001078a428
Event: 146.689 Thread 0x000000000c7e7000 DEOPT PACKING pc=0x000000001078a428 sp=0x00000000225cd860
Event: 146.689 Thread 0x000000000c7e7000 DEOPT UNPACKING pc=0x000000000f0555af sp=0x00000000225cd840 mode 2
Event: 146.689 Thread 0x000000000c7e7000 Uncommon trap: trap_request=0xffffffde fr.pc=0x000000001078c25c
Event: 146.689 Thread 0x000000000c7e7000 DEOPT PACKING pc=0x000000001078c25c sp=0x00000000225cd8f0
Event: 146.689 Thread 0x000000000c7e7000 DEOPT UNPACKING pc=0x000000000f0555af sp=0x00000000225cd8d0 mode 2
Event: 147.268 Executing VM operation: RedefineClasses
Event: 147.358 Executing VM operation: RedefineClasses done


Dynamic libraries:
0x000000013f750000 - 0x000000013f784000 	C:\Program Files\Java\jdk1.8.0\bin\java.exe
0x0000000077a40000 - 0x0000000077be9000 	C:\Windows\SYSTEM32\ntdll.dll
0x0000000077820000 - 0x000000007793f000 	C:\Windows\system32\kernel32.dll
0x000007fefdb40000 - 0x000007fefdbac000 	C:\Windows\system32\KERNELBASE.dll
0x000007feffab0000 - 0x000007feffb8b000 	C:\Windows\system32\ADVAPI32.dll
0x000007fefdd90000 - 0x000007fefde2f000 	C:\Windows\system32\msvcrt.dll
0x000007feff160000 - 0x000007feff17f000 	C:\Windows\SYSTEM32\sechost.dll
0x000007feffb90000 - 0x000007feffcbd000 	C:\Windows\system32\RPCRT4.dll
0x0000000077940000 - 0x0000000077a3a000 	C:\Windows\system32\USER32.dll
0x000007feff0f0000 - 0x000007feff157000 	C:\Windows\system32\GDI32.dll
0x000007fefde30000 - 0x000007fefde3e000 	C:\Windows\system32\LPK.dll
0x000007feff630000 - 0x000007feff6f9000 	C:\Windows\system32\USP10.dll
0x000007fefc1c0000 - 0x000007fefc3b4000 	C:\Windows\WinSxS\amd64_microsoft.windows.common-controls_6595b64144ccf1df_6.0.7601.18837_none_fa3b1e3d17594757\COMCTL32.dll
0x000007feffcc0000 - 0x000007feffd31000 	C:\Windows\system32\SHLWAPI.dll
0x000007fefdbd0000 - 0x000007fefdbfe000 	C:\Windows\system32\IMM32.DLL
0x000007feff840000 - 0x000007feff949000 	C:\Windows\system32\MSCTF.dll
0x000007fefd720000 - 0x000007fefd752000 	C:\Windows\system32\nvinitx.dll
0x000007fefd710000 - 0x000007fefd71c000 	C:\Windows\system32\VERSION.dll
0x000000000f000000 - 0x000000000f006000 	C:\Program Files\NVIDIA Corporation\CoProcManager\detoured.dll
0x000007fef9fd0000 - 0x000007fefa002000 	C:\Program Files\NVIDIA Corporation\CoProcManager\nvd3d9wrapx.dll
0x000007feff450000 - 0x000007feff627000 	C:\Windows\system32\SETUPAPI.dll
0x000007fefda50000 - 0x000007fefda86000 	C:\Windows\system32\CFGMGR32.dll
0x000007feff950000 - 0x000007feffa27000 	C:\Windows\system32\OLEAUT32.dll
0x000007fefe0f0000 - 0x000007fefe2f3000 	C:\Windows\system32\ole32.dll
0x000007fefd9c0000 - 0x000007fefd9da000 	C:\Windows\system32\DEVOBJ.dll
0x000007fef9f00000 - 0x000007fef9f22000 	C:\Program Files\NVIDIA Corporation\CoProcManager\nvdxgiwrapx.dll
0x0000000062fa0000 - 0x0000000063072000 	C:\Program Files\Java\jdk1.8.0\jre\bin\msvcr100.dll
0x00000000529e0000 - 0x000000005320a000 	C:\Program Files\Java\jdk1.8.0\jre\bin\server\jvm.dll
0x000007fef4fb0000 - 0x000007fef4fb9000 	C:\Windows\system32\WSOCK32.dll
0x000007fefe0a0000 - 0x000007fefe0ed000 	C:\Windows\system32\WS2_32.dll
0x000007feffd40000 - 0x000007feffd48000 	C:\Windows\system32\NSI.dll
0x000007fefb560000 - 0x000007fefb59b000 	C:\Windows\system32\WINMM.dll
0x0000000077c10000 - 0x0000000077c17000 	C:\Windows\system32\PSAPI.DLL
0x000000006b860000 - 0x000000006b86f000 	C:\Program Files\Java\jdk1.8.0\jre\bin\verify.dll
0x000000006b830000 - 0x000000006b858000 	C:\Program Files\Java\jdk1.8.0\jre\bin\java.dll
0x00000000716b0000 - 0x00000000716e5000 	C:\Program Files\Java\jdk1.8.0\jre\bin\jdwp.dll
0x0000000073b30000 - 0x0000000073b38000 	C:\Program Files\Java\jdk1.8.0\jre\bin\npt.dll
0x000000006b810000 - 0x000000006b826000 	C:\Program Files\Java\jdk1.8.0\jre\bin\zip.dll
0x000007fefe300000 - 0x000007feff089000 	C:\Windows\system32\SHELL32.dll
0x000007fefd800000 - 0x000007fefd80f000 	C:\Windows\system32\profapi.dll
0x0000000072e00000 - 0x0000000072e09000 	C:\Program Files\Java\jdk1.8.0\jre\bin\dt_socket.dll
0x000007fefcf40000 - 0x000007fefcf95000 	C:\Windows\system32\mswsock.dll
0x000007fefc940000 - 0x000007fefc947000 	C:\Windows\System32\wshtcpip.dll
0x000000006b7f0000 - 0x000000006b80a000 	C:\Program Files\Java\jdk1.8.0\jre\bin\net.dll
0x000007fefcf30000 - 0x000007fefcf37000 	C:\Windows\System32\wship6.dll
0x000000006b7d0000 - 0x000000006b7e1000 	C:\Program Files\Java\jdk1.8.0\jre\bin\nio.dll
0x000000006bc70000 - 0x000000006bc7d000 	C:\Program Files\Java\jdk1.8.0\jre\bin\management.dll
0x0000000180000000 - 0x0000000180051000 	C:\workspace - Kopie\HPEngine\libs\lwjgl-2.9.2\native\windows\lwjgl64.dll
0x000007fee9220000 - 0x000007fee933d000 	C:\Windows\system32\OPENGL32.dll
0x000007fefb140000 - 0x000007fefb16d000 	C:\Windows\system32\GLU32.dll
0x000007fef2760000 - 0x000007fef2851000 	C:\Windows\system32\DDRAW.dll
0x000007fefac30000 - 0x000007fefac38000 	C:\Windows\system32\DCIMAN32.dll
0x000007fefbcf0000 - 0x000007fefbd08000 	C:\Windows\system32\dwmapi.dll
0x000007fefbd60000 - 0x000007fefbdb6000 	C:\Windows\system32\uxtheme.dll
0x000007fefda00000 - 0x000007fefda3b000 	C:\Windows\system32\WINTRUST.dll
0x000007fefd850000 - 0x000007fefd9bd000 	C:\Windows\system32\CRYPT32.dll
0x000007fefd7f0000 - 0x000007fefd7ff000 	C:\Windows\system32\MSASN1.dll
0x0000000068f50000 - 0x000000006ae2b000 	C:\Windows\system32\nvoglv64.DLL
0x000007fefca00000 - 0x000007fefca11000 	C:\Windows\system32\WTSAPI32.dll
0x000007fefba50000 - 0x000007fefba7d000 	C:\Windows\system32\ntmarta.dll
0x000007feff090000 - 0x000007feff0e2000 	C:\Windows\system32\WLDAP32.dll
0x000007fefd610000 - 0x000007fefd64d000 	C:\Windows\system32\WINSTA.dll
0x00000000001b0000 - 0x00000000001ba000 	C:\Program Files (x86)\Lenovo\Energy Management\BatteryTestDLL.dll
0x0000000071920000 - 0x00000000719e9000 	C:\Windows\WinSxS\amd64_microsoft.vc80.crt_1fc8b3b9a1e18e3b_8.0.50727.4940_none_88df89932faf0bf6\MSVCR80.dll
0x000007fefd600000 - 0x000007fefd60f000 	C:\Windows\system32\CRYPTBASE.dll
0x000007fef9f30000 - 0x000007fef9fcc000 	C:\Windows\system32\mscms.dll
0x000007fefd9e0000 - 0x000007fefd9fe000 	C:\Windows\system32\USERENV.dll
0x000007fef3dc0000 - 0x000007fef3e02000 	C:\Windows\system32\icm32.dll
0x000007fef57e0000 - 0x000007fef642f000 	C:\Windows\system32\igd10umd64.dll
0x00000000620d0000 - 0x0000000062266000 	C:\Program Files\Java\jdk1.8.0\jre\bin\awt.dll
0x000007fefada0000 - 0x000007fefadc7000 	C:\Windows\system32\IPHLPAPI.DLL
0x000007fefad70000 - 0x000007fefad7b000 	C:\Windows\system32\WINNSI.DLL
0x000007fefaa10000 - 0x000007fefaa28000 	C:\Windows\system32\dhcpcsvc.DLL
0x000007fefa9f0000 - 0x000007fefaa01000 	C:\Windows\system32\dhcpcsvc6.DLL
0x0000000071670000 - 0x00000000716ac000 	C:\Program Files\Java\jdk1.8.0\jre\bin\lcms.dll
0x0000000062510000 - 0x0000000062557000 	C:\Program Files\Java\jdk1.8.0\jre\bin\fontmanager.dll
0x0000000062560000 - 0x00000000625a1000 	C:\Program Files\Java\jdk1.8.0\jre\bin\t2k.dll
0x000007fef9980000 - 0x000007fef9a20000 	C:\Windows\WinSxS\amd64_microsoft.windows.common-controls_6595b64144ccf1df_5.82.7601.18837_none_a4d981ff711297b6\comctl32.dll
0x000007feff700000 - 0x000007feff799000 	C:\Windows\system32\CLBCatQ.DLL
0x000007fefbf40000 - 0x000007fefc06c000 	C:\Windows\system32\propsys.dll
0x000007fefd5a0000 - 0x000007fefd5f7000 	C:\Windows\system32\apphelp.dll
0x000007fef48b0000 - 0x000007fef4a4c000 	C:\Windows\system32\NetworkExplorer.dll
0x000007fef94a0000 - 0x000007fef94d4000 	C:\Windows\System32\shdocvw.dll
0x000007fefb9e0000 - 0x000007fefb9eb000 	C:\Windows\system32\slc.dll
0x000007fef9390000 - 0x000007fef93a8000 	C:\Windows\system32\MPR.dll
0x000007fef0dd0000 - 0x000007fef0dda000 	C:\Windows\System32\drprov.dll
0x000007feeeb20000 - 0x000007feeeb42000 	C:\Windows\System32\ntlanman.dll
0x000007fef0500000 - 0x000007fef051d000 	C:\Windows\System32\davclnt.dll
0x000007feeeb10000 - 0x000007feeeb1a000 	C:\Windows\System32\DAVHLPR.dll
0x000007fefad80000 - 0x000007fefad95000 	C:\Windows\system32\wkscli.dll
0x000007fef8490000 - 0x000007fef849f000 	C:\Windows\system32\cscapi.dll
0x000007fefade0000 - 0x000007fefadec000 	C:\Windows\system32\netutils.dll
0x000007feded60000 - 0x000007fedefd1000 	C:\Windows\system32\wpdshext.dll
0x000007fefbac0000 - 0x000007fefbcd6000 	C:\Windows\WinSxS\amd64_microsoft.windows.gdiplus_6595b64144ccf1df_1.1.7601.18834_none_2b26557a71eb7442\gdiplus.dll
0x000007fef23d0000 - 0x000007fef248d000 	C:\Windows\system32\PortableDeviceApi.dll
0x000007fef5360000 - 0x000007fef5395000 	C:\Windows\system32\EhStorShell.dll
0x000007fef3d90000 - 0x000007fef3db7000 	C:\Windows\system32\EhStorAPI.dll
0x000007fefb250000 - 0x000007fefb3b1000 	C:\Windows\system32\WindowsCodecs.dll
0x00000000678d0000 - 0x00000000678e6000 	C:\Program Files\Common Files\TortoiseOverlays\TortoiseOverlays.dll
0x00000000678b0000 - 0x00000000678c0000 	C:\Program Files\TortoiseSVN\bin\TortoiseStub.dll
0x0000000067830000 - 0x00000000678a8000 	C:\Program Files\TortoiseSVN\bin\TortoiseSVN.dll
0x000007fefde40000 - 0x000007fefe09a000 	C:\Windows\system32\WININET.dll
0x000007fefd810000 - 0x000007fefd814000 	C:\Windows\system32\api-ms-win-downlevel-user32-l1-1-0.dll
0x0000000003360000 - 0x0000000003364000 	C:\Windows\system32\api-ms-win-downlevel-shlwapi-l1-1-0.dll
0x000007fefda40000 - 0x000007fefda44000 	C:\Windows\system32\api-ms-win-downlevel-version-l1-1-0.dll
0x000007fefd830000 - 0x000007fefd833000 	C:\Windows\system32\api-ms-win-downlevel-normaliz-l1-1-0.dll
0x0000000077c00000 - 0x0000000077c03000 	C:\Windows\system32\normaliz.DLL
0x000007feff180000 - 0x000007feff447000 	C:\Windows\system32\iertutil.dll
0x000007fefd840000 - 0x000007fefd845000 	C:\Windows\system32\api-ms-win-downlevel-advapi32-l1-1-0.dll
0x000007fef53a0000 - 0x000007fef577b000 	C:\Program Files\TortoiseSVN\bin\libsvn_tsvn.dll
0x0000000067800000 - 0x000000006782b000 	C:\Program Files\TortoiseSVN\bin\libapr_tsvn.dll
0x00000000677b0000 - 0x00000000677f1000 	C:\Program Files\TortoiseSVN\bin\libaprutil_tsvn.dll
0x000007fef9130000 - 0x000007fef9140000 	C:\Program Files\TortoiseSVN\bin\intl3_tsvn.dll
0x000007fef9110000 - 0x000007fef912a000 	C:\Program Files\TortoiseSVN\bin\libsasl.dll
0x000007fefd3a0000 - 0x000007fefd3ab000 	C:\Windows\system32\Secur32.dll
0x000007fefd570000 - 0x000007fefd595000 	C:\Windows\system32\SSPICLI.DLL
0x00000000702d0000 - 0x0000000070368000 	C:\Windows\system32\MSVCP100.dll
0x000007fef52a0000 - 0x000007fef5360000 	C:\Program Files (x86)\Google\Drive\googledrivesync64.dll
0x00000000676d0000 - 0x00000000677a3000 	C:\Windows\WinSxS\amd64_microsoft.vc90.crt_1fc8b3b9a1e18e3b_9.0.30729.6161_none_08e61857a83bc251\MSVCP90.dll
0x0000000067620000 - 0x00000000676c3000 	C:\Windows\WinSxS\amd64_microsoft.vc90.crt_1fc8b3b9a1e18e3b_9.0.30729.6161_none_08e61857a83bc251\MSVCR90.dll
0x00000000624e0000 - 0x000000006250a000 	C:\Program Files\Java\jdk1.8.0\jre\bin\dcpr.dll
0x0000000062360000 - 0x0000000062402000 	C:\Program Files\Java\jdk1.8.0\jre\bin\mlib_image.dll
0x000007fef85d0000 - 0x000007fef86f5000 	C:\Windows\system32\dbghelp.dll

VM Arguments:
jvm_args: -agentlib:jdwp=transport=dt_socket,address=127.0.0.1:8495,suspend=y,server=n -Djava.library.path=C:\workspace - Kopie\HPEngine\libs\lwjgl-2.9.2\native\windows -Dmaven.home=C:\Program Files\apache-maven-3.2.1 -Dclassworlds.conf=C:\Program Files\apache-maven-3.2.1\bin\m2.conf -Dfile.encoding=windows-1252 
java_command: org.codehaus.classworlds.Launcher -Didea.version=14.1.4 exec:java -Dexec.mainClass=engine.World
java_class_path (initial): C:\Program Files\apache-maven-3.2.1\boot\plexus-classworlds-2.5.1.jar;C:\Program Files (x86)\JetBrains\IntelliJ IDEA Community Edition 14.1.4\lib\idea_rt.jar
Launcher Type: SUN_STANDARD

Environment Variables:
JAVA_HOME=C:\Program Files\Java\jdk1.8.0
JRE_HOME=C:\Program Files\Java\jdk1.8.0\jre
PATH=C:\Program Files (x86)\NVIDIA Corporation\PhysX\Common;C:\ProgramData\Oracle\Java\javapath;C:\ggts\grails-2.3.8\bin;C:\activator-1.2.2;C:\Program Files\ImageMagick-6.8.9-Q16;C:\Python27\Lib\site-packages\PyQt4;C:\Windows\system32;C:\Windows;C:\Windows\System32\Wbem;C:\Windows\System32\WindowsPowerShell\v1.0\;C:\Program Files\Microsoft\Web Platform Installer\;C:\Program Files (x86)\Microsoft ASP.NET\ASP.NET Web Pages\v1.0\;C:\Program Files (x86)\Windows Kits\8.0\Windows Performance Toolkit\;C:\Program Files\Microsoft SQL Server\110\Tools\Binn\;c:\Program Files (x86)\Microsoft SQL Server\100\Tools\Binn\;c:\Program Files\Microsoft SQL Server\100\Tools\Binn\;c:\Program Files\Microsoft SQL Server\100\DTS\Binn\;C:\Python27;C:\Python27\DLLs;C:\Python27\Scripts;C:\Python27\Lib\site-packages\vtk;C:\Python27\gnuplot\binary;C:\Program Files (x86)\pythonxy\SciTE-3.2.2-1;C:\Program Files (x86)\pythonxy\console;C:\MinGW32-xy\bin;C:\Program Files\OpenVPN\bin;C:\Program Files (x86)\Common Files\Adobe\AGL;C:\D\dmd2\windows\bin;C:\D\dmd\windows\bin;C:\D\dm\bin;C:\Program Files\TortoiseSVN\bin;C:\android-adb;C:\play-2.2.0;C:\Program Files\Java\jdk1.8.0\bin;C:\Program Files (x86)\Heroku\bin;C:\Program Files (x86)\git\cmd;C:\Program Files\apache-maven-3.2.1\bin;C:\HashiCorp\Vagrant\bin;C:\gradle-1.8\bin;C:\Program Files\Common Files\Autodesk Shared\;C:\Program Files (x86)\Autodesk\Backburner\;C:\Program Files\SlikSvn\bin;
USERNAME=Hanno
OS=Windows_NT
PROCESSOR_IDENTIFIER=Intel64 Family 6 Model 42 Stepping 7, GenuineIntel



---------------  S Y S T E M  ---------------

OS: Windows 7 , 64 bit Build 7601 Service Pack 1

CPU:total 8 (4 cores per cpu, 2 threads per core) family 6 model 42 stepping 7, cmov, cx8, fxsr, mmx, sse, sse2, sse3, ssse3, sse4.1, sse4.2, popcnt, avx, aes, clmul, ht, tsc, tscinvbit

Memory: 4k page, physical 8300700k(4136088k free), swap 16599564k(10633288k free)

vm_info: Java HotSpot(TM) 64-Bit Server VM (25.0-b70) for windows-amd64 JRE (1.8.0-b132), built on Mar  4 2014 03:46:18 by "java_re" with MS VC++ 10.0 (VS2010)

time: Tue Jul 07 20:01:03 2015
elapsed time: 147 seconds

