#
# A fatal error has been detected by the Java Runtime Environment:
#
#  EXCEPTION_ACCESS_VIOLATION (0xc0000005) at pc=0x000000006516d76b, pid=4744, tid=5852
#
# JRE version: 7.0_10-b06
# Java VM: Java HotSpot(TM) 64-Bit Server VM (23.4-b01 mixed mode windows-amd64 compressed oops)
# Problematic frame:
# V  [jvm.dll+0x11d76b]
#
# Failed to write core dump. Minidumps are not enabled by default on client versions of Windows
#
# If you would like to submit a bug report, please visit:
#   http://bugreport.sun.com/bugreport/crash.jsp
#

---------------  T H R E A D  ---------------

Current thread (0x000000000e123800):  JavaThread "JDWP Transport Listener: dt_socket" daemon [_thread_in_vm, id=5852, stack(0x000000000eda0000,0x000000000eea0000)]

siginfo: ExceptionCode=0xc0000005, reading address 0xffffffffffffffff

Registers:
RAX=0x000000000ee9f401, RBX=0x000000000e123800, RCX=0x6e6f003b3e3b003b, RDX=0x000000000e123800
RSP=0x000000000ee9f450, RBP=0x6e6f003b3e3b003b, RSI=0x000000000ee9f568, RDI=0x00000000026067b0
R8 =0x000000000ee9f568, R9 =0x0000061403350105, R10=0x0000000000000000, R11=0x000000000e21bf3b
R12=0x0000000000000000, R13=0x0000000000000000, R14=0x0000000000000000, R15=0x0000000000000000
RIP=0x000000006516d76b, EFLAGS=0x0000000000010202

Top of Stack: (sp=0x000000000ee9f450)
0x000000000ee9f450:   000000000e123800 000000000e21b8d0
0x000000000ee9f460:   000000000ee9f518 00000000652f3ee9
0x000000000ee9f470:   000000000e123800 000000006530f8b2
0x000000000ee9f480:   0000000000000000 000000000e123800
0x000000000ee9f490:   000000000e162d30 00000000709b264e
0x000000000ee9f4a0:   000000000e123800 0000000000000000
0x000000000ee9f4b0:   0000000000000000 0000000000000000
0x000000000ee9f4c0:   6e6f003b3e3b003b 00000000709b1745
0x000000000ee9f4d0:   000000000ee9f568 000000000ee9f540
0x000000000ee9f4e0:   0000000000000001 000000000e162d30
0x000000000ee9f4f0:   6e6f003b3e3b003b 00000000709953b3
0x000000000ee9f500:   000000000ee9f630 0000000000000001
0x000000000ee9f510:   0000000000000001 000000000e162d30
0x000000000ee9f520:   000000000000000a 0000000000000000
0x000000000ee9f530:   0000000000000000 0000000000000000
0x000000000ee9f540:   0000000000000001 0000000070995571 

Instructions: (pc=0x000000006516d76b)
0x000000006516d74b:   48 8b 5c 24 30 48 89 47 18 48 83 c4 20 5f c3 cc
0x000000006516d75b:   cc cc cc cc cc 40 53 48 83 ec 20 48 85 c9 74 54
0x000000006516d76b:   48 8b 19 48 85 db 74 4c 48 b8 fe fe fe fe fe fe
0x000000006516d77b:   fe fe 48 3b d8 74 3d 80 3d 5f e5 58 00 00 74 15 


Register to memory mapping:

RAX=0x000000000ee9f401 is pointing into the stack for thread: 0x000000000e123800
RBX=0x000000000e123800 is a thread
RCX=0x6e6f003b3e3b003b is an unknown value
RDX=0x000000000e123800 is a thread
RSP=0x000000000ee9f450 is pointing into the stack for thread: 0x000000000e123800
RBP=0x6e6f003b3e3b003b is an unknown value
RSI=0x000000000ee9f568 is pointing into the stack for thread: 0x000000000e123800
RDI=0x00000000026067b0 is an unknown value
R8 =0x000000000ee9f568 is pointing into the stack for thread: 0x000000000e123800
R9 =0x0000061403350105 is an unknown value
R10=0x0000000000000000 is an unknown value
R11=0x000000000e21bf3b is an unknown value
R12=0x0000000000000000 is an unknown value
R13=0x0000000000000000 is an unknown value
R14=0x0000000000000000 is an unknown value
R15=0x0000000000000000 is an unknown value


Stack: [0x000000000eda0000,0x000000000eea0000],  sp=0x000000000ee9f450,  free space=1021k
Native frames: (J=compiled Java code, j=interpreted, Vv=VM code, C=native code)
V  [jvm.dll+0x11d76b]


---------------  P R O C E S S  ---------------

Java Threads: ( => current thread )
  0x000000000e145800 JavaThread "Service Thread" daemon [_thread_blocked, id=6156, stack(0x000000000f580000,0x000000000f680000)]
  0x000000000e145000 JavaThread "C2 CompilerThread1" daemon [_thread_blocked, id=6108, stack(0x000000000f680000,0x000000000f780000)]
  0x000000000e143800 JavaThread "C2 CompilerThread0" daemon [_thread_blocked, id=3304, stack(0x000000000f230000,0x000000000f330000)]
  0x000000000e13e800 JavaThread "JDWP Command Reader" daemon [_thread_in_native, id=4944, stack(0x000000000ea20000,0x000000000eb20000)]
  0x000000000e132000 JavaThread "JDWP Event Helper Thread" daemon [_thread_blocked, id=5232, stack(0x000000000f470000,0x000000000f570000)]
=>0x000000000e123800 JavaThread "JDWP Transport Listener: dt_socket" daemon [_thread_in_vm, id=5852, stack(0x000000000eda0000,0x000000000eea0000)]
  0x000000000e11d800 JavaThread "Attach Listener" daemon [_thread_blocked, id=6908, stack(0x000000000e650000,0x000000000e750000)]
  0x000000000e11c800 JavaThread "Signal Dispatcher" daemon [_thread_blocked, id=2024, stack(0x000000000e540000,0x000000000e640000)]
  0x000000000c28c000 JavaThread "Finalizer" daemon [_thread_blocked, id=7128, stack(0x000000000dfd0000,0x000000000e0d0000)]
  0x000000000c284000 JavaThread "Reference Handler" daemon [_thread_blocked, id=2456, stack(0x000000000dd60000,0x000000000de60000)]
  0x000000000259d800 JavaThread "main" [_thread_blocked, id=824, stack(0x0000000002780000,0x0000000002880000)]

Other Threads:
  0x000000000c279000 VMThread [stack: 0x000000000de80000,0x000000000df80000] [id=6288]
  0x000000000e161800 WatcherThread [stack: 0x000000000f890000,0x000000000f990000] [id=5760]

VM state:not at safepoint (normal execution)

VM Mutex/Monitor currently owned by a thread: None

Heap
 PSYoungGen      total 37824K, used 15423K [0x00000007d5c00000, 0x00000007d8630000, 0x0000000800000000)
  eden space 32448K, 42% used [0x00000007d5c00000,0x00000007d695fe78,0x00000007d7bb0000)
  from space 5376K, 32% used [0x00000007d80f0000,0x00000007d82a0020,0x00000007d8630000)
  to   space 5376K, 0% used [0x00000007d7bb0000,0x00000007d7bb0000,0x00000007d80f0000)
 ParOldGen       total 86528K, used 16K [0x0000000781400000, 0x0000000786880000, 0x00000007d5c00000)
  object space 86528K, 0% used [0x0000000781400000,0x0000000781404000,0x0000000786880000)
 PSPermGen       total 21248K, used 6444K [0x000000077c200000, 0x000000077d6c0000, 0x0000000781400000)
  object space 21248K, 30% used [0x000000077c200000,0x000000077c84b210,0x000000077d6c0000)

Card table byte_map: [0x0000000005880000,0x0000000005ca0000] byte_map_base: 0x0000000001c9f000

Polling page: 0x00000000001c0000

Code Cache  [0x0000000002880000, 0x0000000002af0000, 0x0000000005880000)
 total_blobs=531 nmethods=165 adapters=325 free_code_cache=48311Kb largest_free_block=49446912

Compilation events (10 events):
Event: 20.214 Thread 0x000000000e145000 nmethod 159 0x0000000002947f50 code [0x00000000029480a0, 0x00000000029481f8]
Event: 20.214 Thread 0x000000000e145000  160             java.lang.Character::getType (9 bytes)
Event: 20.215 Thread 0x000000000e145000 nmethod 160 0x000000000294c550 code [0x000000000294c6a0, 0x000000000294c7b8]
Event: 20.215 Thread 0x000000000e145000  161             java.util.Formatter$Conversion::isText (32 bytes)
Event: 20.215 Thread 0x000000000e145000 nmethod 161 0x000000000294c350 code [0x000000000294c480, 0x000000000294c4d8]
Event: 20.215 Thread 0x000000000e145000  162             java.util.Formatter$FormatSpecifier::justify (105 bytes)
Event: 20.219 Thread 0x000000000e145000 nmethod 162 0x0000000002949810 code [0x00000000029499a0, 0x0000000002949d30]
Event: 20.236 Thread 0x000000000e143800 nmethod 150 0x0000000002951c90 code [0x00000000029526c0, 0x0000000002954100]
Event: 27.700 Thread 0x000000000e145000  163   !         java.io.BufferedReader::readLine (304 bytes)
Event: 27.722 Thread 0x000000000e145000 nmethod 163 0x0000000002956350 code [0x0000000002956500, 0x00000000029577e8]

GC Heap History (4 events):
Event: 2.742 GC heap before
{Heap before GC invocations=1 (full 0):
 PSYoungGen      total 37824K, used 32448K [0x00000007d5c00000, 0x00000007d8630000, 0x0000000800000000)
  eden space 32448K, 100% used [0x00000007d5c00000,0x00000007d7bb0000,0x00000007d7bb0000)
  from space 5376K, 0% used [0x00000007d80f0000,0x00000007d80f0000,0x00000007d8630000)
  to   space 5376K, 0% used [0x00000007d7bb0000,0x00000007d7bb0000,0x00000007d80f0000)
 ParOldGen       total 86528K, used 0K [0x0000000781400000, 0x0000000786880000, 0x00000007d5c00000)
  object space 86528K, 0% used [0x0000000781400000,0x0000000781400000,0x0000000786880000)
 PSPermGen       total 21248K, used 6220K [0x000000077c200000, 0x000000077d6c0000, 0x0000000781400000)
  object space 21248K, 29% used [0x000000077c200000,0x000000077c813338,0x000000077d6c0000)
Event: 2.745 GC heap after
Heap after GC invocations=1 (full 0):
 PSYoungGen      total 37824K, used 1795K [0x00000007d5c00000, 0x00000007d8630000, 0x0000000800000000)
  eden space 32448K, 0% used [0x00000007d5c00000,0x00000007d5c00000,0x00000007d7bb0000)
  from space 5376K, 33% used [0x00000007d7bb0000,0x00000007d7d70fb0,0x00000007d80f0000)
  to   space 5376K, 0% used [0x00000007d80f0000,0x00000007d80f0000,0x00000007d8630000)
 ParOldGen       total 86528K, used 8K [0x0000000781400000, 0x0000000786880000, 0x00000007d5c00000)
  object space 86528K, 0% used [0x0000000781400000,0x0000000781402000,0x0000000786880000)
 PSPermGen       total 21248K, used 6220K [0x000000077c200000, 0x000000077d6c0000, 0x0000000781400000)
  object space 21248K, 29% used [0x000000077c200000,0x000000077c813338,0x000000077d6c0000)
}
Event: 19.996 GC heap before
{Heap before GC invocations=2 (full 0):
 PSYoungGen      total 37824K, used 34243K [0x00000007d5c00000, 0x00000007d8630000, 0x0000000800000000)
  eden space 32448K, 100% used [0x00000007d5c00000,0x00000007d7bb0000,0x00000007d7bb0000)
  from space 5376K, 33% used [0x00000007d7bb0000,0x00000007d7d70fb0,0x00000007d80f0000)
  to   space 5376K, 0% used [0x00000007d80f0000,0x00000007d80f0000,0x00000007d8630000)
 ParOldGen       total 86528K, used 8K [0x0000000781400000, 0x0000000786880000, 0x00000007d5c00000)
  object space 86528K, 0% used [0x0000000781400000,0x0000000781402000,0x0000000786880000)
 PSPermGen       total 21248K, used 6371K [0x000000077c200000, 0x000000077d6c0000, 0x0000000781400000)
  object space 21248K, 29% used [0x000000077c200000,0x000000077c838d60,0x000000077d6c0000)
Event: 20.005 GC heap after
Heap after GC invocations=2 (full 0):
 PSYoungGen      total 37824K, used 1728K [0x00000007d5c00000, 0x00000007d8630000, 0x0000000800000000)
  eden space 32448K, 0% used [0x00000007d5c00000,0x00000007d5c00000,0x00000007d7bb0000)
  from space 5376K, 32% used [0x00000007d80f0000,0x00000007d82a0020,0x00000007d8630000)
  to   space 5376K, 0% used [0x00000007d7bb0000,0x00000007d7bb0000,0x00000007d80f0000)
 ParOldGen       total 86528K, used 16K [0x0000000781400000, 0x0000000786880000, 0x00000007d5c00000)
  object space 86528K, 0% used [0x0000000781400000,0x0000000781404000,0x0000000786880000)
 PSPermGen       total 21248K, used 6371K [0x000000077c200000, 0x000000077d6c0000, 0x0000000781400000)
  object space 21248K, 29% used [0x000000077c200000,0x000000077c838d60,0x000000077d6c0000)
}

Deoptimization events (0 events):
No events

Internal exceptions (10 events):
Event: 1.512 Thread 0x000000000259d800 Threw 0x00000007d6197748 at C:\jdk7u2_64p\jdk7u10\hotspot\src\share\vm\prims\jvm.cpp:1166
Event: 1.512 Thread 0x000000000259d800 Threw 0x00000007d619cb70 at C:\jdk7u2_64p\jdk7u10\hotspot\src\share\vm\prims\jvm.cpp:1166
Event: 1.517 Thread 0x000000000259d800 Threw 0x00000007d6224090 at C:\jdk7u2_64p\jdk7u10\hotspot\src\share\vm\prims\jvm.cpp:1166
Event: 1.518 Thread 0x000000000259d800 Threw 0x00000007d62309d8 at C:\jdk7u2_64p\jdk7u10\hotspot\src\share\vm\prims\jvm.cpp:1166
Event: 3.553 Thread 0x000000000259d800 Threw 0x00000007d62bd8d0 at C:\jdk7u2_64p\jdk7u10\hotspot\src\share\vm\prims\jvm.cpp:1166
Event: 10.376 Thread 0x000000000259d800 Threw 0x00000007d62ceb10 at C:\jdk7u2_64p\jdk7u10\hotspot\src\share\vm\prims\jvm.cpp:1166
Event: 17.972 Thread 0x000000000259d800 Threw 0x00000007d62d3f78 at C:\jdk7u2_64p\jdk7u10\hotspot\src\share\vm\prims\jvm.cpp:1166
Event: 19.525 Thread 0x000000000259d800 Threw 0x00000007d62dc130 at C:\jdk7u2_64p\jdk7u10\hotspot\src\share\vm\prims\jvm.cpp:1166
Event: 19.527 Thread 0x000000000259d800 Threw 0x00000007d62e7bf0 at C:\jdk7u2_64p\jdk7u10\hotspot\src\share\vm\prims\jvm.cpp:1166
Event: 19.528 Thread 0x000000000259d800 Threw 0x00000007d62f0588 at C:\jdk7u2_64p\jdk7u10\hotspot\src\share\vm\prims\jvm.cpp:1166

Events (10 events):
Event: 93.883 Executing VM operation: GetOrSetLocal
Event: 93.883 Executing VM operation: GetOrSetLocal done
Event: 93.883 Executing VM operation: GetOrSetLocal
Event: 93.883 Executing VM operation: GetOrSetLocal done
Event: 93.888 Executing VM operation: GetOrSetLocal
Event: 93.888 Executing VM operation: GetOrSetLocal done
Event: 93.888 Executing VM operation: GetOrSetLocal
Event: 93.888 Executing VM operation: GetOrSetLocal done
Event: 278.487 Executing VM operation: RedefineClasses
Event: 278.487 Executing VM operation: RedefineClasses done


Dynamic libraries:
0x000000013f4f0000 - 0x000000013f523000 	C:\Program Files\Java\jre7\bin\javaw.exe
0x0000000077170000 - 0x0000000077319000 	C:\Windows\SYSTEM32\ntdll.dll
0x0000000077050000 - 0x000000007716f000 	C:\Windows\system32\kernel32.dll
0x000007fefd000000 - 0x000007fefd06b000 	C:\Windows\system32\KERNELBASE.dll
0x000007fefd540000 - 0x000007fefd61b000 	C:\Windows\system32\ADVAPI32.dll
0x000007fefefe0000 - 0x000007feff07f000 	C:\Windows\system32\msvcrt.dll
0x000007fefd480000 - 0x000007fefd49f000 	C:\Windows\SYSTEM32\sechost.dll
0x000007fefd620000 - 0x000007fefd74d000 	C:\Windows\system32\RPCRT4.dll
0x0000000076f50000 - 0x000000007704a000 	C:\Windows\system32\USER32.dll
0x000007feff410000 - 0x000007feff477000 	C:\Windows\system32\GDI32.dll
0x000007fefee20000 - 0x000007fefee2e000 	C:\Windows\system32\LPK.dll
0x000007fefee90000 - 0x000007fefef59000 	C:\Windows\system32\USP10.dll
0x000007fefb3d0000 - 0x000007fefb5c4000 	C:\Windows\WinSxS\amd64_microsoft.windows.common-controls_6595b64144ccf1df_6.0.7601.17514_none_fa396087175ac9ac\COMCTL32.dll
0x000007fefef60000 - 0x000007fefefd1000 	C:\Windows\system32\SHLWAPI.dll
0x000007fefeb40000 - 0x000007fefeb6e000 	C:\Windows\system32\IMM32.DLL
0x000007fefd350000 - 0x000007fefd459000 	C:\Windows\system32\MSCTF.dll
0x000007fefcee0000 - 0x000007fefcf20000 	C:\Windows\system32\nvinitx.dll
0x000000000f000000 - 0x000000000f006000 	C:\Program Files\NVIDIA Corporation\CoProcManager\_etoured.dll
0x000007fef9800000 - 0x000007fef9854000 	C:\Program Files\NVIDIA Corporation\CoProcManager\nvd3d9wrapx.dll
0x000007feff080000 - 0x000007feff257000 	C:\Windows\system32\SETUPAPI.dll
0x000007fefd280000 - 0x000007fefd2b6000 	C:\Windows\system32\CFGMGR32.dll
0x000007fefe590000 - 0x000007fefe667000 	C:\Windows\system32\OLEAUT32.dll
0x000007fefe670000 - 0x000007fefe873000 	C:\Windows\system32\ole32.dll
0x000007fefcfd0000 - 0x000007fefcfea000 	C:\Windows\system32\DEVOBJ.dll
0x000007fef96e0000 - 0x000007fef9723000 	C:\Program Files\NVIDIA Corporation\CoProcManager\nvdxgiwrapx.dll
0x0000000071f40000 - 0x0000000072011000 	C:\Program Files\Java\jre7\bin\msvcr100.dll
0x0000000065050000 - 0x000000006576f000 	C:\Program Files\Java\jre7\bin\server\jvm.dll
0x000007fef13d0000 - 0x000007fef13d9000 	C:\Windows\system32\WSOCK32.dll
0x000007feff260000 - 0x000007feff2ad000 	C:\Windows\system32\WS2_32.dll
0x000007fefd750000 - 0x000007fefd758000 	C:\Windows\system32\NSI.dll
0x000007fefa200000 - 0x000007fefa23b000 	C:\Windows\system32\WINMM.dll
0x0000000077340000 - 0x0000000077347000 	C:\Windows\system32\PSAPI.DLL
0x0000000071f30000 - 0x0000000071f3f000 	C:\Program Files\Java\jre7\bin\verify.dll
0x0000000071f00000 - 0x0000000071f28000 	C:\Program Files\Java\jre7\bin\java.dll
0x0000000070990000 - 0x00000000709c5000 	C:\Program Files\Java\jre7\bin\jdwp.dll
0x0000000071e90000 - 0x0000000071e98000 	C:\Program Files\Java\jre7\bin\npt.dll
0x0000000071ee0000 - 0x0000000071ef5000 	C:\Program Files\Java\jre7\bin\zip.dll
0x0000000073860000 - 0x0000000073869000 	C:\Program Files\Java\jre7\bin\dt_socket.dll
0x000007fefbc80000 - 0x000007fefbc95000 	C:\Windows\system32\NLAapi.dll
0x000007fef9e40000 - 0x000007fef9e55000 	C:\Windows\system32\napinsp.dll
0x000007fef9d30000 - 0x000007fef9d49000 	C:\Windows\system32\pnrpnsp.dll
0x000007fefc710000 - 0x000007fefc765000 	C:\Windows\System32\mswsock.dll
0x000007fefc550000 - 0x000007fefc5ab000 	C:\Windows\system32\DNSAPI.dll
0x000007fef9d20000 - 0x000007fef9d2b000 	C:\Windows\System32\winrnr.dll
0x000007fefc090000 - 0x000007fefc0b7000 	C:\Windows\system32\IPHLPAPI.DLL
0x000007fefc080000 - 0x000007fefc08b000 	C:\Windows\system32\WINNSI.DLL
0x000007fefb210000 - 0x000007fefb263000 	C:\Windows\System32\fwpuclnt.dll
0x000007fef7d80000 - 0x000007fef7d88000 	C:\Windows\system32\rasadhlp.dll
0x000007fefc0c0000 - 0x000007fefc0fe000 	C:\Program Files (x86)\Avira\AntiVir Desktop\avsda64.dll
0x000007fefc060000 - 0x000007fefc067000 	C:\Windows\System32\wshtcpip.dll
0x0000000180000000 - 0x0000000180051000 	C:\Users\Hanno\Downloads\lwjgl-2.9.1\lwjgl-2.9.1\native\windows\lwjgl64.dll
0x000007feee880000 - 0x000007feee99d000 	C:\Windows\system32\OPENGL32.dll
0x000007fef0530000 - 0x000007fef055d000 	C:\Windows\system32\GLU32.dll
0x000007fef20c0000 - 0x000007fef21b1000 	C:\Windows\system32\DDRAW.dll
0x000007fef9670000 - 0x000007fef9678000 	C:\Windows\system32\DCIMAN32.dll
0x000007fefa0a0000 - 0x000007fefa0b8000 	C:\Windows\system32\dwmapi.dll
0x000007fefbf90000 - 0x000007fefbf9c000 	C:\Windows\system32\VERSION.dll
0x000007fefa560000 - 0x000007fefa5b6000 	C:\Windows\system32\uxtheme.dll
0x000007fefd2d0000 - 0x000007fefd30a000 	C:\Windows\system32\WINTRUST.dll
0x000007fefd070000 - 0x000007fefd1dc000 	C:\Windows\system32\CRYPT32.dll
0x000007fefcfc0000 - 0x000007fefcfcf000 	C:\Windows\system32\MSASN1.dll
0x0000000060490000 - 0x0000000061de1000 	C:\Windows\system32\nvoglv64.DLL
0x000007fefd760000 - 0x000007fefe4e8000 	C:\Windows\system32\SHELL32.dll
0x000007fefb9f0000 - 0x000007fefba1d000 	C:\Windows\system32\ntmarta.dll
0x000007fefee30000 - 0x000007fefee82000 	C:\Windows\system32\WLDAP32.dll
0x00000000003a0000 - 0x00000000003aa000 	C:\Program Files (x86)\Lenovo\Energy Management\BatteryTestDLL.dll
0x0000000074040000 - 0x0000000074109000 	C:\Windows\WinSxS\amd64_microsoft.vc80.crt_1fc8b3b9a1e18e3b_8.0.50727.4940_none_88df89932faf0bf6\MSVCR80.dll
0x000007fefce10000 - 0x000007fefce1f000 	C:\Windows\system32\CRYPTBASE.dll
0x000007fef8d40000 - 0x000007fef8ddc000 	C:\Windows\system32\mscms.dll
0x000007fefc220000 - 0x000007fefc23e000 	C:\Windows\system32\USERENV.dll
0x000007fefcf20000 - 0x000007fefcf2f000 	C:\Windows\system32\profapi.dll
0x000007fef0250000 - 0x000007fef0292000 	C:\Windows\system32\icm32.dll
0x000007fef4cb0000 - 0x000007fef58ff000 	C:\Windows\system32\igd10umd64.dll
0x0000000071ec0000 - 0x0000000071ed9000 	C:\Program Files\Java\jre7\bin\net.dll
0x000007fefc920000 - 0x000007fefc927000 	C:\Windows\System32\wship6.dll
0x0000000071ea0000 - 0x0000000071eb1000 	C:\Program Files\Java\jre7\bin\nio.dll
0x0000000066430000 - 0x00000000665c3000 	C:\Program Files\Java\jre7\bin\awt.dll
0x000007fef0360000 - 0x000007fef0485000 	C:\Windows\system32\dbghelp.dll

VM Arguments:
jvm_args: -agentlib:jdwp=transport=dt_socket,suspend=y,address=localhost:11939 -Djava.library.path=C:\Users\Hanno\Downloads\lwjgl-2.9.1\lwjgl-2.9.1\native\windows -Dfile.encoding=Cp1252 
java_command: main.World
Launcher Type: SUN_STANDARD

Environment Variables:
JAVA_HOME=C:\Program Files\Java\jdk1.7.0_10
JRE_HOME=C:\Program Files\Java\jdk1.7.0_10\jre
PATH=C:\Python27\Lib\site-packages\PyQt4;C:\Program Files (x86)\NVIDIA Corporation\PhysX\Common;C:\Windows\system32;C:\Windows;C:\Windows\System32\Wbem;C:\Windows\System32\WindowsPowerShell\v1.0\;C:\Program Files\Microsoft\Web Platform Installer\;C:\Program Files (x86)\Microsoft ASP.NET\ASP.NET Web Pages\v1.0\;C:\Program Files (x86)\Windows Kits\8.0\Windows Performance Toolkit\;C:\Program Files\Microsoft SQL Server\110\Tools\Binn\;c:\Program Files (x86)\Microsoft SQL Server\100\Tools\Binn\;c:\Program Files\Microsoft SQL Server\100\Tools\Binn\;c:\Program Files\Microsoft SQL Server\100\DTS\Binn\;C:\Python27;C:\Python27\DLLs;C:\Python27\Scripts;C:\Python27\Lib\site-packages\vtk;C:\Python27\gnuplot\binary;C:\Program Files (x86)\pythonxy\SciTE-3.2.2-1;C:\Program Files (x86)\pythonxy\console;C:\MinGW32-xy\bin;C:\Program Files\OpenVPN\bin;C:\Program Files (x86)\Common Files\Adobe\AGL;C:\D\dmd2\windows\bin;C:\D\dmd\windows\bin;C:\D\dm\bin;C:\Program Files\TortoiseSVN\bin;C:\android-adb;C:\play-2.2.0;C:\Program Files\Java\jdk1.7.0_10\bin;C:\Program Files (x86)\Heroku\bin;C:\Program Files (x86)\git\cmd;C:\Program Files\apache-maven-3.0.5\bin;C:\HashiCorp\Vagrant\bin;C:\gradle-1.8\bin;
USERNAME=Hanno
OS=Windows_NT
PROCESSOR_IDENTIFIER=Intel64 Family 6 Model 42 Stepping 7, GenuineIntel



---------------  S Y S T E M  ---------------

OS: Windows 7 , 64 bit Build 7601 Service Pack 1

CPU:total 8 (4 cores per cpu, 2 threads per core) family 6 model 42 stepping 7, cmov, cx8, fxsr, mmx, sse, sse2, sse3, ssse3, sse4.1, sse4.2, popcnt, avx, ht, tsc, tscinvbit

Memory: 4k page, physical 8300700k(4354952k free), swap 16599536k(11250108k free)

vm_info: Java HotSpot(TM) 64-Bit Server VM (23.4-b01) for windows-amd64 JRE (1.7.0_10-ea-b06), built on Sep  5 2012 02:46:41 by "java_re" with unknown MS VC++:1600

time: Sat Mar 01 01:09:49 2014
elapsed time: 278 seconds

