#
# A fatal error has been detected by the Java Runtime Environment:
#
#  EXCEPTION_ACCESS_VIOLATION (0xc0000005) at pc=0x000000006dc3da96, pid=2296, tid=1804
#
# JRE version: Java(TM) SE Runtime Environment (8.0-b132) (build 1.8.0-b132)
# Java VM: Java HotSpot(TM) 64-Bit Server VM (25.0-b70 mixed mode windows-amd64 compressed oops)
# Problematic frame:
# V  [jvm.dll+0x23da96]
#
# Failed to write core dump. Minidumps are not enabled by default on client versions of Windows
#
# If you would like to submit a bug report, please visit:
#   http://bugreport.sun.com/bugreport/crash.jsp
#

---------------  T H R E A D  ---------------

Current thread (0x000000000c9b1000):  JavaThread "Attach Listener" daemon [_thread_in_vm, id=1804, stack(0x0000000038f40000,0x000000003f340000)]

siginfo: ExceptionCode=0xc0000005, writing address 0xffffffff88740490

Registers:
RAX=0x000000006df9caa8, RBX=0x000000000c9b1000, RCX=0x000000000c9b17d0, RDX=0x0000000000000008
RSP=0x000000003f33cea0, RBP=0x000000000c9b1490, RSI=0x000000000b8f4020, RDI=0x000000000c9b14b0
R8 =0xffffffff887404c8, R9 =0x000000006df9ce80, R10=0x0000000000000000, R11=0x000000000c9b1760
R12=0x00000000000003d8, R13=0x000000000c9b14a0, R14=0x000000000c9b1878, R15=0x0000000000000001
RIP=0x000000006dc3da96, EFLAGS=0x0000000000010202

Top of Stack: (sp=0x000000003f33cea0)
0x000000003f33cea0:   000000000c9b1000 000000000c9b1490
0x000000003f33ceb0:   000000000b8f4020 000000000b8f4020
0x000000003f33cec0:   000000000c9b11e0 000000006bf28d17
0x000000003f33ced0:   0000000000000001 ffffffff88740490
0x000000003f33cee0:   000000000c9b11e0 0000000065cee1c0
0x000000003f33cef0:   000000009ca27b10 0000000072ff10a3
0x000000003f33cf00:   0000000000000009 000000000c9b11e0
0x000000003f33cf10:   ffffffff88740490 0000000000000001
0x000000003f33cf20:   000000003f33d118 000000000c9b1000
0x000000003f33cf30:   000000000c9b11e0 000000003f33d008
0x000000003f33cf40:   000000000c9b1000 0000000000000000
0x000000003f33cf50:   000000000c9b1000 0000000000000000
0x000000003f33cf60:   000000000c9b11e0 000000000c9b11e0
0x000000003f33cf70:   0000000000000001 0000000000000011
0x000000003f33cf80:   0000000065cee220 0000000065cee1c0
0x000000003f33cf90:   000000009ca27ae8 0000000000000001 

Instructions: (pc=0x000000006dc3da96)
0x000000006dc3da76:   66 66 0f 1f 84 00 00 00 00 00 49 8b 43 18 41 ff
0x000000006dc3da86:   c7 49 83 c0 28 48 8b 0c 02 48 83 c2 08 48 8b 01
0x000000006dc3da96:   49 89 40 c8 49 8b 43 18 48 8b 4c 02 f8 48 8b 41
0x000000006dc3daa6:   08 49 89 40 d0 49 8b 43 18 48 8b 4c 02 f8 48 8b 


Register to memory mapping:

RAX=0x000000006df9caa8 is an unknown value
RBX=0x000000000c9b1000 is a thread
RCX=0x000000000c9b17d0 is an unknown value
RDX=0x0000000000000008 is an unknown value
RSP=0x000000003f33cea0 is pointing into the stack for thread: 0x000000000c9b1000
RBP=0x000000000c9b1490 is an unknown value
RSI=0x000000000b8f4020 is an unknown value
RDI=0x000000000c9b14b0 is an unknown value
R8 =0xffffffff887404c8 is an unknown value
R9 =0x000000006df9ce80 is an unknown value
R10=0x0000000000000000 is an unknown value
R11=0x000000000c9b1760 is an unknown value
R12=0x00000000000003d8 is an unknown value
R13=0x000000000c9b14a0 is an unknown value
R14=0x000000000c9b1878 is an unknown value
R15=0x0000000000000001 is an unknown value


Stack: [0x0000000038f40000,0x000000003f340000],  sp=0x000000003f33cea0,  free space=102387k
Native frames: (J=compiled Java code, j=interpreted, Vv=VM code, C=native code)
V  [jvm.dll+0x23da96]
C  [management.dll+0x10a3]
C  [management.dll+0x1370]
C  0x000000000f02d366

Java frames: (J=compiled Java code, j=interpreted, Vv=VM code)
j  sun.management.DiagnosticCommandImpl.getDiagnosticCommandInfo([Ljava/lang/String;)[Lsun/management/DiagnosticCommandInfo;+0
j  sun.management.DiagnosticCommandImpl.getMBeanInfo()Ljavax/management/MBeanInfo;+37
j  com.sun.jmx.interceptor.DefaultMBeanServerInterceptor.getNewMBeanClassName(Ljava/lang/Object;)Ljava/lang/String;+13
j  com.sun.jmx.interceptor.DefaultMBeanServerInterceptor.registerMBean(Ljava/lang/Object;Ljavax/management/ObjectName;)Ljavax/management/ObjectInstance;+10
j  com.sun.jmx.mbeanserver.JmxMBeanServer.registerMBean(Ljava/lang/Object;Ljavax/management/ObjectName;)Ljavax/management/ObjectInstance;+10
j  java.lang.management.ManagementFactory$3.run()Ljava/lang/Void;+12
j  java.lang.management.ManagementFactory$3.run()Ljava/lang/Object;+1
v  ~StubRoutines::call_stub
j  java.security.AccessController.doPrivileged(Ljava/security/PrivilegedExceptionAction;)Ljava/lang/Object;+0
j  java.lang.management.ManagementFactory.addDynamicMBean(Ljavax/management/MBeanServer;Ljavax/management/DynamicMBean;Ljavax/management/ObjectName;)V+10
j  java.lang.management.ManagementFactory.getPlatformMBeanServer()Ljavax/management/MBeanServer;+186
j  sun.management.jmxremote.ConnectorBootstrap.startLocalConnectorServer()Ljavax/management/remote/JMXConnectorServer;+66
j  sun.management.Agent.startLocalManagementAgent()V+13
j  sun.management.Agent.startAgent(Ljava/util/Properties;)V+76
j  sun.management.Agent.agentmain(Ljava/lang/String;)V+45
v  ~StubRoutines::call_stub
j  sun.reflect.NativeMethodAccessorImpl.invoke0(Ljava/lang/reflect/Method;Ljava/lang/Object;[Ljava/lang/Object;)Ljava/lang/Object;+0
j  sun.reflect.NativeMethodAccessorImpl.invoke(Ljava/lang/Object;[Ljava/lang/Object;)Ljava/lang/Object;+100
J 960 C1 sun.reflect.DelegatingMethodAccessorImpl.invoke(Ljava/lang/Object;[Ljava/lang/Object;)Ljava/lang/Object; (10 bytes) @ 0x000000000f3d8c64 [0x000000000f3d8b40+0x124]
J 959 C1 java.lang.reflect.Method.invoke(Ljava/lang/Object;[Ljava/lang/Object;)Ljava/lang/Object; (62 bytes) @ 0x000000000f3c38e4 [0x000000000f3c3540+0x3a4]
j  sun.instrument.InstrumentationImpl.loadClassAndStartAgent(Ljava/lang/String;Ljava/lang/String;Ljava/lang/String;)V+192
j  sun.instrument.InstrumentationImpl.loadClassAndCallAgentmain(Ljava/lang/String;Ljava/lang/String;)V+5
v  ~StubRoutines::call_stub

---------------  P R O C E S S  ---------------

Java Threads: ( => current thread )
  0x00000000884bd800 JavaThread "ForkJoinPool-2-worker-0" daemon [_thread_blocked, id=7800, stack(0x0000000105ab0000,0x000000010beb0000)]
  0x00000000884c1800 JavaThread "ForkJoinPool-2-worker-14" daemon [_thread_blocked, id=6260, stack(0x00000000e96d0000,0x00000000efad0000)]
  0x00000000884c3000 JavaThread "ForkJoinPool-2-worker-12" daemon [_thread_blocked, id=6712, stack(0x00000000e3130000,0x00000000e9530000)]
  0x00000000884c4800 JavaThread "ForkJoinPool-2-worker-3" daemon [_thread_blocked, id=6720, stack(0x00000000dcb80000,0x00000000e2f80000)]
  0x00000000884c2000 JavaThread "ForkJoinPool-2-worker-6" daemon [_thread_blocked, id=1304, stack(0x00000000d6740000,0x00000000dcb40000)]
  0x000000009cb81800 JavaThread "ForkJoinPool-2-worker-10" daemon [_thread_blocked, id=4328, stack(0x00000000d0200000,0x00000000d6600000)]
  0x000000009cb86000 JavaThread "ForkJoinPool-2-worker-1" daemon [_thread_blocked, id=6824, stack(0x00000000c3830000,0x00000000c9c30000)]
  0x000000009cb83000 JavaThread "ForkJoinPool-2-worker-15" daemon [_thread_blocked, id=1124, stack(0x00000000bd420000,0x00000000c3820000)]
  0x000000009cb84000 JavaThread "ForkJoinPool-2-worker-4" daemon [_thread_blocked, id=5884, stack(0x00000000b0960000,0x00000000b6d60000)]
  0x000000009cb85800 JavaThread "ForkJoinPool-2-worker-11" daemon [_thread_blocked, id=7264, stack(0x00000000aa520000,0x00000000b0920000)]
  0x000000009cb84800 JavaThread "ForkJoinPool-2-worker-2" daemon [_thread_blocked, id=8028, stack(0x00000000a3fd0000,0x00000000aa3d0000)]
  0x000000009cb88800 JavaThread "ForkJoinPool-2-worker-9" daemon [_thread_blocked, id=5868, stack(0x000000009da30000,0x00000000a3e30000)]
  0x000000009cb87800 JavaThread "ForkJoinPool-2-worker-5" daemon [_thread_blocked, id=5820, stack(0x00000000f62a0000,0x00000000fc6a0000)]
  0x000000009cb87000 JavaThread "ForkJoinPool-2-worker-7" daemon [_thread_blocked, id=7368, stack(0x00000000efd10000,0x00000000f6110000)]
  0x000000009cb82800 JavaThread "ForkJoinPool-2-worker-8" daemon [_thread_blocked, id=7284, stack(0x00000000c9dd0000,0x00000000d01d0000)]
  0x00000000884c3800 JavaThread "ForkJoinPool-2-worker-13" daemon [_thread_blocked, id=7460, stack(0x00000000b6e80000,0x00000000bd280000)]
  0x00000000884bf000 JavaThread "AWT-EventQueue-0" [_thread_blocked, id=2900, stack(0x0000000095860000,0x000000009bc60000)]
  0x00000000884be800 JavaThread "AWT-Shutdown" [_thread_blocked, id=5252, stack(0x000000008f420000,0x0000000095820000)]
  0x000000000cc9e800 JavaThread "AWT-Windows" daemon [_thread_in_native, id=7796, stack(0x0000000077590000,0x000000007d990000)]
  0x000000000cc96000 JavaThread "Java2D Disposer" daemon [_thread_blocked, id=1792, stack(0x00000000585a0000,0x000000005e9a0000)]
  0x000000000ca5f000 JavaThread "Service Thread" daemon [_thread_blocked, id=6280, stack(0x00000000521a0000,0x00000000585a0000)]
  0x000000000c9e9000 JavaThread "C1 CompilerThread3" daemon [_thread_blocked, id=2168, stack(0x000000000de00000,0x000000000df00000)]
  0x000000000c9e8800 JavaThread "C2 CompilerThread2" daemon [_thread_blocked, id=7612, stack(0x000000000e300000,0x000000000e400000)]
  0x000000000c9e5800 JavaThread "C2 CompilerThread1" daemon [_thread_blocked, id=5280, stack(0x000000000dfd0000,0x000000000e0d0000)]
  0x000000000c9db800 JavaThread "C2 CompilerThread0" daemon [_thread_blocked, id=7808, stack(0x000000000e180000,0x000000000e280000)]
  0x000000000c9ce800 JavaThread "JDWP Command Reader" daemon [_thread_in_native, id=3196, stack(0x000000004bd00000,0x0000000052100000)]
  0x000000000c9c7800 JavaThread "JDWP Event Helper Thread" daemon [_thread_blocked, id=2224, stack(0x00000000458f0000,0x000000004bcf0000)]
  0x000000000c9c2000 JavaThread "JDWP Transport Listener: dt_socket" daemon [_thread_blocked, id=3484, stack(0x000000003f480000,0x0000000045880000)]
=>0x000000000c9b1000 JavaThread "Attach Listener" daemon [_thread_in_vm, id=1804, stack(0x0000000038f40000,0x000000003f340000)]
  0x000000000c9c0000 JavaThread "Signal Dispatcher" daemon [_thread_blocked, id=4308, stack(0x0000000032b30000,0x0000000038f30000)]
  0x000000000b8fa000 JavaThread "Finalizer" daemon [_thread_blocked, id=7868, stack(0x000000002c600000,0x0000000032a00000)]
  0x000000000247f000 JavaThread "Reference Handler" daemon [_thread_blocked, id=3712, stack(0x00000000260a0000,0x000000002c4a0000)]
  0x00000000023e9800 JavaThread "main" [_thread_in_Java, id=5804, stack(0x0000000002750000,0x0000000008b50000)]

Other Threads:
  0x000000000247c000 VMThread [stack: 0x000000000daa0000,0x000000000dba0000] [id=1116]
  0x000000000ca69800 WatcherThread [stack: 0x000000000e450000,0x000000000e550000] [id=6164]

VM state:not at safepoint (normal execution)

VM Mutex/Monitor currently owned by a thread: None

Heap:
 PSYoungGen      total 1397248K, used 889636K [0x000000076ab00000, 0x00000007c0000000, 0x00000007c0000000)
  eden space 1396736K, 63% used [0x000000076ab00000,0x00000007a0f692d8,0x00000007bff00000)
  from space 512K, 75% used [0x00000007bff80000,0x00000007bffe0000,0x00000007c0000000)
  to   space 512K, 0% used [0x00000007bff00000,0x00000007bff00000,0x00000007bff80000)
 ParOldGen       total 561664K, used 457872K [0x00000006c0000000, 0x00000006e2480000, 0x000000076ab00000)
  object space 561664K, 81% used [0x00000006c0000000,0x00000006dbf24060,0x00000006e2480000)
 Metaspace       used 23069K, capacity 23307K, committed 23552K, reserved 1071104K
  class space    used 2746K, capacity 2803K, committed 2816K, reserved 1048576K

Card table byte_map: [0x0000000008f10000,0x0000000009720000] byte_map_base: 0x0000000005910000

Marking Bits: (ParMarkBitMap*) 0x000000006e1b13b0
 Begin Bits: [0x000000001e010000, 0x0000000022010000)
 End Bits:   [0x0000000022010000, 0x0000000026010000)

Polling page: 0x00000000001b0000

CodeCache: size=245760Kb used=15015Kb max_used=15019Kb free=230744Kb
 bounds [0x000000000f010000, 0x000000000fef0000, 0x000000001e010000]
 total_blobs=4935 nmethods=4205 adapters=651
 compilation: enabled

Compilation events (10 events):
Event: 377.170 Thread 0x000000000c9e9000 nmethod 5206 0x000000000fa9fa90 code [0x000000000fa9fc00, 0x000000000fa9fee8]
Event: 377.170 Thread 0x000000000c9e9000 5205       3       java.util.TreeMap$EntryIterator::next (5 bytes)
Event: 377.171 Thread 0x000000000c9e9000 nmethod 5205 0x000000000fa9f690 code [0x000000000fa9f800, 0x000000000fa9fa08]
Event: 377.173 Thread 0x000000000c9e9000 5207       3       sun.reflect.Reflection::filter (220 bytes)
Event: 377.175 Thread 0x000000000c9e5800 nmethod 5183 0x000000000f7e7e90 code [0x000000000f7e8040, 0x000000000f7e8ca8]
Event: 377.175 Thread 0x000000000c9e9000 nmethod 5207 0x000000000fa9e150 code [0x000000000fa9e360, 0x000000000fa9ef68]
Event: 377.175 Thread 0x000000000c9e9000 5208       3       java.util.IdentityHashMap::containsKey (55 bytes)
Event: 377.176 Thread 0x000000000c9e9000 nmethod 5208 0x000000000f7e7650 code [0x000000000f7e77e0, 0x000000000f7e7c68]
Event: 377.176 Thread 0x000000000c9e9000 5209   !   3       sun.reflect.annotation.AnnotationParser::parseAnnotations (37 bytes)
Event: 377.176 Thread 0x000000000c9e9000 nmethod 5209 0x000000000fa9d9d0 code [0x000000000fa9db80, 0x000000000fa9df28]

GC Heap History (10 events):
Event: 370.337 GC heap before
{Heap before GC invocations=216 (full 12):
 PSYoungGen      total 1397248K, used 1397056K [0x000000076ab00000, 0x00000007c0000000, 0x00000007c0000000)
  eden space 1396736K, 100% used [0x000000076ab00000,0x00000007bff00000,0x00000007bff00000)
  from space 512K, 62% used [0x00000007bff00000,0x00000007bff50000,0x00000007bff80000)
  to   space 512K, 0% used [0x00000007bff80000,0x00000007bff80000,0x00000007c0000000)
 ParOldGen       total 561664K, used 457872K [0x00000006c0000000, 0x00000006e2480000, 0x000000076ab00000)
  object space 561664K, 81% used [0x00000006c0000000,0x00000006dbf24060,0x00000006e2480000)
 Metaspace       used 22139K, capacity 22347K, committed 22400K, reserved 1069056K
  class space    used 2620K, capacity 2675K, committed 2688K, reserved 1048576K
Event: 370.341 GC heap after
Heap after GC invocations=216 (full 12):
 PSYoungGen      total 1397248K, used 256K [0x000000076ab00000, 0x00000007c0000000, 0x00000007c0000000)
  eden space 1396736K, 0% used [0x000000076ab00000,0x000000076ab00000,0x00000007bff00000)
  from space 512K, 50% used [0x00000007bff80000,0x00000007bffc0000,0x00000007c0000000)
  to   space 512K, 0% used [0x00000007bff00000,0x00000007bff00000,0x00000007bff80000)
 ParOldGen       total 561664K, used 457872K [0x00000006c0000000, 0x00000006e2480000, 0x000000076ab00000)
  object space 561664K, 81% used [0x00000006c0000000,0x00000006dbf24060,0x00000006e2480000)
 Metaspace       used 22139K, capacity 22347K, committed 22400K, reserved 1069056K
  class space    used 2620K, capacity 2675K, committed 2688K, reserved 1048576K
}
Event: 371.613 GC heap before
{Heap before GC invocations=217 (full 12):
 PSYoungGen      total 1397248K, used 1396992K [0x000000076ab00000, 0x00000007c0000000, 0x00000007c0000000)
  eden space 1396736K, 100% used [0x000000076ab00000,0x00000007bff00000,0x00000007bff00000)
  from space 512K, 50% used [0x00000007bff80000,0x00000007bffc0000,0x00000007c0000000)
  to   space 512K, 0% used [0x00000007bff00000,0x00000007bff00000,0x00000007bff80000)
 ParOldGen       total 561664K, used 457872K [0x00000006c0000000, 0x00000006e2480000, 0x000000076ab00000)
  object space 561664K, 81% used [0x00000006c0000000,0x00000006dbf24060,0x00000006e2480000)
 Metaspace       used 22139K, capacity 22347K, committed 22400K, reserved 1069056K
  class space    used 2620K, capacity 2675K, committed 2688K, reserved 1048576K
Event: 371.625 GC heap after
Heap after GC invocations=217 (full 12):
 PSYoungGen      total 1397248K, used 256K [0x000000076ab00000, 0x00000007c0000000, 0x00000007c0000000)
  eden space 1396736K, 0% used [0x000000076ab00000,0x000000076ab00000,0x00000007bff00000)
  from space 512K, 50% used [0x00000007bff00000,0x00000007bff40000,0x00000007bff80000)
  to   space 512K, 0% used [0x00000007bff80000,0x00000007bff80000,0x00000007c0000000)
 ParOldGen       total 561664K, used 457872K [0x00000006c0000000, 0x00000006e2480000, 0x000000076ab00000)
  object space 561664K, 81% used [0x00000006c0000000,0x00000006dbf24060,0x00000006e2480000)
 Metaspace       used 22139K, capacity 22347K, committed 22400K, reserved 1069056K
  class space    used 2620K, capacity 2675K, committed 2688K, reserved 1048576K
}
Event: 372.989 GC heap before
{Heap before GC invocations=218 (full 12):
 PSYoungGen      total 1397248K, used 1396992K [0x000000076ab00000, 0x00000007c0000000, 0x00000007c0000000)
  eden space 1396736K, 100% used [0x000000076ab00000,0x00000007bff00000,0x00000007bff00000)
  from space 512K, 50% used [0x00000007bff00000,0x00000007bff40000,0x00000007bff80000)
  to   space 512K, 0% used [0x00000007bff80000,0x00000007bff80000,0x00000007c0000000)
 ParOldGen       total 561664K, used 457872K [0x00000006c0000000, 0x00000006e2480000, 0x000000076ab00000)
  object space 561664K, 81% used [0x00000006c0000000,0x00000006dbf24060,0x00000006e2480000)
 Metaspace       used 22139K, capacity 22347K, committed 22400K, reserved 1069056K
  class space    used 2620K, capacity 2675K, committed 2688K, reserved 1048576K
Event: 373.004 GC heap after
Heap after GC invocations=218 (full 12):
 PSYoungGen      total 1397248K, used 320K [0x000000076ab00000, 0x00000007c0000000, 0x00000007c0000000)
  eden space 1396736K, 0% used [0x000000076ab00000,0x000000076ab00000,0x00000007bff00000)
  from space 512K, 62% used [0x00000007bff80000,0x00000007bffd0000,0x00000007c0000000)
  to   space 512K, 0% used [0x00000007bff00000,0x00000007bff00000,0x00000007bff80000)
 ParOldGen       total 561664K, used 457872K [0x00000006c0000000, 0x00000006e2480000, 0x000000076ab00000)
  object space 561664K, 81% used [0x00000006c0000000,0x00000006dbf24060,0x00000006e2480000)
 Metaspace       used 22139K, capacity 22347K, committed 22400K, reserved 1069056K
  class space    used 2620K, capacity 2675K, committed 2688K, reserved 1048576K
}
Event: 374.710 GC heap before
{Heap before GC invocations=219 (full 12):
 PSYoungGen      total 1397248K, used 1397056K [0x000000076ab00000, 0x00000007c0000000, 0x00000007c0000000)
  eden space 1396736K, 100% used [0x000000076ab00000,0x00000007bff00000,0x00000007bff00000)
  from space 512K, 62% used [0x00000007bff80000,0x00000007bffd0000,0x00000007c0000000)
  to   space 512K, 0% used [0x00000007bff00000,0x00000007bff00000,0x00000007bff80000)
 ParOldGen       total 561664K, used 457872K [0x00000006c0000000, 0x00000006e2480000, 0x000000076ab00000)
  object space 561664K, 81% used [0x00000006c0000000,0x00000006dbf24060,0x00000006e2480000)
 Metaspace       used 22139K, capacity 22347K, committed 22400K, reserved 1069056K
  class space    used 2620K, capacity 2675K, committed 2688K, reserved 1048576K
Event: 374.714 GC heap after
Heap after GC invocations=219 (full 12):
 PSYoungGen      total 1397248K, used 320K [0x000000076ab00000, 0x00000007c0000000, 0x00000007c0000000)
  eden space 1396736K, 0% used [0x000000076ab00000,0x000000076ab00000,0x00000007bff00000)
  from space 512K, 62% used [0x00000007bff00000,0x00000007bff50000,0x00000007bff80000)
  to   space 512K, 0% used [0x00000007bff80000,0x00000007bff80000,0x00000007c0000000)
 ParOldGen       total 561664K, used 457872K [0x00000006c0000000, 0x00000006e2480000, 0x000000076ab00000)
  object space 561664K, 81% used [0x00000006c0000000,0x00000006dbf24060,0x00000006e2480000)
 Metaspace       used 22139K, capacity 22347K, committed 22400K, reserved 1069056K
  class space    used 2620K, capacity 2675K, committed 2688K, reserved 1048576K
}
Event: 376.294 GC heap before
{Heap before GC invocations=220 (full 12):
 PSYoungGen      total 1397248K, used 1397056K [0x000000076ab00000, 0x00000007c0000000, 0x00000007c0000000)
  eden space 1396736K, 100% used [0x000000076ab00000,0x00000007bff00000,0x00000007bff00000)
  from space 512K, 62% used [0x00000007bff00000,0x00000007bff50000,0x00000007bff80000)
  to   space 512K, 0% used [0x00000007bff80000,0x00000007bff80000,0x00000007c0000000)
 ParOldGen       total 561664K, used 457872K [0x00000006c0000000, 0x00000006e2480000, 0x000000076ab00000)
  object space 561664K, 81% used [0x00000006c0000000,0x00000006dbf24060,0x00000006e2480000)
 Metaspace       used 22139K, capacity 22347K, committed 22400K, reserved 1069056K
  class space    used 2620K, capacity 2675K, committed 2688K, reserved 1048576K
Event: 376.298 GC heap after
Heap after GC invocations=220 (full 12):
 PSYoungGen      total 1397248K, used 384K [0x000000076ab00000, 0x00000007c0000000, 0x00000007c0000000)
  eden space 1396736K, 0% used [0x000000076ab00000,0x000000076ab00000,0x00000007bff00000)
  from space 512K, 75% used [0x00000007bff80000,0x00000007bffe0000,0x00000007c0000000)
  to   space 512K, 0% used [0x00000007bff00000,0x00000007bff00000,0x00000007bff80000)
 ParOldGen       total 561664K, used 457872K [0x00000006c0000000, 0x00000006e2480000, 0x000000076ab00000)
  object space 561664K, 81% used [0x00000006c0000000,0x00000006dbf24060,0x00000006e2480000)
 Metaspace       used 22139K, capacity 22347K, committed 22400K, reserved 1069056K
  class space    used 2620K, capacity 2675K, committed 2688K, reserved 1048576K
}

Deoptimization events (10 events):
Event: 377.129 Thread 0x0000000104dd6800 Uncommon trap: reason=unhandled action=none pc=0x000000000fcf8260 method=java.util.concurrent.locks.AbstractQueuedSynchronizer$ConditionObject.reportInterruptAfterWait(I)V @ 12
Event: 377.130 Thread 0x0000000066407800 Uncommon trap: reason=unhandled action=none pc=0x000000000fcf8260 method=java.util.concurrent.locks.AbstractQueuedSynchronizer$ConditionObject.reportInterruptAfterWait(I)V @ 12
Event: 377.130 Thread 0x0000000066406000 Uncommon trap: reason=unhandled action=none pc=0x000000000fcf8260 method=java.util.concurrent.locks.AbstractQueuedSynchronizer$ConditionObject.reportInterruptAfterWait(I)V @ 12
Event: 377.136 Thread 0x000000000c9b1000 Uncommon trap: reason=range_check action=none pc=0x000000000f2dc9a4 method=sun.reflect.generics.parser.SignatureParser.current()C @ 34
Event: 377.139 Thread 0x000000000c9b1000 Uncommon trap: reason=range_check action=none pc=0x000000000f2dc9a4 method=sun.reflect.generics.parser.SignatureParser.current()C @ 34
Event: 377.150 Thread 0x000000000c9b1000 Uncommon trap: reason=class_check action=maybe_recompile pc=0x000000000f98c02c method=java.util.ArrayList.<init>(Ljava/util/Collection;)V @ 6
Event: 377.151 Thread 0x000000000c9b1000 Uncommon trap: reason=class_check action=maybe_recompile pc=0x000000000f98c02c method=java.util.ArrayList.<init>(Ljava/util/Collection;)V @ 6
Event: 377.151 Thread 0x000000000c9b1000 Uncommon trap: reason=class_check action=maybe_recompile pc=0x000000000f98c02c method=java.util.ArrayList.<init>(Ljava/util/Collection;)V @ 6
Event: 377.153 Thread 0x000000000c9b1000 Uncommon trap: reason=range_check action=none pc=0x000000000f2dc9a4 method=sun.reflect.generics.parser.SignatureParser.current()C @ 34
Event: 377.173 Thread 0x000000000c9b1000 Uncommon trap: reason=range_check action=none pc=0x000000000f2dc9a4 method=sun.reflect.generics.parser.SignatureParser.current()C @ 34

Internal exceptions (10 events):
Event: 316.570 Thread 0x0000000104dd9800 Exception <a 'java/lang/InterruptedException'> (0x00000007b05fce10) thrown at [D:\re\workspace\8-2-build-windows-amd64-cygwin\jdk8\2238\hotspot\src\share\vm\runtime\objectMonitor.cpp, line 1649]
Event: 329.577 Thread 0x000000009d121800 Exception <a 'java/lang/InterruptedException'> (0x00000007818dbb00) thrown at [D:\re\workspace\8-2-build-windows-amd64-cygwin\jdk8\2238\hotspot\src\share\vm\runtime\objectMonitor.cpp, line 1649]
Event: 331.150 Thread 0x000000009d125000 Exception <a 'java/lang/InterruptedException'> (0x00000007a4923768) thrown at [D:\re\workspace\8-2-build-windows-amd64-cygwin\jdk8\2238\hotspot\src\share\vm\runtime\objectMonitor.cpp, line 1649]
Event: 336.071 Thread 0x0000000082206800 Exception <a 'java/lang/InterruptedException'> (0x000000078e042948) thrown at [D:\re\workspace\8-2-build-windows-amd64-cygwin\jdk8\2238\hotspot\src\share\vm\runtime\objectMonitor.cpp, line 1649]
Event: 377.116 Thread 0x000000000c9b1000 Exception <a 'java/lang/ArrayIndexOutOfBoundsException': 71> (0x0000000796751430) thrown at [D:\re\workspace\8-2-build-windows-amd64-cygwin\jdk8\2238\hotspot\src\share\vm\interpreter\interpreterRuntime.cpp, line 337]
Event: 377.120 Thread 0x000000000c9b1000 Exception <a 'java/lang/ArrayIndexOutOfBoundsException': 71> (0x00000007967555d0) thrown at [D:\re\workspace\8-2-build-windows-amd64-cygwin\jdk8\2238\hotspot\src\share\vm\interpreter\interpreterRuntime.cpp, line 337]
Event: 377.136 Thread 0x000000000c9b1000 Exception <a 'java/lang/ArrayIndexOutOfBoundsException': 38> (0x0000000796780d18) thrown at [D:\re\workspace\8-2-build-windows-amd64-cygwin\jdk8\2238\hotspot\src\share\vm\interpreter\interpreterRuntime.cpp, line 337]
Event: 377.139 Thread 0x000000000c9b1000 Exception <a 'java/lang/ArrayIndexOutOfBoundsException': 55> (0x0000000796783780) thrown at [D:\re\workspace\8-2-build-windows-amd64-cygwin\jdk8\2238\hotspot\src\share\vm\interpreter\interpreterRuntime.cpp, line 337]
Event: 377.153 Thread 0x000000000c9b1000 Exception <a 'java/lang/ArrayIndexOutOfBoundsException': 38> (0x00000007967b02e0) thrown at [D:\re\workspace\8-2-build-windows-amd64-cygwin\jdk8\2238\hotspot\src\share\vm\interpreter\interpreterRuntime.cpp, line 337]
Event: 377.173 Thread 0x000000000c9b1000 Exception <a 'java/lang/ArrayIndexOutOfBoundsException': 49> (0x00000007967c4a90) thrown at [D:\re\workspace\8-2-build-windows-amd64-cygwin\jdk8\2238\hotspot\src\share\vm\interpreter\interpreterRuntime.cpp, line 337]

Events (10 events):
Event: 377.176 loading class com/sun/management/DiagnosticCommandMBean done
Event: 377.176 loading class sun/management/DiagnosticCommandImpl done
Event: 377.176 loading class java/lang/management/ManagementFactory$3
Event: 377.176 loading class java/lang/management/ManagementFactory$3 done
Event: 377.177 loading class sun/management/DiagnosticCommandImpl$OperationInfoComparator
Event: 377.177 loading class sun/management/DiagnosticCommandImpl$OperationInfoComparator done
Event: 377.177 loading class sun/management/DiagnosticCommandInfo
Event: 377.178 loading class sun/management/DiagnosticCommandInfo done
Event: 377.178 loading class sun/management/DiagnosticCommandArgumentInfo
Event: 377.178 loading class sun/management/DiagnosticCommandArgumentInfo done


Dynamic libraries:
0x000000013f980000 - 0x000000013f9b4000 	C:\Program Files\Java\jdk1.8.0\bin\javaw.exe
0x0000000077260000 - 0x0000000077409000 	C:\Windows\SYSTEM32\ntdll.dll
0x0000000077040000 - 0x000000007715f000 	C:\Windows\system32\kernel32.dll
0x000007fefd130000 - 0x000007fefd19c000 	C:\Windows\system32\KERNELBASE.dll
0x000007fefdd10000 - 0x000007fefddeb000 	C:\Windows\system32\ADVAPI32.dll
0x000007fefefd0000 - 0x000007feff06f000 	C:\Windows\system32\msvcrt.dll
0x000007fefdcf0000 - 0x000007fefdd0f000 	C:\Windows\SYSTEM32\sechost.dll
0x000007feff440000 - 0x000007feff56d000 	C:\Windows\system32\RPCRT4.dll
0x0000000077160000 - 0x000000007725a000 	C:\Windows\system32\USER32.dll
0x000007fefddf0000 - 0x000007fefde57000 	C:\Windows\system32\GDI32.dll
0x000007fefdc10000 - 0x000007fefdc1e000 	C:\Windows\system32\LPK.dll
0x000007fefdc20000 - 0x000007fefdce9000 	C:\Windows\system32\USP10.dll
0x000007fefb480000 - 0x000007fefb674000 	C:\Windows\WinSxS\amd64_microsoft.windows.common-controls_6595b64144ccf1df_6.0.7601.17514_none_fa396087175ac9ac\COMCTL32.dll
0x000007feff3c0000 - 0x000007feff431000 	C:\Windows\system32\SHLWAPI.dll
0x000007feff390000 - 0x000007feff3be000 	C:\Windows\system32\IMM32.DLL
0x000007fefd680000 - 0x000007fefd789000 	C:\Windows\system32\MSCTF.dll
0x000007fefcfe0000 - 0x000007fefd011000 	C:\Windows\system32\nvinitx.dll
0x000000000f000000 - 0x000000000f006000 	C:\Program Files\NVIDIA Corporation\CoProcManager\detoured.dll
0x000007fef9900000 - 0x000007fef992d000 	C:\Program Files\NVIDIA Corporation\CoProcManager\nvd3d9wrapx.dll
0x000007fefda30000 - 0x000007fefdc07000 	C:\Windows\system32\SETUPAPI.dll
0x000007fefd400000 - 0x000007fefd436000 	C:\Windows\system32\CFGMGR32.dll
0x000007fefd950000 - 0x000007fefda27000 	C:\Windows\system32\OLEAUT32.dll
0x000007fefebf0000 - 0x000007fefedf3000 	C:\Windows\system32\ole32.dll
0x000007fefd3e0000 - 0x000007fefd3fa000 	C:\Windows\system32\DEVOBJ.dll
0x000007fef98d0000 - 0x000007fef98f2000 	C:\Program Files\NVIDIA Corporation\CoProcManager\nvdxgiwrapx.dll
0x000000006bec0000 - 0x000000006bf92000 	C:\Program Files\Java\jdk1.8.0\jre\bin\msvcr100.dll
0x000000006da00000 - 0x000000006e22a000 	C:\Program Files\Java\jdk1.8.0\jre\bin\server\jvm.dll
0x000007fef1290000 - 0x000007fef1299000 	C:\Windows\system32\WSOCK32.dll
0x000007feff340000 - 0x000007feff38d000 	C:\Windows\system32\WS2_32.dll
0x000007fefefc0000 - 0x000007fefefc8000 	C:\Windows\system32\NSI.dll
0x000007fef9c50000 - 0x000007fef9c8b000 	C:\Windows\system32\WINMM.dll
0x0000000077420000 - 0x0000000077427000 	C:\Windows\system32\PSAPI.DLL
0x0000000073300000 - 0x000000007330f000 	C:\Program Files\Java\jdk1.8.0\jre\bin\verify.dll
0x0000000073000000 - 0x0000000073028000 	C:\Program Files\Java\jdk1.8.0\jre\bin\java.dll
0x0000000072c40000 - 0x0000000072c75000 	C:\Program Files\Java\jdk1.8.0\jre\bin\jdwp.dll
0x0000000073050000 - 0x0000000073058000 	C:\Program Files\Java\jdk1.8.0\jre\bin\npt.dll
0x0000000072e20000 - 0x0000000072e36000 	C:\Program Files\Java\jdk1.8.0\jre\bin\zip.dll
0x000007fefde60000 - 0x000007fefebe8000 	C:\Windows\system32\SHELL32.dll
0x000007fefd020000 - 0x000007fefd02f000 	C:\Windows\system32\profapi.dll
0x00000000732f0000 - 0x00000000732f9000 	C:\Program Files\Java\jdk1.8.0\jre\bin\dt_socket.dll
0x000007fefb910000 - 0x000007fefb925000 	C:\Windows\system32\NLAapi.dll
0x000007fef6340000 - 0x000007fef6355000 	C:\Windows\system32\napinsp.dll
0x000007fef6320000 - 0x000007fef6339000 	C:\Windows\system32\pnrpnsp.dll
0x000007fefc850000 - 0x000007fefc8a5000 	C:\Windows\System32\mswsock.dll
0x000007fefc6d0000 - 0x000007fefc72b000 	C:\Windows\system32\DNSAPI.dll
0x000007fef6310000 - 0x000007fef631b000 	C:\Windows\System32\winrnr.dll
0x000007fefc140000 - 0x000007fefc167000 	C:\Windows\system32\IPHLPAPI.DLL
0x000007fefc130000 - 0x000007fefc13b000 	C:\Windows\system32\WINNSI.DLL
0x000007fefb2c0000 - 0x000007fefb313000 	C:\Windows\System32\fwpuclnt.dll
0x000007fef8080000 - 0x000007fef8088000 	C:\Windows\system32\rasadhlp.dll
0x000007fefc170000 - 0x000007fefc1f5000 	C:\Program Files (x86)\Avira\AntiVir Desktop\avsda64.dll
0x000007fefc110000 - 0x000007fefc117000 	C:\Windows\System32\wshtcpip.dll
0x0000000072ff0000 - 0x0000000072ffd000 	C:\Program Files\Java\jdk1.8.0\jre\bin\management.dll
0x000000006afd0000 - 0x000000006b166000 	C:\Program Files\Java\jdk1.8.0\jre\bin\awt.dll
0x000007fefa0b0000 - 0x000007fefa106000 	C:\Windows\system32\uxtheme.dll
0x000007fef9990000 - 0x000007fef99a8000 	C:\Windows\system32\dwmapi.dll
0x000007fefcf10000 - 0x000007fefcf1f000 	C:\Windows\system32\CRYPTBASE.dll
0x0000000000380000 - 0x000000000038a000 	C:\Program Files (x86)\Lenovo\Energy Management\BatteryTestDLL.dll
0x00000000735c0000 - 0x0000000073689000 	C:\Windows\WinSxS\amd64_microsoft.vc80.crt_1fc8b3b9a1e18e3b_8.0.50727.4940_none_88df89932faf0bf6\MSVCR80.dll
0x0000000072d50000 - 0x0000000072d8c000 	C:\Program Files\Java\jdk1.8.0\jre\bin\lcms.dll
0x0000000072e00000 - 0x0000000072e1a000 	C:\Program Files\Java\jdk1.8.0\jre\bin\net.dll
0x000007fefc840000 - 0x000007fefc847000 	C:\Windows\System32\wship6.dll
0x0000000180000000 - 0x0000000180051000 	C:\Users\Hanno\Downloads\lwjgl-2.9.2\native\windows\lwjgl64.dll
0x000007feed840000 - 0x000007feed95d000 	C:\Windows\system32\OPENGL32.dll
0x000007fef6760000 - 0x000007fef678d000 	C:\Windows\system32\GLU32.dll
0x000007fef1eb0000 - 0x000007fef1fa1000 	C:\Windows\system32\DDRAW.dll
0x000007fef90f0000 - 0x000007fef90f8000 	C:\Windows\system32\DCIMAN32.dll
0x000007fefc040000 - 0x000007fefc04c000 	C:\Windows\system32\VERSION.dll
0x000007fefd0d0000 - 0x000007fefd10a000 	C:\Windows\system32\WINTRUST.dll
0x000007fefd250000 - 0x000007fefd3bc000 	C:\Windows\system32\CRYPT32.dll
0x000007fefd0c0000 - 0x000007fefd0cf000 	C:\Windows\system32\MSASN1.dll
0x00000000673a0000 - 0x00000000691dc000 	C:\Windows\system32\nvoglv64.DLL
0x000007fefbc10000 - 0x000007fefbc3d000 	C:\Windows\system32\ntmarta.dll
0x000007fefd790000 - 0x000007fefd7e2000 	C:\Windows\system32\WLDAP32.dll
0x000007fef8ad0000 - 0x000007fef8b6c000 	C:\Windows\system32\mscms.dll
0x000007fefc320000 - 0x000007fefc33e000 	C:\Windows\system32\USERENV.dll
0x000007fef04a0000 - 0x000007fef04e2000 	C:\Windows\system32\icm32.dll
0x000007fef4da0000 - 0x000007fef59ef000 	C:\Windows\system32\igd10umd64.dll
0x0000000072de0000 - 0x0000000072df1000 	C:\Program Files\Java\jdk1.8.0\jre\bin\nio.dll
0x000007fef9870000 - 0x000007fef9883000 	C:\Windows\system32\OpenCL.dll
0x000007fee7810000 - 0x000007fee834c000 	C:\Windows\System32\nvopencl.dll
0x000007fef87b0000 - 0x000007fef8ac9000 	C:\Windows\system32\nvapi64.dll
0x000007fefc8b0000 - 0x000007fefc8c7000 	C:\Windows\system32\CRYPTSP.dll
0x000007fefc5b0000 - 0x000007fefc5f7000 	C:\Windows\system32\rsaenh.dll
0x000000000a5b0000 - 0x000000000a5f7000 	C:\Program Files\Java\jdk1.8.0\jre\bin\fontmanager.dll
0x000000000d9d0000 - 0x000000000da11000 	C:\Program Files\Java\jdk1.8.0\jre\bin\t2k.dll
0x000007fefee00000 - 0x000007fefee99000 	C:\Windows\system32\CLBCatQ.DLL
0x000007fef9660000 - 0x000007fef97c1000 	C:\Windows\system32\WindowsCodecs.dll
0x000007fefceb0000 - 0x000007fefcf07000 	C:\Windows\system32\apphelp.dll
0x000000000da80000 - 0x000000000da96000 	C:\Program Files\Common Files\TortoiseOverlays\TortoiseOverlays.dll
0x000000000dcd0000 - 0x000000000dce0000 	C:\Program Files\TortoiseSVN\bin\TortoiseStub.dll
0x000000000e280000 - 0x000000000e2f8000 	C:\Program Files\TortoiseSVN\bin\TortoiseSVN.dll
0x000007fefd450000 - 0x000007fefd67f000 	C:\Windows\system32\WININET.dll
0x000007fefd1a0000 - 0x000007fefd1a4000 	C:\Windows\system32\api-ms-win-downlevel-user32-l1-1-0.dll
0x000007fefd440000 - 0x000007fefd444000 	C:\Windows\system32\api-ms-win-downlevel-shlwapi-l1-1-0.dll
0x000000000df80000 - 0x000000000df84000 	C:\Windows\system32\api-ms-win-downlevel-version-l1-1-0.dll
0x000007fefd3d0000 - 0x000007fefd3d3000 	C:\Windows\system32\api-ms-win-downlevel-normaliz-l1-1-0.dll
0x0000000077430000 - 0x0000000077433000 	C:\Windows\system32\normaliz.DLL
0x000007feff070000 - 0x000007feff319000 	C:\Windows\system32\iertutil.dll
0x000007fefd110000 - 0x000007fefd115000 	C:\Windows\system32\api-ms-win-downlevel-advapi32-l1-1-0.dll
0x000007fef49c0000 - 0x000007fef4d9b000 	C:\Program Files\TortoiseSVN\bin\libsvn_tsvn.dll
0x000000000df90000 - 0x000000000dfbb000 	C:\Program Files\TortoiseSVN\bin\libapr_tsvn.dll
0x000000000e400000 - 0x000000000e441000 	C:\Program Files\TortoiseSVN\bin\libaprutil_tsvn.dll
0x000007fef9030000 - 0x000007fef9040000 	C:\Program Files\TortoiseSVN\bin\intl3_tsvn.dll
0x000007fef9010000 - 0x000007fef902a000 	C:\Program Files\TortoiseSVN\bin\libsasl.dll
0x000007fefccb0000 - 0x000007fefccbb000 	C:\Windows\system32\Secur32.dll
0x000007fefce80000 - 0x000007fefcea5000 	C:\Windows\system32\SSPICLI.DLL
0x000000005eac0000 - 0x000000005eb58000 	C:\Windows\system32\MSVCP100.dll
0x000007fef6920000 - 0x000007fef6955000 	C:\Windows\system32\EhStorShell.dll
0x000007fefbc40000 - 0x000007fefbd6c000 	C:\Windows\system32\PROPSYS.dll
0x000007fef6390000 - 0x000007fef6450000 	C:\Program Files (x86)\Google\Drive\googledrivesync64.dll
0x00000000727f0000 - 0x00000000728c3000 	C:\Windows\WinSxS\amd64_microsoft.vc90.crt_1fc8b3b9a1e18e3b_9.0.30729.6161_none_08e61857a83bc251\MSVCP90.dll
0x000000005ef10000 - 0x000000005efb3000 	C:\Windows\WinSxS\amd64_microsoft.vc90.crt_1fc8b3b9a1e18e3b_9.0.30729.6161_none_08e61857a83bc251\MSVCR90.dll
0x0000000026060000 - 0x000000002608a000 	C:\Program Files\Java\jdk1.8.0\jre\bin\dcpr.dll
0x000007fefb240000 - 0x000007fefb258000 	C:\Windows\system32\dhcpcsvc.DLL
0x000007fefb220000 - 0x000007fefb231000 	C:\Windows\system32\dhcpcsvc6.DLL
0x000000002c5a0000 - 0x000000002c5c3000 	C:\Program Files\Java\jdk1.8.0\jre\bin\instrument.dll
0x000007feef5c0000 - 0x000007feef6e5000 	C:\Windows\system32\dbghelp.dll

VM Arguments:
jvm_args: -agentlib:jdwp=transport=dt_socket,suspend=y,address=localhost:21186 -Xmx4096M -Xss100M -Djava.library.path=C:\Users\Hanno\Downloads\lwjgl-2.9.2\native\windows -Dfile.encoding=Cp1252 
java_command: main.World
java_class_path (initial): C:\workspace - Kopie\HPEngine\bin;C:\Users\Hanno\Downloads\lwjgl-2.9.2\jar\lwjgl.jar;C:\Users\Hanno\Downloads\lwjgl-2.9.2\jar\lwjgl_util.jar;C:\Users\Hanno\Downloads\PNGDecoder.jar;C:\Users\Hanno\Downloads\slick-util.jar;C:\Users\Hanno\Downloads\junit-4.10.jar;C:\Users\Hanno\Downloads\weblaf-1.15.jar;C:\workspace - Kopie\java-dds\target\dds-1.0.1-SNAPSHOT.jar
Launcher Type: SUN_STANDARD

Environment Variables:
JAVA_HOME=C:\Program Files\Java\jdk1.8.0
JRE_HOME=C:\Program Files\Java\jdk1.8.0\jre
PATH=C:\Program Files\Java\jdk1.8.0\jre\bin;C:/Program Files/Java/jdk1.8.0/bin/../jre/bin/server;C:/Program Files/Java/jdk1.8.0/bin/../jre/bin;C:/Program Files/Java/jdk1.8.0/bin/../jre/lib/amd64;C:\Program Files\ImageMagick-6.8.9-Q16;C:\Program Files (x86)\NVIDIA Corporation\PhysX\Common;C:\Python27\Lib\site-packages\PyQt4;C:\Windows\system32;C:\Windows;C:\Windows\System32\Wbem;C:\Windows\System32\WindowsPowerShell\v1.0\;C:\Program Files\Microsoft\Web Platform Installer\;C:\Program Files (x86)\Microsoft ASP.NET\ASP.NET Web Pages\v1.0\;C:\Program Files (x86)\Windows Kits\8.0\Windows Performance Toolkit\;C:\Program Files\Microsoft SQL Server\110\Tools\Binn\;c:\Program Files (x86)\Microsoft SQL Server\100\Tools\Binn\;c:\Program Files\Microsoft SQL Server\100\Tools\Binn\;c:\Program Files\Microsoft SQL Server\100\DTS\Binn\;C:\Python27;C:\Python27\DLLs;C:\Python27\Scripts;C:\Python27\Lib\site-packages\vtk;C:\Python27\gnuplot\binary;C:\Program Files (x86)\pythonxy\SciTE-3.2.2-1;C:\Program Files (x86)\pythonxy\console;C:\MinGW32-xy\bin;C:\Program Files\OpenVPN\bin;C:\Program Files (x86)\Common Files\Adobe\AGL;C:\D\dmd2\windows\bin;C:\D\dmd\windows\bin;C:\D\dm\bin;C:\Program Files\TortoiseSVN\bin;C:\android-adb;C:\play-2.2.0;C:\Program Files\Java\jdk1.8.0\bin;C:\Program Files (x86)\Heroku\bin;C:\Program Files (x86)\git\cmd;C:\Program Files\apache-maven-3.2.1\bin;C:\HashiCorp\Vagrant\bin;C:\gradle-1.8\bin;C:\Program Files\Common Files\Autodesk Shared\;C:\Program Files (x86)\Autodesk\Backburner\;C:\Program Files\SlikSvn\bin;;C:\Program Files\eclipse_luna;
USERNAME=Hanno
OS=Windows_NT
PROCESSOR_IDENTIFIER=Intel64 Family 6 Model 42 Stepping 7, GenuineIntel



---------------  S Y S T E M  ---------------

OS: Windows 7 , 64 bit Build 7601 Service Pack 1

CPU:total 8 (4 cores per cpu, 2 threads per core) family 6 model 42 stepping 7, cmov, cx8, fxsr, mmx, sse, sse2, sse3, ssse3, sse4.1, sse4.2, popcnt, avx, aes, clmul, ht, tsc, tscinvbit

Memory: 4k page, physical 8300700k(1497716k free), swap 16599536k(7946712k free)

vm_info: Java HotSpot(TM) 64-Bit Server VM (25.0-b70) for windows-amd64 JRE (1.8.0-b132), built on Mar  4 2014 03:46:18 by "java_re" with MS VC++ 10.0 (VS2010)

time: Sat May 31 02:44:33 2014
elapsed time: 377 seconds

