#
# A fatal error has been detected by the Java Runtime Environment:
#
#  EXCEPTION_ACCESS_VIOLATION (0xc0000005) at pc=0x000000005d8a0fcb, pid=5784, tid=6864
#
# JRE version: Java(TM) SE Runtime Environment (8.0-b132) (build 1.8.0-b132)
# Java VM: Java HotSpot(TM) 64-Bit Server VM (25.0-b70 mixed mode windows-amd64 compressed oops)
# Problematic frame:
# V  [jvm.dll+0x100fcb]
#
# Failed to write core dump. Minidumps are not enabled by default on client versions of Windows
#
# If you would like to submit a bug report, please visit:
#   http://bugreport.sun.com/bugreport/crash.jsp
#

---------------  T H R E A D  ---------------

Current thread (0x00000000023a8000):  GCTaskThread [stack: 0x000000000a560000,0x000000000a660000] [id=6864]

siginfo: ExceptionCode=0xc0000005, reading address 0x0000000208b00008

Registers:
RAX=0x000000001e010000, RBX=0x00000006c33205e8, RCX=0x0000000000000003, RDX=0x0000000000000001
RSP=0x000000000a65f830, RBP=0x00000006c33204ac, RSI=0x0000000000000006, RDI=0x000000000c870090
R8 =0x0000000208b00000, R9 =0x0000000000000006, R10=0x000000000000000c, R11=0x0000000000000033
R12=0x00000006c33204b8, R13=0x00000007c01b4f98, R14=0x00000007c01b4fa0, R15=0x00000006c3320488
RIP=0x000000005d8a0fcb, EFLAGS=0x0000000000010206

Top of Stack: (sp=0x000000000a65f830)
0x000000000a65f830:   00000006c33204b8 00000006c33204a8
0x000000000a65f840:   0000000000000006 000000000c870090
0x000000000a65f850:   0000000000000000 00000000023a8320
0x000000000a65f860:   000000000239c6e0 0000000000000007
0x000000000a65f870:   0000000000000033 000000005db67940
0x000000000a65f880:   000000000cc501d8 0000000000000000
0x000000000a65f890:   000000000c870090 000000005dda8270
0x000000000a65f8a0:   00000006c47dac38 000000000c870090
0x000000000a65f8b0:   00000006c47dac34 0000000000000006
0x000000000a65f8c0:   00000006c47dac38 000000005d8c6b29
0x000000000a65f8d0:   000000000cc50130 0000000000000040
0x000000000a65f8e0:   00000006c0ce5c18 000000000239c6e0
0x000000000a65f8f0:   00000000023a8330 00000000023a8320
0x000000000a65f900:   000000005dda8270 0000000000000007
0x000000000a65f910:   000000004d295ac0 0000000000000000
0x000000000a65f920:   000000000c870090 000000005db6539f 

Instructions: (pc=0x000000005d8a0fcb)
0x000000005d8a0fab:   6a 00 84 d2 74 16 44 8b 43 08 8b 0d 9d 22 64 00
0x000000005d8a0fbb:   49 d3 e0 4c 03 05 8b 22 64 00 eb 04 4c 8b 43 08
0x000000005d8a0fcb:   45 8b 48 08 45 85 c9 7e 0c 41 f6 c1 01 75 4b 41
0x000000005d8a0fdb:   c1 f9 03 eb 57 79 43 84 d2 41 8b c9 b8 10 00 00 


Register to memory mapping:

RAX=0x000000001e010000 is an unknown value
RBX=0x00000006c33205e8 is pointing into object: 0x00000006c33205e0
org.lwjgl.util.vector.Vector3f 
 - klass: 'org/lwjgl/util/vector/Vector3f'
RCX=0x0000000000000003 is an unknown value
RDX=0x0000000000000001 is an unknown value
RSP=0x000000000a65f830 is an unknown value
RBP=0x00000006c33204ac is pointing into object: 0x00000006c3320488
main.octree.Octree$Node 
 - klass: 'main/octree/Octree$Node'
RSI=0x0000000000000006 is an unknown value
RDI=0x000000000c870090 is an unknown value
R8 =0x0000000208b00000 is an unknown value
R9 =0x0000000000000006 is an unknown value
R10=0x000000000000000c is an unknown value
R11=0x0000000000000033 is an unknown value
R12=0x00000006c33204b8 is an oop
[Lmain.octree.Octree$Node; 
 - klass: 'main/octree/Octree$Node'[]
 - length: 8
R13=0x00000007c01b4f98 is an unknown value
R14=0x00000007c01b4fa0 is an unknown value
R15=0x00000006c3320488 is an oop
main.octree.Octree$Node 
 - klass: 'main/octree/Octree$Node'


Stack: [0x000000000a560000,0x000000000a660000],  sp=0x000000000a65f830,  free space=1022k
Native frames: (J=compiled Java code, j=interpreted, Vv=VM code, C=native code)
V  [jvm.dll+0x100fcb]
V  [jvm.dll+0x3c7940]
V  [jvm.dll+0x3c539f]
V  [jvm.dll+0x3c255e]
V  [jvm.dll+0x27baea]
C  [msvcr100.dll+0x21d9f]
C  [msvcr100.dll+0x21e3b]
C  [kernel32.dll+0x159ed]
C  [ntdll.dll+0x2c541]


---------------  P R O C E S S  ---------------

Java Threads: ( => current thread )
  0x000000000cc2f800 JavaThread "Image Fetcher 0" daemon [_thread_blocked, id=8104, stack(0x0000000064520000,0x000000006a920000)]
  0x000000000cb2f000 JavaThread "AWT-Windows" daemon [_thread_in_native, id=4664, stack(0x0000000052580000,0x0000000058980000)]
  0x000000000cb2d800 JavaThread "Java2D Disposer" daemon [_thread_blocked, id=4892, stack(0x0000000045b20000,0x000000004bf20000)]
  0x000000000c991800 JavaThread "Service Thread" daemon [_thread_blocked, id=6284, stack(0x000000003f550000,0x0000000045950000)]
  0x000000000b85f000 JavaThread "C1 CompilerThread3" daemon [_thread_blocked, id=4284, stack(0x000000000dfa0000,0x000000000e0a0000)]
  0x000000000c916800 JavaThread "C2 CompilerThread2" daemon [_thread_blocked, id=7192, stack(0x000000000ddd0000,0x000000000ded0000)]
  0x000000000c90e000 JavaThread "C2 CompilerThread1" daemon [_thread_blocked, id=3440, stack(0x000000000dc50000,0x000000000dd50000)]
  0x000000000c906800 JavaThread "C2 CompilerThread0" daemon [_thread_blocked, id=8132, stack(0x000000000da60000,0x000000000db60000)]
  0x000000000c903000 JavaThread "Attach Listener" daemon [_thread_blocked, id=7808, stack(0x0000000039090000,0x000000003f490000)]
  0x000000000c902000 JavaThread "Signal Dispatcher" daemon [_thread_blocked, id=8096, stack(0x0000000032b70000,0x0000000038f70000)]
  0x000000000b849000 JavaThread "Finalizer" daemon [_thread_blocked, id=8084, stack(0x000000002c680000,0x0000000032a80000)]
  0x000000000241e800 JavaThread "Reference Handler" daemon [_thread_blocked, id=7832, stack(0x0000000026150000,0x000000002c550000)]
  0x000000000243f000 JavaThread "main" [_thread_blocked, id=3380, stack(0x00000000026e0000,0x0000000008ae0000)]

Other Threads:
  0x000000000241b800 VMThread [stack: 0x000000000d8f0000,0x000000000d9f0000] [id=5488]
  0x000000000c994800 WatcherThread [stack: 0x000000000e110000,0x000000000e210000] [id=7820]

=>0x00000000023a8000 (exited) GCTaskThread [stack: 0x000000000a560000,0x000000000a660000] [id=6864]

VM state:at safepoint (normal execution)

VM Mutex/Monitor currently owned by a thread:  ([mutex/lock_event])
[0x000000000243c950] Threads_lock - owner thread: 0x000000000241b800
[0x000000000243ce50] Heap_lock - owner thread: 0x000000000243f000

Heap:
 PSYoungGen      total 114176K, used 2784K [0x000000076ab00000, 0x0000000775800000, 0x00000007c0000000)
  eden space 81920K, 0% used [0x000000076ab00000,0x000000076ab00000,0x000000076fb00000)
  from space 32256K, 8% used [0x000000076fb00000,0x000000076fdb8040,0x0000000771a80000)
  to   space 31232K, 0% used [0x0000000773980000,0x0000000773980000,0x0000000775800000)
 ParOldGen       total 129536K, used 119025K [0x00000006c0000000, 0x00000006c7e80000, 0x000000076ab00000)
  object space 129536K, 91% used [0x00000006c0000000,0x00000006c743c6e8,0x00000006c7e80000)
 Metaspace       used 15606K, capacity 15731K, committed 15872K, reserved 1062912K
  class space    used 1765K, capacity 1790K, committed 1792K, reserved 1048576K

Card table byte_map: [0x0000000008ea0000,0x00000000096b0000] byte_map_base: 0x00000000058a0000

Marking Bits: (ParMarkBitMap*) 0x000000005df513b0
 Begin Bits: [0x000000001e010000, 0x0000000022010000)
 End Bits:   [0x0000000022010000, 0x0000000026010000)

Polling page: 0x0000000000330000

CodeCache: size=245760Kb used=5295Kb max_used=5296Kb free=240464Kb
 bounds [0x000000000f010000, 0x000000000f550000, 0x000000001e010000]
 total_blobs=2124 nmethods=1496 adapters=541
 compilation: enabled

Compilation events (10 events):
Event: 4.246 Thread 0x000000000b85f000 1493       3       main.util.OBJLoader::parseTexCoords (40 bytes)
Event: 4.247 Thread 0x000000000b85f000 nmethod 1493 0x000000000f540e90 code [0x000000000f541100, 0x000000000f541e98]
Event: 4.248 Thread 0x000000000b85f000 1494       1       main.DataChannels::getLocation (5 bytes)
Event: 4.248 Thread 0x000000000b85f000 nmethod 1494 0x000000000f53ab50 code [0x000000000f53aca0, 0x000000000f53adb0]
Event: 4.251 Thread 0x000000000b85f000 1495       3       java.nio.ByteBuffer::hasArray (20 bytes)
Event: 4.251 Thread 0x000000000b85f000 nmethod 1495 0x000000000f53a790 code [0x000000000f53a8e0, 0x000000000f53aad0]
Event: 4.251 Thread 0x000000000b85f000 1496       3       java.nio.CharBuffer::array (35 bytes)
Event: 4.251 Thread 0x000000000b85f000 nmethod 1496 0x000000000f53fc10 code [0x000000000f53fda0, 0x000000000f540098]
Event: 4.278 Thread 0x000000000b85f000 1497       3       java.awt.image.SinglePixelPackedSampleModel::getNumDataElements (2 bytes)
Event: 4.279 Thread 0x000000000b85f000 nmethod 1497 0x000000000f53a490 code [0x000000000f53a5e0, 0x000000000f53a730]

GC Heap History (10 events):
Event: 3.205 GC heap after
Heap after GC invocations=17 (full 0):
 PSYoungGen      total 54784K, used 3063K [0x000000076ab00000, 0x000000076f900000, 0x00000007c0000000)
  eden space 51712K, 0% used [0x000000076ab00000,0x000000076ab00000,0x000000076dd80000)
  from space 3072K, 99% used [0x000000076dd80000,0x000000076e07dec8,0x000000076e080000)
  to   space 3584K, 0% used [0x000000076f580000,0x000000076f580000,0x000000076f900000)
 ParOldGen       total 129536K, used 38986K [0x00000006c0000000, 0x00000006c7e80000, 0x000000076ab00000)
  object space 129536K, 30% used [0x00000006c0000000,0x00000006c26129d8,0x00000006c7e80000)
 Metaspace       used 15392K, capacity 15539K, committed 15616K, reserved 1062912K
  class space    used 1742K, capacity 1790K, committed 1792K, reserved 1048576K
}
Event: 3.433 GC heap before
{Heap before GC invocations=18 (full 0):
 PSYoungGen      total 54784K, used 54775K [0x000000076ab00000, 0x000000076f900000, 0x00000007c0000000)
  eden space 51712K, 100% used [0x000000076ab00000,0x000000076dd80000,0x000000076dd80000)
  from space 3072K, 99% used [0x000000076dd80000,0x000000076e07dec8,0x000000076e080000)
  to   space 3584K, 0% used [0x000000076f580000,0x000000076f580000,0x000000076f900000)
 ParOldGen       total 129536K, used 38986K [0x00000006c0000000, 0x00000006c7e80000, 0x000000076ab00000)
  object space 129536K, 30% used [0x00000006c0000000,0x00000006c26129d8,0x00000006c7e80000)
 Metaspace       used 15394K, capacity 15539K, committed 15616K, reserved 1062912K
  class space    used 1742K, capacity 1790K, committed 1792K, reserved 1048576K
Event: 3.437 GC heap after
Heap after GC invocations=18 (full 0):
 PSYoungGen      total 72704K, used 3552K [0x000000076ab00000, 0x0000000770000000, 0x00000007c0000000)
  eden space 69120K, 0% used [0x000000076ab00000,0x000000076ab00000,0x000000076ee80000)
  from space 3584K, 99% used [0x000000076f580000,0x000000076f8f8040,0x000000076f900000)
  to   space 7168K, 0% used [0x000000076ee80000,0x000000076ee80000,0x000000076f580000)
 ParOldGen       total 129536K, used 47818K [0x00000006c0000000, 0x00000006c7e80000, 0x000000076ab00000)
  object space 129536K, 36% used [0x00000006c0000000,0x00000006c2eb2a68,0x00000006c7e80000)
 Metaspace       used 15394K, capacity 15539K, committed 15616K, reserved 1062912K
  class space    used 1742K, capacity 1790K, committed 1792K, reserved 1048576K
}
Event: 3.711 GC heap before
{Heap before GC invocations=19 (full 0):
 PSYoungGen      total 72704K, used 72672K [0x000000076ab00000, 0x0000000770000000, 0x00000007c0000000)
  eden space 69120K, 100% used [0x000000076ab00000,0x000000076ee80000,0x000000076ee80000)
  from space 3584K, 99% used [0x000000076f580000,0x000000076f8f8040,0x000000076f900000)
  to   space 7168K, 0% used [0x000000076ee80000,0x000000076ee80000,0x000000076f580000)
 ParOldGen       total 129536K, used 47818K [0x00000006c0000000, 0x00000006c7e80000, 0x000000076ab00000)
  object space 129536K, 36% used [0x00000006c0000000,0x00000006c2eb2a68,0x00000006c7e80000)
 Metaspace       used 15562K, capacity 15731K, committed 15872K, reserved 1062912K
  class space    used 1760K, capacity 1790K, committed 1792K, reserved 1048576K
Event: 3.732 GC heap after
Heap after GC invocations=19 (full 0):
 PSYoungGen      total 76288K, used 7162K [0x000000076ab00000, 0x0000000772b80000, 0x00000007c0000000)
  eden space 69120K, 0% used [0x000000076ab00000,0x000000076ab00000,0x000000076ee80000)
  from space 7168K, 99% used [0x000000076ee80000,0x000000076f57e830,0x000000076f580000)
  to   space 17408K, 0% used [0x0000000771a80000,0x0000000771a80000,0x0000000772b80000)
 ParOldGen       total 129536K, used 71919K [0x00000006c0000000, 0x00000006c7e80000, 0x000000076ab00000)
  object space 129536K, 55% used [0x00000006c0000000,0x00000006c463beb8,0x00000006c7e80000)
 Metaspace       used 15562K, capacity 15731K, committed 15872K, reserved 1062912K
  class space    used 1760K, capacity 1790K, committed 1792K, reserved 1048576K
}
Event: 3.891 GC heap before
{Heap before GC invocations=20 (full 0):
 PSYoungGen      total 76288K, used 76282K [0x000000076ab00000, 0x0000000772b80000, 0x00000007c0000000)
  eden space 69120K, 100% used [0x000000076ab00000,0x000000076ee80000,0x000000076ee80000)
  from space 7168K, 99% used [0x000000076ee80000,0x000000076f57e830,0x000000076f580000)
  to   space 17408K, 0% used [0x0000000771a80000,0x0000000771a80000,0x0000000772b80000)
 ParOldGen       total 129536K, used 71919K [0x00000006c0000000, 0x00000006c7e80000, 0x000000076ab00000)
  object space 129536K, 55% used [0x00000006c0000000,0x00000006c463beb8,0x00000006c7e80000)
 Metaspace       used 15597K, capacity 15731K, committed 15872K, reserved 1062912K
  class space    used 1763K, capacity 1790K, committed 1792K, reserved 1048576K
Event: 3.924 GC heap after
Heap after GC invocations=20 (full 0):
 PSYoungGen      total 99328K, used 17376K [0x000000076ab00000, 0x0000000774880000, 0x00000007c0000000)
  eden space 81920K, 0% used [0x000000076ab00000,0x000000076ab00000,0x000000076fb00000)
  from space 17408K, 99% used [0x0000000771a80000,0x0000000772b78020,0x0000000772b80000)
  to   space 32256K, 0% used [0x000000076fb00000,0x000000076fb00000,0x0000000771a80000)
 ParOldGen       total 129536K, used 103089K [0x00000006c0000000, 0x00000006c7e80000, 0x000000076ab00000)
  object space 129536K, 79% used [0x00000006c0000000,0x00000006c64ac6e8,0x00000006c7e80000)
 Metaspace       used 15597K, capacity 15731K, committed 15872K, reserved 1062912K
  class space    used 1763K, capacity 1790K, committed 1792K, reserved 1048576K
}
Event: 4.323 GC heap before
{Heap before GC invocations=21 (full 0):
 PSYoungGen      total 99328K, used 99296K [0x000000076ab00000, 0x0000000774880000, 0x00000007c0000000)
  eden space 81920K, 100% used [0x000000076ab00000,0x000000076fb00000,0x000000076fb00000)
  from space 17408K, 99% used [0x0000000771a80000,0x0000000772b78020,0x0000000772b80000)
  to   space 32256K, 0% used [0x000000076fb00000,0x000000076fb00000,0x0000000771a80000)
 ParOldGen       total 129536K, used 103089K [0x00000006c0000000, 0x00000006c7e80000, 0x000000076ab00000)
  object space 129536K, 79% used [0x00000006c0000000,0x00000006c64ac6e8,0x00000006c7e80000)
 Metaspace       used 15606K, capacity 15731K, committed 15872K, reserved 1062912K
  class space    used 1765K, capacity 1790K, committed 1792K, reserved 1048576K
Event: 4.338 GC heap after
Heap after GC invocations=21 (full 0):
 PSYoungGen      total 114176K, used 2784K [0x000000076ab00000, 0x0000000775800000, 0x00000007c0000000)
  eden space 81920K, 0% used [0x000000076ab00000,0x000000076ab00000,0x000000076fb00000)
  from space 32256K, 8% used [0x000000076fb00000,0x000000076fdb8040,0x0000000771a80000)
  to   space 31232K, 0% used [0x0000000773980000,0x0000000773980000,0x0000000775800000)
 ParOldGen       total 129536K, used 119025K [0x00000006c0000000, 0x00000006c7e80000, 0x000000076ab00000)
  object space 129536K, 91% used [0x00000006c0000000,0x00000006c743c6e8,0x00000006c7e80000)
 Metaspace       used 15606K, capacity 15731K, committed 15872K, reserved 1062912K
  class space    used 1765K, capacity 1790K, committed 1792K, reserved 1048576K
}
Event: 4.338 GC heap before
{Heap before GC invocations=22 (full 1):
 PSYoungGen      total 114176K, used 2784K [0x000000076ab00000, 0x0000000775800000, 0x00000007c0000000)
  eden space 81920K, 0% used [0x000000076ab00000,0x000000076ab00000,0x000000076fb00000)
  from space 32256K, 8% used [0x000000076fb00000,0x000000076fdb8040,0x0000000771a80000)
  to   space 31232K, 0% used [0x0000000773980000,0x0000000773980000,0x0000000775800000)
 ParOldGen       total 129536K, used 119025K [0x00000006c0000000, 0x00000006c7e80000, 0x000000076ab00000)
  object space 129536K, 91% used [0x00000006c0000000,0x00000006c743c6e8,0x00000006c7e80000)
 Metaspace       used 15606K, capacity 15731K, committed 15872K, reserved 1062912K
  class space    used 1765K, capacity 1790K, committed 1792K, reserved 1048576K

Deoptimization events (10 events):
Event: 0.671 Thread 0x000000000243f000 Uncommon trap: reason=unreached action=reinterpret pc=0x000000000f26bd9c method=java.util.HashMap.putVal(ILjava/lang/Object;Ljava/lang/Object;ZZ)Ljava/lang/Object; @ 193
Event: 0.676 Thread 0x000000000243f000 Uncommon trap: reason=unreached action=reinterpret pc=0x000000000f27b6fc method=java.util.HashMap.putVal(ILjava/lang/Object;Ljava/lang/Object;ZZ)Ljava/lang/Object; @ 193
Event: 0.716 Thread 0x000000000243f000 Uncommon trap: reason=range_check action=make_not_entrant pc=0x000000000f280d68 method=sun.reflect.generics.parser.SignatureParser.current()C @ 34
Event: 1.642 Thread 0x000000000243f000 Uncommon trap: reason=class_check action=maybe_recompile pc=0x000000000f2ce63c method=java.util.HashMap.putVal(ILjava/lang/Object;Ljava/lang/Object;ZZ)Ljava/lang/Object; @ 203
Event: 1.822 Thread 0x000000000e978800 Uncommon trap: reason=unreached action=reinterpret pc=0x000000000f3b7948 method=java.lang.Class.arrayContentsEq([Ljava/lang/Object;[Ljava/lang/Object;)Z @ 1
Event: 3.084 Thread 0x000000000243f000 Uncommon trap: reason=class_check action=maybe_recompile pc=0x000000000f4b6cfc method=java.lang.Character.codePointAt(Ljava/lang/CharSequence;I)I @ 2
Event: 3.085 Thread 0x000000000243f000 Uncommon trap: reason=class_check action=maybe_recompile pc=0x000000000f4b6cfc method=java.lang.Character.codePointAt(Ljava/lang/CharSequence;I)I @ 2
Event: 3.085 Thread 0x000000000243f000 Uncommon trap: reason=class_check action=maybe_recompile pc=0x000000000f4b6cfc method=java.lang.Character.codePointAt(Ljava/lang/CharSequence;I)I @ 2
Event: 3.085 Thread 0x000000000243f000 Uncommon trap: reason=class_check action=maybe_recompile pc=0x000000000f4b6cfc method=java.lang.Character.codePointAt(Ljava/lang/CharSequence;I)I @ 2
Event: 4.240 Thread 0x000000000243f000 Uncommon trap: reason=class_check action=maybe_recompile pc=0x000000000f51a480 method=com.sun.imageio.plugins.common.SubImageInputStream.read([BII)I @ 25

Internal exceptions (10 events):
Event: 3.692 Thread 0x000000000243f000 Exception <a 'java/security/PrivilegedActionException'> (0x000000076d4cc5e0) thrown at [D:\re\workspace\8-2-build-windows-amd64-cygwin\jdk8\2238\hotspot\src\share\vm\prims\jvm.cpp, line 1248]
Event: 3.692 Thread 0x000000000243f000 Exception <a 'java/security/PrivilegedActionException'> (0x000000076d4cfda0) thrown at [D:\re\workspace\8-2-build-windows-amd64-cygwin\jdk8\2238\hotspot\src\share\vm\prims\jvm.cpp, line 1248]
Event: 3.695 Thread 0x000000000243f000 Exception <a 'java/security/PrivilegedActionException'> (0x000000076d4d80f0) thrown at [D:\re\workspace\8-2-build-windows-amd64-cygwin\jdk8\2238\hotspot\src\share\vm\prims\jvm.cpp, line 1248]
Event: 3.743 Thread 0x000000000243f000 Exception <a 'java/security/PrivilegedActionException'> (0x000000076d1b5c50) thrown at [D:\re\workspace\8-2-build-windows-amd64-cygwin\jdk8\2238\hotspot\src\share\vm\prims\jvm.cpp, line 1248]
Event: 3.744 Thread 0x000000000243f000 Exception <a 'java/security/PrivilegedActionException'> (0x000000076d1bc100) thrown at [D:\re\workspace\8-2-build-windows-amd64-cygwin\jdk8\2238\hotspot\src\share\vm\prims\jvm.cpp, line 1248]
Event: 3.745 Thread 0x000000000243f000 Exception <a 'java/security/PrivilegedActionException'> (0x000000076d1c0460) thrown at [D:\re\workspace\8-2-build-windows-amd64-cygwin\jdk8\2238\hotspot\src\share\vm\prims\jvm.cpp, line 1248]
Event: 3.746 Thread 0x000000000243f000 Exception <a 'java/security/PrivilegedActionException'> (0x000000076d1c60a8) thrown at [D:\re\workspace\8-2-build-windows-amd64-cygwin\jdk8\2238\hotspot\src\share\vm\prims\jvm.cpp, line 1248]
Event: 4.238 Thread 0x000000000243f000 Exception <a 'java/lang/ClassNotFoundException': sun/net/www/protocol/c/Handler> (0x000000076ee95d68) thrown at [D:\re\workspace\8-2-build-windows-amd64-cygwin\jdk8\2238\hotspot\src\share\vm\classfile\systemDictionary.cpp, line 202]
Event: 4.239 Thread 0x000000000243f000 Exception <a 'java/security/PrivilegedActionException'> (0x000000076ee96c18) thrown at [D:\re\workspace\8-2-build-windows-amd64-cygwin\jdk8\2238\hotspot\src\share\vm\prims\jvm.cpp, line 1248]
Event: 4.239 Thread 0x000000000243f000 Exception <a 'java/security/PrivilegedActionException'> (0x000000076ee98038) thrown at [D:\re\workspace\8-2-build-windows-amd64-cygwin\jdk8\2238\hotspot\src\share\vm\prims\jvm.cpp, line 1248]

Events (10 events):
Event: 4.238 loading class sun/net/www/protocol/c/Handler
Event: 4.238 loading class sun/net/www/protocol/c/Handler done
Event: 4.240 loading class javax/imageio/stream/FileImageInputStream
Event: 4.240 loading class javax/imageio/stream/FileImageInputStream done
Event: 4.240 loading class com/sun/imageio/stream/CloseableDisposerRecord
Event: 4.240 loading class com/sun/imageio/stream/CloseableDisposerRecord done
Event: 4.240 Thread 0x000000000243f000 Uncommon trap: trap_request=0xffffffde fr.pc=0x000000000f51a480
Event: 4.240 Thread 0x000000000243f000 DEOPT PACKING pc=0x000000000f51a480 sp=0x0000000008adead0
Event: 4.240 Thread 0x000000000243f000 DEOPT UNPACKING pc=0x000000000f0555af sp=0x0000000008ade900 mode 2
Event: 4.323 Executing VM operation: ParallelGCFailedAllocation


Dynamic libraries:
0x000000013ff70000 - 0x000000013ffa4000 	C:\Program Files\Java\jdk1.8.0\bin\javaw.exe
0x00000000774f0000 - 0x0000000077699000 	C:\Windows\SYSTEM32\ntdll.dll
0x00000000773d0000 - 0x00000000774ef000 	C:\Windows\system32\kernel32.dll
0x000007fefd580000 - 0x000007fefd5ec000 	C:\Windows\system32\KERNELBASE.dll
0x000007fefded0000 - 0x000007fefdfab000 	C:\Windows\system32\ADVAPI32.dll
0x000007fefde30000 - 0x000007fefdecf000 	C:\Windows\system32\msvcrt.dll
0x000007fefdde0000 - 0x000007fefddff000 	C:\Windows\SYSTEM32\sechost.dll
0x000007fefe110000 - 0x000007fefe23d000 	C:\Windows\system32\RPCRT4.dll
0x00000000772d0000 - 0x00000000773ca000 	C:\Windows\system32\USER32.dll
0x000007feff6b0000 - 0x000007feff717000 	C:\Windows\system32\GDI32.dll
0x000007feff590000 - 0x000007feff59e000 	C:\Windows\system32\LPK.dll
0x000007fefd6e0000 - 0x000007fefd7a9000 	C:\Windows\system32\USP10.dll
0x000007fefb9e0000 - 0x000007fefbbd4000 	C:\Windows\WinSxS\amd64_microsoft.windows.common-controls_6595b64144ccf1df_6.0.7601.17514_none_fa396087175ac9ac\COMCTL32.dll
0x000007feff480000 - 0x000007feff4f1000 	C:\Windows\system32\SHLWAPI.dll
0x000007fefde00000 - 0x000007fefde2e000 	C:\Windows\system32\IMM32.DLL
0x000007feff5a0000 - 0x000007feff6a9000 	C:\Windows\system32\MSCTF.dll
0x000007fefd270000 - 0x000007fefd2a1000 	C:\Windows\system32\nvinitx.dll
0x000000000f000000 - 0x000000000f006000 	C:\Program Files\NVIDIA Corporation\CoProcManager\detoured.dll
0x000007fef99f0000 - 0x000007fef9a1d000 	C:\Program Files\NVIDIA Corporation\CoProcManager\nvd3d9wrapx.dll
0x000007fefe510000 - 0x000007fefe6e7000 	C:\Windows\system32\SETUPAPI.dll
0x000007fefd360000 - 0x000007fefd396000 	C:\Windows\system32\CFGMGR32.dll
0x000007feff720000 - 0x000007feff7f7000 	C:\Windows\system32\OLEAUT32.dll
0x000007fefdb50000 - 0x000007fefdd53000 	C:\Windows\system32\ole32.dll
0x000007fefd600000 - 0x000007fefd61a000 	C:\Windows\system32\DEVOBJ.dll
0x000007fef98c0000 - 0x000007fef98e2000 	C:\Program Files\NVIDIA Corporation\CoProcManager\nvdxgiwrapx.dll
0x000000006eed0000 - 0x000000006efa2000 	C:\Program Files\Java\jdk1.8.0\jre\bin\msvcr100.dll
0x000000005d7a0000 - 0x000000005dfca000 	C:\Program Files\Java\jdk1.8.0\jre\bin\server\jvm.dll
0x000007fef3f30000 - 0x000007fef3f39000 	C:\Windows\system32\WSOCK32.dll
0x000007fefda60000 - 0x000007fefdaad000 	C:\Windows\system32\WS2_32.dll
0x000007feff500000 - 0x000007feff508000 	C:\Windows\system32\NSI.dll
0x000007fefafc0000 - 0x000007fefaffb000 	C:\Windows\system32\WINMM.dll
0x00000000776b0000 - 0x00000000776b7000 	C:\Windows\system32\PSAPI.DLL
0x0000000073860000 - 0x000000007386f000 	C:\Program Files\Java\jdk1.8.0\jre\bin\verify.dll
0x0000000070bc0000 - 0x0000000070be8000 	C:\Program Files\Java\jdk1.8.0\jre\bin\java.dll
0x0000000072510000 - 0x0000000072526000 	C:\Program Files\Java\jdk1.8.0\jre\bin\zip.dll
0x000007fefe6f0000 - 0x000007feff478000 	C:\Windows\system32\SHELL32.dll
0x000007fefd2b0000 - 0x000007fefd2bf000 	C:\Windows\system32\profapi.dll
0x0000000072b20000 - 0x0000000072b2d000 	C:\Program Files\Java\jdk1.8.0\jre\bin\management.dll
0x000000006b870000 - 0x000000006ba06000 	C:\Program Files\Java\jdk1.8.0\jre\bin\awt.dll
0x000007fefb830000 - 0x000007fefb886000 	C:\Windows\system32\uxtheme.dll
0x000007fefb7b0000 - 0x000007fefb7c8000 	C:\Windows\system32\dwmapi.dll
0x000007fefd1a0000 - 0x000007fefd1af000 	C:\Windows\system32\CRYPTBASE.dll
0x00000000021e0000 - 0x00000000021ea000 	C:\Program Files (x86)\Lenovo\Energy Management\BatteryTestDLL.dll
0x0000000071a10000 - 0x0000000071ad9000 	C:\Windows\WinSxS\amd64_microsoft.vc80.crt_1fc8b3b9a1e18e3b_8.0.50727.4940_none_88df89932faf0bf6\MSVCR80.dll
0x00000000725a0000 - 0x00000000725dc000 	C:\Program Files\Java\jdk1.8.0\jre\bin\lcms.dll
0x00000000710d0000 - 0x00000000710ea000 	C:\Program Files\Java\jdk1.8.0\jre\bin\net.dll
0x000007fefc400000 - 0x000007fefc485000 	C:\Program Files (x86)\Avira\AntiVir Desktop\avsda64.dll
0x000007fefc3d0000 - 0x000007fefc3f7000 	C:\Windows\system32\IPHLPAPI.DLL
0x000007fefc3c0000 - 0x000007fefc3cb000 	C:\Windows\system32\WINNSI.DLL
0x000007fefcae0000 - 0x000007fefcb35000 	C:\Windows\system32\mswsock.dll
0x000007fefcad0000 - 0x000007fefcad7000 	C:\Windows\System32\wship6.dll
0x0000000180000000 - 0x0000000180051000 	C:\Users\Hanno\Downloads\lwjgl-2.9.2\native\windows\lwjgl64.dll
0x000007fef2500000 - 0x000007fef261d000 	C:\Windows\system32\OPENGL32.dll
0x000007fef2c70000 - 0x000007fef2c9d000 	C:\Windows\system32\GLU32.dll
0x000007fef2eb0000 - 0x000007fef2fa1000 	C:\Windows\system32\DDRAW.dll
0x000007fefa4d0000 - 0x000007fefa4d8000 	C:\Windows\system32\DCIMAN32.dll
0x000007fefc2d0000 - 0x000007fefc2dc000 	C:\Windows\system32\VERSION.dll
0x000007fefd530000 - 0x000007fefd56a000 	C:\Windows\system32\WINTRUST.dll
0x000007fefd3a0000 - 0x000007fefd50c000 	C:\Windows\system32\CRYPT32.dll
0x000007fefd350000 - 0x000007fefd35f000 	C:\Windows\system32\MSASN1.dll
0x0000000059df0000 - 0x000000005bc2c000 	C:\Windows\system32\nvoglv64.DLL
0x000007fefb390000 - 0x000007fefb3bd000 	C:\Windows\system32\ntmarta.dll
0x000007fefdd60000 - 0x000007fefddb2000 	C:\Windows\system32\WLDAP32.dll
0x000007fef9950000 - 0x000007fef99ec000 	C:\Windows\system32\mscms.dll
0x000007fefc5b0000 - 0x000007fefc5ce000 	C:\Windows\system32\USERENV.dll
0x000007fef2be0000 - 0x000007fef2c22000 	C:\Windows\system32\icm32.dll
0x000007fef57d0000 - 0x000007fef641f000 	C:\Windows\system32\igd10umd64.dll
0x000000006ec70000 - 0x000000006ec81000 	C:\Program Files\Java\jdk1.8.0\jre\bin\nio.dll
0x000007fefcb40000 - 0x000007fefcb57000 	C:\Windows\system32\CRYPTSP.dll
0x000007fefc840000 - 0x000007fefc887000 	C:\Windows\system32\rsaenh.dll
0x000007fefb080000 - 0x000007fefb095000 	C:\Windows\system32\NLAapi.dll
0x000007fef89e0000 - 0x000007fef89f5000 	C:\Windows\system32\napinsp.dll
0x000007fef89c0000 - 0x000007fef89d9000 	C:\Windows\system32\pnrpnsp.dll
0x000007fefc960000 - 0x000007fefc9bb000 	C:\Windows\system32\DNSAPI.dll
0x000007fef89b0000 - 0x000007fef89bb000 	C:\Windows\System32\winrnr.dll
0x000007fefc3a0000 - 0x000007fefc3a7000 	C:\Windows\System32\wshtcpip.dll
0x000007fef8170000 - 0x000007fef8178000 	C:\Windows\system32\rasadhlp.dll
0x000007fefa6f0000 - 0x000007fefa743000 	C:\Windows\System32\fwpuclnt.dll
0x000007fef6b70000 - 0x000007fef6b83000 	C:\Windows\system32\OpenCL.dll
0x000007fee91c0000 - 0x000007fee9cfc000 	C:\Windows\System32\nvopencl.dll
0x000007fef9460000 - 0x000007fef9779000 	C:\Windows\system32\nvapi64.dll
0x000007feeee40000 - 0x000007feeef65000 	C:\Windows\system32\dbghelp.dll

VM Arguments:
jvm_args: -Xmx4096M -Xss100M -Djava.library.path=C:\Users\Hanno\Downloads\lwjgl-2.9.2\native\windows -Dfile.encoding=Cp1252 
java_command: main.World
java_class_path (initial): C:\workspace - Kopie\HPEngine\bin;C:\Users\Hanno\Downloads\lwjgl-2.9.2\jar\lwjgl.jar;C:\Users\Hanno\Downloads\lwjgl-2.9.2\jar\lwjgl_util.jar;C:\Users\Hanno\Downloads\PNGDecoder.jar;C:\Users\Hanno\Downloads\slick-util.jar;C:\Users\Hanno\Downloads\junit-4.10.jar;C:\Users\Hanno\Downloads\weblaf-1.15.jar;C:\workspace - Kopie\java-dds\target\dds-1.0.1-SNAPSHOT.jar
Launcher Type: SUN_STANDARD

Environment Variables:
JAVA_HOME=C:\Program Files\Java\jdk1.8.0
JRE_HOME=C:\Program Files\Java\jdk1.8.0\jre
PATH=C:/Program Files/Java/jdk1.8.0/bin/../jre/bin/server;C:/Program Files/Java/jdk1.8.0/bin/../jre/bin;C:/Program Files/Java/jdk1.8.0/bin/../jre/lib/amd64;C:\Program Files\ImageMagick-6.8.9-Q16;C:\Program Files (x86)\NVIDIA Corporation\PhysX\Common;C:\Python27\Lib\site-packages\PyQt4;C:\Windows\system32;C:\Windows;C:\Windows\System32\Wbem;C:\Windows\System32\WindowsPowerShell\v1.0\;C:\Program Files\Microsoft\Web Platform Installer\;C:\Program Files (x86)\Microsoft ASP.NET\ASP.NET Web Pages\v1.0\;C:\Program Files (x86)\Windows Kits\8.0\Windows Performance Toolkit\;C:\Program Files\Microsoft SQL Server\110\Tools\Binn\;c:\Program Files (x86)\Microsoft SQL Server\100\Tools\Binn\;c:\Program Files\Microsoft SQL Server\100\Tools\Binn\;c:\Program Files\Microsoft SQL Server\100\DTS\Binn\;C:\Python27;C:\Python27\DLLs;C:\Python27\Scripts;C:\Python27\Lib\site-packages\vtk;C:\Python27\gnuplot\binary;C:\Program Files (x86)\pythonxy\SciTE-3.2.2-1;C:\Program Files (x86)\pythonxy\console;C:\MinGW32-xy\bin;C:\Program Files\OpenVPN\bin;C:\Program Files (x86)\Common Files\Adobe\AGL;C:\D\dmd2\windows\bin;C:\D\dmd\windows\bin;C:\D\dm\bin;C:\Program Files\TortoiseSVN\bin;C:\android-adb;C:\play-2.2.0;C:\Program Files\Java\jdk1.8.0\bin;C:\Program Files (x86)\Heroku\bin;C:\Program Files (x86)\git\cmd;C:\Program Files\apache-maven-3.2.1\bin;C:\HashiCorp\Vagrant\bin;C:\gradle-1.8\bin;C:\Program Files\Common Files\Autodesk Shared\;C:\Program Files (x86)\Autodesk\Backburner\;C:\Program Files\SlikSvn\bin;;C:\Program Files\eclipse_luna;
USERNAME=Hanno
OS=Windows_NT
PROCESSOR_IDENTIFIER=Intel64 Family 6 Model 42 Stepping 7, GenuineIntel



---------------  S Y S T E M  ---------------

OS: Windows 7 , 64 bit Build 7601 Service Pack 1

CPU:total 8 (4 cores per cpu, 2 threads per core) family 6 model 42 stepping 7, cmov, cx8, fxsr, mmx, sse, sse2, sse3, ssse3, sse4.1, sse4.2, popcnt, avx, aes, clmul, ht, tsc, tscinvbit

Memory: 4k page, physical 8300700k(4435932k free), swap 16599536k(11876436k free)

vm_info: Java HotSpot(TM) 64-Bit Server VM (25.0-b70) for windows-amd64 JRE (1.8.0-b132), built on Mar  4 2014 03:46:18 by "java_re" with MS VC++ 10.0 (VS2010)

time: Tue Jun 03 21:47:32 2014
elapsed time: 4 seconds

