JvmtiExport can_access_local_variables 1
JvmtiExport can_hotswap_or_post_breakpoint 1
JvmtiExport can_post_on_exceptions 1
# 323 ciObject found
instanceKlass sun/awt/X11/XConstants
instanceKlass jdk/internal/jrtfs/JrtPath
instanceKlass java/awt/EventQueue$5
instanceKlass sun/awt/X11/XWindowPeer$2
instanceKlass java/net/URLClassLoader$1
instanceKlass de/hanno/hpengine/editor/NewEditor$1
instanceKlass java/net/URLClassLoader$2
instanceKlass java/awt/MediaEntry
instanceKlass jdk/internal/jrtfs/JrtFileSystemProvider$1
instanceKlass java/awt/MediaTracker
instanceKlass sun/nio/fs/UnixUriUtils
instanceKlass java/util/AbstractMap$SimpleImmutableEntry
instanceKlass javax/swing/ImageIcon$2
instanceKlass javax/swing/ImageIcon$1
instanceKlass javax/swing/ImageIcon
instanceKlass jdk/internal/jimage/ImageBufferCache$2
instanceKlass org/pushingpixels/substance/internal/ui/SubstanceRadioButtonUI$$Lambda$445
instanceKlass jdk/internal/jimage/ImageBufferCache
instanceKlass sun/net/www/protocol/jrt/JavaRuntimeURLConnection$$Lambda$444
instanceKlass javax/swing/plaf/basic/BasicIconFactory$CheckBoxIcon
instanceKlass javax/swing/plaf/basic/BasicIconFactory
instanceKlass java/nio/file/DirectoryStream
instanceKlass java/nio/file/DirectoryStream$Filter
instanceKlass java/nio/channels/AsynchronousFileChannel
instanceKlass java/nio/channels/AsynchronousChannel
instanceKlass java/nio/file/FileStore
instanceKlass org/pushingpixels/substance/internal/ui/SubstanceScrollPaneUI$$Lambda$443
instanceKlass javax/swing/plaf/basic/ComboPopup
instanceKlass org/pushingpixels/substance/internal/utils/WidgetUtilities
instanceKlass java/nio/file/spi/FileSystemProvider$1
instanceKlass org/jetbrains/kotlin/cli/jvm/modules/JavaVersionUtilsKt
instanceKlass org/pushingpixels/substance/internal/widget/scroll/AutoScrollWidget$$Lambda$442
instanceKlass \u00ff\u00ff\u00ff\u00ff\u00ff\u00ff\u00ff\u00ff\u00ff\u00ff\u00ff\u00ff\u00ff\u00ff\u00ff\u00ff\u00ff\u00ff\u00ff\u00ff\u00ff\u00ff\u00ff\u00ff\u00ff\u00ff\u00ff\u00ff\u00ff\u00ff\u00ff\u00ff\u00ff\u00ff\u00ff\u00ff\u00ff\u00ff\u00ff\u00ff\u00ff\u00ff\u00ff\u00ff\u00ff\u00ff\u00ff\u00ff\u00ff\u00ff\u00ff\u00ff\u00ff\u00ff\u00ff\u00ff\u00ff\u00ffaneSelectorWidget$$Lambda$441\u0001\u0000\u0010updateInu\u0000\u0000\u0000\u0000\u0000\u0000\u0000Lorg/pushingpixels/substance/internal/widget/scroll/ScrollPaneSelectorWidget$$Lambda$441/1313377051;\u0000winu\u0000\u0000\u0000\u0000\u0000\u0000\u0000\u00d0ES\u00a8\u00c1\u007f\u0000\u0000\u0001\u0000\u0000\u0000\u0002\u0000\u0000\u0000\u0000x\u00ed\u009a\u00c1\u007f\u0000\u0000\u0000x\u00ed\u009a\u00c1\u007f\u0000\u0000\u0010\u0000\u0000\u0000\u0000\u0000\u0000\u0000\u0000\u0001\u0000\u0000\u0000\u0000\u0000\u0000\u00b3\u0000\u0000\u0000\u0000\u0000\u0000\u0000\u0002\u0000\u0000\u0000\u0000\u0000\u0000\u0000\u0000\u0000\u0000\u0000\u0000\u0000\u0000\u0000\u0000\u0000\u0000\u0000\u0000\u0000\u0000\u0000\u0000\u0000\u0000\u0000\u0000\u0000\u0000\u0000\u0000\u0000\u0000\u0000\u0000\u0000\u0000\u000051\u0000;\u0000olu%\u0000\u0000\u0000\u0000\u0000\u0000\u0000\u00b1*\u000al\u00c2\u007f\u0000\u0000\u00e0LS\u00a8\u00c1\u007f\u0000\u0000\u0429s\u00d1\u00c2\u007f\u0000\u0000\u0085\u0000\u0000\u0000\u0000\u0000\u0000\u0000\u0000\u0000\u0000\u0000\u0000\u0000\u0000\u0000\u0000\u0000\u0000\u0000\u0000\u0000\u0000\u0000\u0000\u0000\u0000\u0000\u0000\u0000\u0000\u0000\u0000\u0000\u0000\u0000\u0000\u0000\u0000\u0000\u0000\u0000\u0000\u0000\u0000\u0000\u0000\u0000\u0000\u0000\u0000\u0000\u0000\u0000\u0000\u0000\u0000Metaspace allocation lock\u0000\u0000\u0000\u0000\u0000\u0000\u0000\u0000\u0000\u0000\u0000\u0000\u0000\u0000\u0000\u0000\u0000\u0000\u0000\u0000\u0000\u0000\u0000\u0000\u0000\u0000\u0000\u0000\u0000\u0000\u0000\u0000\u0000\u0000\u0000\u0000\u0000\u0000\u0000\u0000\u0000\u0000\u0000\u0000\u0000\u0000u\u0003\u0000
instanceKlass \u00ff\u00ff\u00ff\u00ff\u00ff\u00ff\u00ff\u00ff\u00ff\u00ff\u00ff\u00ff\u00ff\u00ff\u00ff\u00ff\u00ff\u00ff\u00ff\u00ff\u00ff\u00ff\u00ff\u00ff\u00ff\u00ff\u00ff\u00ff\u00ff\u00ff\u00ff\u00ff\u00ff\u00ff\u00ff\u00ff\u00ff\u00ff\u00ff\u00ff\u00ff\u00ff\u00ff\u00ff\u00ff\u00ff\u00ff\u00ff\u00ff\u00ff\u00ff\u00ff\u00ff\u00ff\u00ff\u00ff\u00ff\u00ff\u00ff\u00ff\u00ff\u00ff\u00ff\u00ff\u00ff\u00ff\u00ff\u00ff\u00ff\u00ff\u00ff\u00ff\u00ff\u00ff\u00ff\u00ff\u00ff\u00ff\u00ff\u00ff\u00ff\u00ff\u00ff\u00ff\u00ff\u00ff\u00ff\u00ff\u00ff\u00ff\u00ff\u00ff\u00ff\u00ff\u00ff\u00ff\u00ff\u00ff\u00ff\u00ff\u00ff\u00ff\u00ff\u00ff\u00ff\u00ff\u00ff\u00ff\u00ff\u00ff\u00ff\u00ff\u00ff\u00ff\u00ff\u00ff\u00ff\u00ff\u00ff\u00ff\u00ff\u00ff\u00ff\u00ff\u00ff\u00ff\u00ff\u00ff\u00ff\u00ff\u00ff\u00ff\u00ff\u00ff\u00ff\u00ff\u00ff\u00ff\u00ff\u00ff\u00ff\u00ff\u00ff\u00ff\u00ff\u00ff\u00ff\u00ff\u00ff\u00ff\u00ff\u00ff\u00ff\u00ff\u00ff\u00ff\u00ff\u00ff\u00ff\u00ff\u00ff\u00ff\u00ff\u00ff\u00ff\u00ff\u00ff\u00ff\u00ff\u00ff\u00ff\u00ff\u00ff\u00ff\u00ff\u00ff\u00ff\u00ff\u00ff\u00ff\u00ff\u00ff\u00ff\u00ff\u00ff\u00ff\u00ff\u00ff\u00ff\u00ff\u00ff\u00ff\u00ff\u00ff\u00ff\u00ff\u00ff\u00ff\u00ff\u00ff\u00ff\u00ff\u00ff\u00ff\u00ff\u00ff\u00ff\u00ff\u00ff\u00ff\u00ff\u00ff\u00ff\u00ff\u00ff\u00ff\u00ff\u00ff\u00ff\u00ff\u00ff\u00ff\u00ff\u00ff\u00ff\u00ff\u00ff\u00ff\u00ff\u00ff\u00ff\u00ff\u00ff\u00ff\u00ff\u00ff\u00ff\u00ff\u00ff\u00ff\u00ff\u00ff\u00ff\u00ff\u00ff\u00ff\u00ff\u00ff\u00ff\u00ff\u00ff\u00ff\u00ff\u00ff\u00ff\u00ff\u00ff\u00ff\u00ff\u00ff\u00ff\u00ff\u00ff\u00ff\u00ff\u00ff\u00ff\u00ff\u00ff\u00ff\u00ff\u00ff\u00ff\u00ff\u00ff\u00ff\u00ff\u00ff\u00ff\u00ff\u00ff\u00ff\u00ff\u00ff\u00ff\u00ff\u00ff\u00ff\u00ff\u00ff\u00ff\u00ff\u00ff\u00ff\u00ff\u00ff\u00ff\u00ff\u00ff\u00ff\u00ff\u00ff\u00ff\u00ff\u00ff\u00ff\u00ff\u00ff\u00ff\u00ff\u00ff\u00ff\u00ff\u00ff\u00ff\u00ff\u00ff\u00ff\u00ff\u00ff\u00ff\u00ff\u00ff\u00ff\u00ff\u00ff\u00ff\u00ff\u00ff\u00ff\u00
instanceKlass org/jetbrains/kotlin/com/intellij/psi/util/PsiUtilCore$NullPsiElement
instanceKlass \u00ff\u00ff\u00ff\u00ff\u00ff\u00ff\u00ff\u00ff\u00ff\u00ff\u00ff\u00ff\u00ff\u00ff\u00ff\u00ff\u00ff\u00ff\u00ff\u00ff\u00ff\u00ff\u00ff\u00ff\u00ff\u00ff\u00ff\u00ff\u00ff\u00ff\u00ff\u00ff\u00ff\u00ff\u00ff\u00ff\u00ff\u00ff\u00ff\u00ff\u00ff\u00ff\u00ff\u00ff\u00ff\u00ff\u00ff\u00ff\u00ff\u00ff\u00ff\u00ff\u00ff\u00ff\u00ff\u00ff\u00ff\u00ff\u00ff\u00ff\u00ff\u00ff\u00ff\u00ff\u00ff\u00ff\u00ff\u00ff\u00ff\u00ff\u00ff\u00ff\u00ff\u00ff\u00ff\u00ff\u00ff\u00ff\u00ff\u00ff\u00ff\u00ff\u00ff\u00ff\u00ff\u00ff\u00ff\u00ff\u00ff\u00ff\u00ff\u00ff\u00ff\u00ff\u00ff\u00ff\u00ff\u00ff\u00ff\u00ff\u00ff\u00ff\u00ff\u00ff\u00ff\u00ff\u00ff\u00ff\u00ff\u00ff\u00ff\u00ff\u00ff\u00ff\u00ff\u00ff\u00ff\u00ff\u00ff\u00ff\u00ff\u00ff\u00ff\u00ff\u00ff\u00ff\u00ff\u00ff\u00ff\u00ff\u00ff\u00ff\u00ff\u00ff\u00ff\u00ff\u00ff\u00ff\u00ff\u00ff\u00ff\u00ff\u00ff\u00ff\u00ff\u00ff\u00ff\u00ff\u00ff\u00ff\u00ff\u00ff\u00ff\u00ff\u00ff\u00ff\u00ff\u00ff\u00ff\u00ff\u00ff\u00ff\u00ff\u00ff\u00ff\u00ff\u00ff\u00ff\u00ff\u00ff\u00ff\u00ff\u00ff\u00ff\u00ff\u00ff\u00ff\u00ff\u00ff\u00ff\u00ff\u00ff\u00ff\u00ff\u00ff\u00ff\u00ff\u00ff\u00ff\u00ff\u00ff\u00ff\u00ff\u00ff\u00ff\u00ff\u00ff\u00ff\u00ff\u00ff\u00ff\u00ff\u00ff\u00ff\u00ff\u00ff\u00ff\u00ff\u00ff\u00ff\u00ff\u00ff\u00ff\u00ff\u00ff\u00ff\u00ff\u00ff\u00ff\u00ff\u00ff\u00ff\u00ff\u00ff\u00ff\u00ff\u00ff\u00ff\u00ff\u00ff\u00ff\u00ff\u00ff\u00ff\u00ff\u00ff\u00ff\u00ff\u00ff\u00ff\u00ff\u00ff\u00ff\u00ff\u00ff\u00ff\u00ff\u00ff\u00ff\u00ff\u00ff\u00ff\u00ff\u00ff\u00ff\u00ff\u00ff\u00ff\u00ff\u00ff\u00ff\u00ff\u00ff\u00ff\u00ff\u00ff\u00ff\u00ff\u00ff\u00ff\u00ff\u00ff\u00ff\u00ff\u00ff\u00ff\u00ff\u00ff\u00ff\u00ff\u00ff\u00ff\u00ff\u00ff\u00ff\u00ff\u00ff\u00ff\u00ff\u00ff\u00ff\u00ff\u00ff\u00ff\u00ff\u00ff\u00ff\u00ff\u00ff\u00ff\u00ff\u00ff\u00ff\u00ff\u00ff\u00ff\u00ff\u00ff\u00ff\u00ff\u00ff\u00ff\u00ff\u00ff\u00ff\u00ff\u00ff\u00ff\u00ff\u00ff\u00ff\u00ff\u00ff\u00ff\u00ff\u00ff\u00ff\u00ff\u00ff\u00ff\u00
instanceKlass org/jetbrains/kotlin/com/intellij/psi/util/PsiUtilCore
instanceKlass \u00ff\u00ff\u00ff\u00ff\u00ff\u00ff\u00ff\u00ff\u00ff\u00ff\u00ff\u00ff\u00ff\u00ff\u00ff\u00ff\u00ff\u00ff\u00ff\u00ff\u00ff\u00ff\u00ff\u00ff\u00ff\u00ff\u00ff\u00ff\u00ff\u00ff\u00ff\u00ff\u00ff\u00ff\u00ff\u00ff\u00ff\u00ff\u00ff\u00ff\u00ff\u00ff\u00ff\u00ff\u00ff\u00ff\u00ff\u00ff\u00ff\u00ff\u00ff\u00ff\u00ff\u00ff\u00ff\u00ff\u00ff\u00ff\u00ff\u00ff\u00ff\u00ff\u00ff\u00ff\u00ff\u00ff\u00ff\u00ff\u00ff\u00ff\u00ff\u00ff\u00ff\u00ff\u00ff\u00ff\u00ff\u00ff\u00ff\u00ff\u00ff\u00ff\u00ff\u00ff\u00ff\u00ff\u00ff\u00ff\u00ff\u00ff\u00ff\u00ff\u00ff\u00ff\u00ff\u00ff\u00ff\u00ff\u00ff\u00ff\u00ff\u00ff\u00ff\u00ff\u00ff\u00ff\u00ff\u00ff\u00ff\u00ff\u00ff\u00ff\u00ff\u00ff\u00ff\u00ff\u00ff\u00ff\u00ff\u00ff\u00ff\u00ff\u00ff\u00ff\u00ff\u00ff\u00ff\u00ff\u00ff\u00ff\u00ff\u00ff\u00ff\u00ff\u00ff\u00ff\u00ff\u00ff\u00ff\u00ff\u00ff\u00ff\u00ff\u00ff\u00ff\u00ff\u00ff\u00ff\u00ff\u00ff\u00ff\u00ff\u00ff\u00ff\u00ff\u00ff\u00ff\u00ff\u00ff\u00ff\u00ff\u00ff\u00ff\u00ff\u00ff\u00ff\u00ff\u00ff\u00ff\u00ff\u00ff\u00ff\u00ff\u00ff\u00ff\u00ff\u00ff\u00ff\u00ff\u00ff\u00ff\u00ff\u00ff\u00ff\u00ff\u00ff\u00ff\u00ff\u00ff\u00ff\u00ff\u00ff\u00ff\u00ff\u00ff\u00ff\u00ff\u00ff\u00ff\u00ff\u00ff\u00ff\u00ff\u00ff\u00ff\u00ff\u00ff\u00ff\u00ff\u00ff\u00ff\u00ff\u00ff\u00ff\u00ff\u00ff\u00ff\u00ff\u00ff\u00ff\u00ff\u00ff\u00ff\u00ff\u00ff\u00ff\u00ff\u00ff\u00ff\u00ff\u00ff\u00ff\u00ff\u00ff\u00ff\u00ff\u00ff\u00ff\u00ff\u00ff\u00ff\u00ff\u00ff\u00ff\u00ff\u00ff\u00ff\u00ff\u00ff\u00ff\u00ff\u00ff\u00ff\u00ff\u00ff\u00ff\u00ff\u00ff\u00ff\u00ff\u00ff\u00ff\u00ff\u00ff\u00ff\u00ff\u00ff\u00ff\u00ff\u00ff\u00ff\u00ff\u00ff\u00ff\u00ff\u00ff\u00ff\u00ff\u00ff\u00ff\u00ff\u00ff\u00ff\u00ff\u00ff\u00ff\u00ff\u00ff\u00ff\u00ff\u00ff\u00ff\u00ff\u00ff\u00ff\u00ff\u00ff\u00ff\u00ff\u00ff\u00ff\u00ff\u00ff\u00ff\u00ff\u00ff\u00ff\u00ff\u00ff\u00ff\u00ff\u00ff\u00ff\u00ff\u00ff\u00ff\u00ff\u00ff\u00ff\u00ff\u00ff\u00ff\u00ff\u00ff\u00ff\u00ff\u00ff\u00ff\u00ff\u00ff\u00
instanceKlass javax/swing/plaf/basic/BasicScrollPaneUI$Handler
instanceKlass \u00ff\u00ff\u00ff\u00ff\u00ff\u00ff\u00ff\u00ff\u00ff\u00ff\u00ff\u00ff\u00ff\u00ff\u00ff\u00ff\u00ff\u00ff\u00ff\u00ff\u00ff\u00ff\u00ff\u00ff\u00ff\u00ff\u00ff\u00ff\u00ff\u00ff\u00ff\u00ff\u00ff\u00ff\u00ff\u00ff\u00ff\u00ff\u00ff\u00ff\u00ff\u00ff\u00ff\u00ff\u00ff\u00ff\u00ff\u00ff\u00ff\u00ff\u00ff\u00ff\u00ff\u00ff\u00ff\u00ff\u00ff\u00ff\u00ff\u00ff\u00ff\u00ff\u00ff\u00ff\u00ff\u00ff\u00ff\u00ff\u00ff\u00ff\u00ff\u00ff\u00ff\u00ff\u00ff\u00ff\u00ff\u00ff\u00ff\u00ff\u00ff\u00ff\u00ff\u00ff\u00ff\u00ff\u00ff\u00ff\u00ff\u00ff\u00ff\u00ff\u00ff\u00ff\u00ff\u00ff\u00ff\u00ff\u00ff\u00ff\u00ff\u00ff\u00ff\u00ff\u00ff\u00ff\u00ff\u00ff\u00ff\u00ff\u00ff\u00ff\u00ff\u00ff\u00ff\u00ff\u00ff\u00ff\u00ff\u00ff\u00ff\u00ff\u00ff\u00ff\u00ff\u00ff\u00ff\u00ff\u00ff\u00ff\u00ff\u00ff\u00ff\u00ff\u00ff\u00ff\u00ff\u00ff\u00ff\u00ff\u00ff\u00ff\u00ff\u00ff\u00ff\u00ff\u00ff\u00ff\u00ff\u00ff\u00ff\u00ff\u00ff\u00ff\u00ff\u00ff\u00ff\u00ff\u00ff\u00ff\u00ff\u00ff\u00ff\u00ff\u00ff\u00ff\u00ff\u00ff\u00ff\u00ff\u00ff\u00ff\u00ff\u00ff\u00ff\u00ff\u00ff\u00ff\u00ff\u00ff\u00ff\u00ff\u00ff\u00ff\u00ff\u00ff\u00ff\u00ff\u00ff\u00ff\u00ff\u00ff\u00ff\u00ff\u00ff\u00ff\u00ff\u00ff\u00ff\u00ff\u00ff\u00ff\u00ff\u00ff\u00ff\u00ff\u00ff\u00ff\u00ff\u00ff\u00ff\u00ff\u00ff\u00ff\u00ff\u00ff\u00ff\u00ff\u00ff\u00ff\u00ff\u00ff\u00ff\u00ff\u00ff\u00ff\u00ff\u00ff\u00ff\u00ff\u00ff\u00ff\u00ff\u00ff\u00ff\u00ff\u00ff\u00ff\u00ff\u00ff\u00ff\u00ff\u00ff\u00ff\u00ff\u00ff\u00ff\u00ff\u00ff\u00ff\u00ff\u00ff\u00ff\u00ff\u00ff\u00ff\u00ff\u00ff\u00ff\u00ff\u00ff\u00ff\u00ff\u00ff\u00ff\u00ff\u00ff\u00ff\u00ff\u00ff\u00ff\u00ff\u00ff\u00ff\u00ff\u00ff\u00ff\u00ff\u00ff\u00ff\u00ff\u00ff\u00ff\u00ff\u00ff\u00ff\u00ff\u00ff\u00ff\u00ff\u00ff\u00ff\u00ff\u00ff\u00ff\u00ff\u00ff\u00ff\u00ff\u00ff\u00ff\u00ff\u00ff\u00ff\u00ff\u00ff\u00ff\u00ff\u00ff\u00ff\u00ff\u00ff\u00ff\u00ff\u00ff\u00ff\u00ff\u00ff\u00ff\u00ff\u00ff\u00ff\u00ff\u00ff\u00ff\u00ff\u00ff\u00ff\u00ff\u00ff\u00
instanceKlass org/jetbrains/kotlin/com/intellij/psi/impl/source/SubstrateRef
instanceKlass org/jetbrains/kotlin/com/intellij/psi/impl/source/PsiFileImpl$$Lambda$436
instanceKlass javax/swing/event/RowSorterListener
instanceKlass javax/swing/event/CellEditorListener
instanceKlass javax/swing/event/ListSelectionListener
instanceKlass javax/swing/event/TableColumnModelListener
instanceKlass javax/swing/event/TableModelListener
instanceKlass org/jetbrains/kotlin/com/intellij/psi/impl/source/FileTrees
instanceKlass org/jetbrains/kotlin/com/intellij/psi/impl/source/StubbedSpine
instanceKlass org/jetbrains/kotlin/psi/KtDeclarationContainer
instanceKlass org/jetbrains/kotlin/psi/KtAnnotated
instanceKlass org/jetbrains/kotlin/psi/KtElement
instanceKlass org/jetbrains/kotlin/psi/KtPureElement
instanceKlass \u00ff\u00ff\u00ff\u00ff\u00ff\u00ff\u00ff\u00ff\u00ff\u00ff\u00ff\u00ff\u00ff\u00ff\u00ff\u00ff\u00ff\u00ff\u00ff\u00ff\u00ff\u00ff\u00ff\u00ff\u00ff\u00ff\u00ff\u00ff\u00ff\u00ff\u00ff\u00ff\u00ff\u00ff\u00ff\u00ff\u00ff\u00ff\u00ff\u00ff\u00ff\u00ff\u00ff\u00ff\u00ff\u00ff\u00ff\u00ff\u00ff\u00ff\u00ff\u00ff\u00ff\u00ff\u00ff\u00ff\u00ff\u00ff\u00ff\u00ff\u00ff\u00ff\u00ff\u00ff\u00ff\u00ff\u00ff\u00ff\u00ff\u00ff\u00ff\u00ff\u00ff\u00ff\u00ff\u00ff\u00ff\u00ff\u00ff\u00ff\u00ff\u00ff\u00ff\u00ff\u00ff\u00ff\u00ff\u00ff\u00ff\u00ff\u00ff\u00ff\u00ff\u00ff\u00ff\u00ff\u00ff\u00ff\u00ff\u00ff\u00ff\u00ff\u00ff\u00ff\u00ff\u00ff\u00ff\u00ff\u00ff\u00ff\u00ff\u00ff\u00ff\u00ff\u00ff\u00ff\u00ff\u00ff\u00ff\u00ff\u00ff\u00ff\u00ff\u00ff\u00ff\u00ff\u00ff\u00ff\u00ff\u00ff\u00ff\u00ff\u00ff\u00ff\u00ff\u00ff\u00ff\u00ff\u00ff\u00ff\u00ff\u00ff\u00ff\u00ff\u00ff\u00ff\u00ff\u00ff\u00ff\u00ff\u00ff\u00ff\u00ff\u00ff\u00ff\u00ff\u00ff\u00ff\u00ff\u00ff\u00ff\u00ff\u00ff\u00ff\u00ff\u00ff\u00ff\u00ff\u00ff\u00ff\u00ff\u00ff\u00ff\u00ff\u00ff\u00ff\u00ff\u00ff\u00ff\u00ff\u00ff\u00ff\u00ff\u00ff\u00ff\u00ff\u00ff\u00ff\u00ff\u00ff\u00ff\u00ff\u00ff\u00ff\u00ff\u00ff\u00ff\u00ff\u00ff\u00ff\u00ff\u00ff\u00ff\u00ff\u00ff\u00ff\u00ff\u00ff\u00ff\u00ff\u00ff\u00ff\u00ff\u00ff\u00ff\u00ff\u00ff\u00ff\u00ff\u00ff\u00ff\u00ff\u00ff\u00ff\u00ff\u00ff\u00ff\u00ff\u00ff\u00ff\u00ff\u00ff\u00ff\u00ff\u00ff\u00ff\u00ff\u00ff\u00ff\u00ff\u00ff\u00ff\u00ff\u00ff\u00ff\u00ff\u00ff\u00ff\u00ff\u00ff\u00ff\u00ff\u00ff\u00ff\u00ff\u00ff\u00ff\u00ff\u00ff\u00ff\u00ff\u00ff\u00ff\u00ff\u00ff\u00ff\u00ff\u00ff\u00ff\u00ff\u00ff\u00ff\u00ff\u00ff\u00ff\u00ff\u00ff\u00ff\u00ff\u00ff\u00ff\u00ff\u00ff\u00ff\u00ff\u00ff\u00ff\u00ff\u00ff\u00ff\u00ff\u00ff\u00ff\u00ff\u00ff\u00ff\u00ff\u00ff\u00ff\u00ff\u00ff\u00ff\u00ff\u00ff\u00ff\u00ff\u00ff\u00ff\u00ff\u00ff\u00ff\u00ff\u00ff\u00ff\u00ff\u00ff\u00ff\u00ff\u00ff\u00ff\u00ff\u00ff\u00ff\u00ff\u00ff\u00ff\u00ff\u00ff\u00ff\u00ff\u00
instanceKlass org/jetbrains/kotlin/com/intellij/psi/PsiModifiableCodeBlock
instanceKlass org/jetbrains/kotlin/com/intellij/psi/PsiClassOwner
instanceKlass \u00ff\u00ff\u00ff\u00ff\u00ff\u00ff\u00ff\u00ff\u00ff\u00ff\u00ff\u00ff\u00ff\u00ff\u00ff\u00ff\u00ff\u00ff\u00ff\u00ff\u00ff\u00ff\u00ff\u00ff\u00ff\u00ff\u00ff\u00ff\u00ff\u00ff\u00ff\u00ff\u00ff\u00ff\u00ff\u00ff\u00ff\u00ff\u00ff\u00ff\u00ff\u00ff\u00ff\u00ff\u00ff\u00ff\u00ff\u00ff\u00ff\u00ff\u00ff\u00ff\u00ff\u00ff\u00ff\u00ff\u00ff\u00ff\u00ff\u00ff\u00ff\u00ff\u00ff\u00ff\u00ff\u00ff\u00ff\u00ff\u00ff\u00ff\u00ff\u00ff\u00ff\u00ff\u00ff\u00ff\u00ff\u00ff\u00ff\u00ff\u00ff\u00ff\u00ff\u00ff\u00ff\u00ff\u00ff\u00ff\u00ff\u00ff\u00ff\u00ff\u00ff\u00ff\u00ff\u00ff\u00ff\u00ff\u00ff\u00ff\u00ff\u00ff\u00ff\u00ff\u00ff\u00ff\u00ff\u00ff\u00ff\u00ff\u00ff\u00ff\u00ff\u00ff\u00ff\u00ff\u00ff\u00ff\u00ff\u00ff\u00ff\u00ff\u00ff\u00ff\u00ff\u00ff\u00ff\u00ff\u00ff\u00ff\u00ff\u00ff\u00ff\u00ff\u00ff\u00ff\u00ff\u00ff\u00ff\u00ff\u00ff\u00ff\u00ff\u00ff\u00ff\u00ff\u00ff\u00ff\u00ff\u00ff\u00ff\u00ff\u00ff\u00ff\u00ff\u00ff\u00ff\u00ff\u00ff\u00ff\u00ff\u00ff\u00ff\u00ff\u00ff\u00ff\u00ff\u00ff\u00ff\u00ff\u00ff\u00ff\u00ff\u00ff\u00ff\u00ff\u00ff\u00ff\u00ff\u00ff\u00ff\u00ff\u00ff\u00ff\u00ff\u00ff\u00ff\u00ff\u00ff\u00ff\u00ff\u00ff\u00ff\u00ff\u00ff\u00ff\u00ff\u00ff\u00ff\u00ff\u00ff\u00ff\u00ff\u00ff\u00ff\u00ff\u00ff\u00ff\u00ff\u00ff\u00ff\u00ff\u00ff\u00ff\u00ff\u00ff\u00ff\u00ff\u00ff\u00ff\u00ff\u00ff\u00ff\u00ff\u00ff\u00ff\u00ff\u00ff\u00ff\u00ff\u00ff\u00ff\u00ff\u00ff\u00ff\u00ff\u00ff\u00ff\u00ff\u00ff\u00ff\u00ff\u00ff\u00ff\u00ff\u00ff\u00ff\u00ff\u00ff\u00ff\u00ff\u00ff\u00ff\u00ff\u00ff\u00ff\u00ff\u00ff\u00ff\u00ff\u00ff\u00ff\u00ff\u00ff\u00ff\u00ff\u00ff\u00ff\u00ff\u00ff\u00ff\u00ff\u00ff\u00ff\u00ff\u00ff\u00ff\u00ff\u00ff\u00ff\u00ff\u00ff\u00ff\u00ff\u00ff\u00ff\u00ff\u00ff\u00ff\u00ff\u00ff\u00ff\u00ff\u00ff\u00ff\u00ff\u00ff\u00ff\u00ff\u00ff\u00ff\u00ff\u00ff\u00ff\u00ff\u00ff\u00ff\u00ff\u00ff\u00ff\u00ff\u00ff\u00ff\u00ff\u00ff\u00ff\u00ff\u00ff\u00ff\u00ff\u00ff\u00ff\u00ff\u00ff\u00ff\u00ff\u00ff\u00ff\u00ff\u00ff\u00
instanceKlass javax/swing/plaf/basic/BasicScrollBarUI$ScrollListener
instanceKlass javax/swing/plaf/basic/BasicScrollBarUI$Handler
instanceKlass javax/swing/plaf/basic/BasicScrollBarUI$ModelListener
instanceKlass org/jetbrains/kotlin/com/intellij/psi/AbstractFileViewProvider$VirtualFileContent
instanceKlass javax/swing/DefaultBoundedRangeModel
instanceKlass javax/swing/BoundedRangeModel
instanceKlass javax/swing/JScrollBar$ModelListener
instanceKlass org/jetbrains/kotlin/com/intellij/psi/PsiLock
instanceKlass javax/swing/ViewportLayout
instanceKlass javax/swing/ScrollPaneLayout
instanceKlass org/jetbrains/kotlin/com/intellij/psi/AbstractFileViewProvider$Content
instanceKlass org/jetbrains/kotlin/com/intellij/psi/PsiLargeBinaryFile
instanceKlass sun/awt/X11/XTranslateCoordinates
instanceKlass org/jetbrains/kotlin/com/intellij/psi/PsiLargeFile
instanceKlass javax/swing/GroupLayout$ComponentInfo
instanceKlass \u00ff\u00ff\u00ff\u00ff\u00ff\u00ff\u00ff\u00ff\u00ff\u00ff\u00ff\u00ff\u00ff\u00ff\u00ff\u00ff\u00ff\u00ff\u00ff\u00ff\u00ff\u00ff\u00ff\u00ff\u00ff\u00ff\u00ff\u00ff\u00ff\u00ff\u00ff\u00ff\u00ff\u00ff\u00ff\u00ff\u00ff\u00ff\u00ff\u00ff\u00ff\u00ff\u00ff\u00ff\u00ff\u00ff\u00ff\u00ff\u00ff\u00ff\u00ff\u00ff\u00ff\u00ff\u00ff\u00ff\u00ff\u00ff\u00ff\u00ff\u00ff\u00ff\u00ff\u00ff\u00ff\u00ff\u00ff\u00ff\u00ff\u00ff\u00ff\u00ff\u00ff\u00ff\u00ff\u00ff\u00ff\u00ff\u00ff\u00ff\u00ff\u00ff\u00ff\u00ff\u00ff\u00ff\u00ff\u00ff\u00ff\u00ff\u00ff\u00ff\u00ff\u00ff\u00ff\u00ff\u00ff\u00ff\u00ff\u00ff\u00ff\u00ff\u00ff\u00ff\u00ff\u00ff\u00ff\u00ff\u00ff\u00ff\u00ff\u00ff\u00ff\u00ff\u00ff\u00ff\u00ff\u00ff\u00ff\u00ff\u00ff\u00ff\u00ff\u00ff\u00ff\u00ff\u00ff\u00ff\u00ff\u00ff\u00ff\u00ff\u00ff\u00ff\u00ff\u00ff\u00ff\u00ff\u00ff\u00ff\u00ff\u00ff\u00ff\u00ff\u00ff\u00ff\u00ff\u00ff\u00ff\u00ff\u00ff\u00ff\u00ff\u00ff\u00ff\u00ff\u00ff\u00ff\u00ff\u00ff\u00ff\u00ff\u00ff\u00ff\u00ff\u00ff\u00ff\u00ff\u00ff\u00ff\u00ff\u00ff\u00ff\u00ff\u00ff\u00ff\u00ff\u00ff\u00ff\u00ff\u00ff\u00ff\u00ff\u00ff\u00ff\u00ff\u00ff\u00ff\u00ff\u00ff\u00ff\u00ff\u00ff\u00ff\u00ff\u00ff\u00ff\u00ff\u00ff\u00ff\u00ff\u00ff\u00ff\u00ff\u00ff\u00ff\u00ff\u00ff\u00ff\u00ff\u00ff\u00ff\u00ff\u00ff\u00ff\u00ff\u00ff\u00ff\u00ff\u00ff\u00ff\u00ff\u00ff\u00ff\u00ff\u00ff\u00ff\u00ff\u00ff\u00ff\u00ff\u00ff\u00ff\u00ff\u00ff\u00ff\u00ff\u00ff\u00ff\u00ff\u00ff\u00ff\u00ff\u00ff\u00ff\u00ff\u00ff\u00ff\u00ff\u00ff\u00ff\u00ff\u00ff\u00ff\u00ff\u00ff\u00ff\u00ff\u00ff\u00ff\u00ff\u00ff\u00ff\u00ff\u00ff\u00ff\u00ff\u00ff\u00ff\u00ff\u00ff\u00ff\u00ff\u00ff\u00ff\u00ff\u00ff\u00ff\u00ff\u00ff\u00ff\u00ff\u00ff\u00ff\u00ff\u00ff\u00ff\u00ff\u00ff\u00ff\u00ff\u00ff\u00ff\u00ff\u00ff\u00ff\u00ff\u00ff\u00ff\u00ff\u00ff\u00ff\u00ff\u00ff\u00ff\u00ff\u00ff\u00ff\u00ff\u00ff\u00ff\u00ff\u00ff\u00ff\u00ff\u00ff\u00ff\u00ff\u00ff\u00ff\u00ff\u00ff\u00ff\u00ff\u00ff\u00ff\u00ff\u00ff\u00ff\u00ff\u00
instanceKlass java/awt/SequencedEvent$2
instanceKlass java/awt/SequencedEvent$1
instanceKlass sun/awt/AWTAccessor$SequencedEventAccessor
instanceKlass javax/swing/GroupLayout$Spring
instanceKlass org/jetbrains/kotlin/com/intellij/psi/PsiBinaryFile
instanceKlass javax/swing/GroupLayout
instanceKlass org/jetbrains/kotlin/com/intellij/lang/MetaLanguage$$Lambda$432
instanceKlass sun/awt/X11/XWindowPeer$4
instanceKlass org/jetbrains/kotlin/com/intellij/lang/LanguageUtil$$Lambda$431
instanceKlass org/jetbrains/kotlin/com/intellij/lang/LanguageUtil
instanceKlass org/jetbrains/kotlin/com/intellij/injected/editor/VirtualFileWindow
instanceKlass kotlin/collections/AbstractIterator$WhenMappings
instanceKlass kotlin/io/FileTreeWalk$WalkState
instanceKlass kotlin/collections/AbstractIterator
instanceKlass kotlin/io/FileTreeWalk
instanceKlass java/awt/SplashScreen
instanceKlass org/jetbrains/kotlin/com/intellij/openapi/vfs/local/CoreLocalVirtualFile$$Lambda$430
instanceKlass java/lang/invoke/LambdaForm$DMH
instanceKlass org/jetbrains/kotlin/extensions/PreprocessedFileCreator
instanceKlass org/jetbrains/kotlin/com/intellij/openapi/util/KeyedExtensionCollector$$Lambda$429
instanceKlass org/jetbrains/kotlin/cli/jvm/compiler/CoreEnvironmentUtilsKt
instanceKlass org/jetbrains/kotlin/cli/jvm/compiler/CliModuleAnnotationsResolver
instanceKlass org/jetbrains/kotlin/resolve/ModuleAnnotationsResolver
instanceKlass org/jetbrains/kotlin/com/intellij/util/CachedValueBase$Data
instanceKlass org/jetbrains/kotlin/asJava/classes/FacadeCache$cachedValue$1
instanceKlass org/jetbrains/kotlin/com/intellij/psi/util/CachedValueProvider
instanceKlass org/jetbrains/kotlin/asJava/classes/FacadeCache$Companion
instanceKlass org/jetbrains/kotlin/asJava/classes/FacadeCache
instanceKlass org/jetbrains/kotlin/resolve/jvm/KotlinJavaPsiFacade$1
instanceKlass org/jetbrains/kotlin/com/intellij/psi/PsiElement$$Lambda$428
instanceKlass org/jetbrains/kotlin/com/intellij/psi/impl/ElementBase$$Lambda$427
instanceKlass org/jetbrains/kotlin/com/intellij/psi/impl/ElementBase$ElementIconRequest
instanceKlass sun/awt/GlobalCursorManager$NativeUpdater
instanceKlass org/jetbrains/kotlin/com/intellij/psi/PsiModifierList
instanceKlass sun/font/StandardGlyphVector$GlyphStrike
instanceKlass sun/font/FontSubstitution
instanceKlass org/jetbrains/kotlin/resolve/jvm/KotlinJavaPsiFacade$KotlinPsiElementFinderWrapperImpl
instanceKlass org/jetbrains/kotlin/resolve/jvm/KotlinJavaPsiFacade$KotlinPsiElementFinderWrapper
instanceKlass org/jetbrains/kotlin/load/java/structure/JavaClass
instanceKlass org/jetbrains/kotlin/load/java/structure/JavaTypeParameterListOwner
instanceKlass org/jetbrains/kotlin/load/java/structure/JavaModifierListOwner
instanceKlass org/jetbrains/kotlin/load/java/structure/JavaClassifier
instanceKlass org/jetbrains/kotlin/load/java/structure/JavaNamedElement
instanceKlass java/awt/font/GlyphVector
instanceKlass org/jetbrains/kotlin/load/java/structure/JavaAnnotationOwner
instanceKlass org/jetbrains/kotlin/load/java/structure/JavaElement
instanceKlass org/jetbrains/kotlin/resolve/jvm/KotlinJavaPsiFacade
instanceKlass org/jetbrains/kotlin/cli/common/CliModuleVisibilityManagerImpl
instanceKlass org/jetbrains/kotlin/load/kotlin/ModuleVisibilityManager
instanceKlass org/jetbrains/kotlin/resolve/lazy/declarations/DeclarationProviderFactoryService$Companion
instanceKlass org/jetbrains/kotlin/resolve/lazy/declarations/DeclarationProviderFactoryService
instanceKlass javax/swing/plaf/basic/BasicHTML
instanceKlass org/jetbrains/kotlin/cli/common/extensions/ShellExtension
instanceKlass java/beans/VetoableChangeListener
instanceKlass javax/swing/event/AncestorListener
instanceKlass \u00ff\u00ff\u00ff\u00ff\u00ff\u00ff\u00ff\u00ff\u00ff\u00ff\u00ff\u00ff\u00ff\u00ff\u00ff\u00ff\u00ff\u00ff\u00ff\u00ff\u00ff\u00ff\u00ff\u00ff\u00ff\u00ff\u00ff\u00ff\u00ff\u00ff\u00ff\u00ff\u00ff\u00ff\u00ff\u00ff\u00ff\u00ff\u00ff\u00ff\u00ff\u00ff\u00ff\u00ff\u00ff\u00ff\u00ff\u00ff\u00ff\u00ff\u00ff\u00ff\u00ff\u00ff\u00ff\u00ff\u00ff\u00ff\u00ff\u00ff\u00ff\u00ff\u00ff\u00ff\u00ff\u00ff\u00ff\u00ff\u00ff\u00ff\u00ff\u00ff\u00ff\u00ff\u00ff\u00ff\u00ff\u00ff\u00ff\u00ff\u00ff\u00ff\u00ff\u00ff\u00ff\u00ff\u00ff\u00ff\u00ff\u00ff\u00ff\u00ff\u00ff\u00ff\u00ff\u00ff\u00ff\u00ff\u00ff\u00ff\u00ff\u00ff\u00ff\u00ff\u00ff\u00ff\u00ff\u00ff\u00ff\u00ff\u00ff\u00ff\u00ff\u00ff\u00ff\u00ff\u00ff\u00ff\u00ff\u00ff\u00ff\u00ff\u00ff\u00ff\u00ff\u00ff\u00ff\u00ff\u00ff\u00ff\u00ff\u00ff\u00ff\u00ff\u00ff\u00ff\u00ff\u00ff\u00ff\u00ff\u00ff\u00ff\u00ff\u00ff\u00ff\u00ff\u00ff\u00ff\u00ff\u00ff\u00ff\u00ff\u00ff\u00ff\u00ff\u00ff\u00ff\u00ff\u00ff\u00ff\u00ff\u00ff\u00ff\u00ff\u00ff\u00ff\u00ff\u00ff\u00ff\u00ff\u00ff\u00ff\u00ff\u00ff\u00ff\u00ff\u00ff\u00ff\u00ff\u00ff\u00ff\u00ff\u00ff\u00ff\u00ff\u00ff\u00ff\u00ff\u00ff\u00ff\u00ff\u00ff\u00ff\u00ff\u00ff\u00ff\u00ff\u00ff\u00ff\u00ff\u00ff\u00ff\u00ff\u00ff\u00ff\u00ff\u00ff\u00ff\u00ff\u00ff\u00ff\u00ff\u00ff\u00ff\u00ff\u00ff\u00ff\u00ff\u00ff\u00ff\u00ff\u00ff\u00ff\u00ff\u00ff\u00ff\u00ff\u00ff\u00ff\u00ff\u00ff\u00ff\u00ff\u00ff\u00ff\u00ff\u00ff\u00ff\u00ff\u00ff\u00ff\u00ff\u00ff\u00ff\u00ff\u00ff\u00ff\u00ff\u00ff\u00ff\u00ff\u00ff\u00ff\u00ff\u00ff\u00ff\u00ff\u00ff\u00ff\u00ff\u00ff\u00ff\u00ff\u00ff\u00ff\u00ff\u00ff\u00ff\u00ff\u00ff\u00ff\u00ff\u00ff\u00ff\u00ff\u00ff\u00ff\u00ff\u00ff\u00ff\u00ff\u00ff\u00ff\u00ff\u00ff\u00ff\u00ff\u00ff\u00ff\u00ff\u00ff\u00ff\u00ff\u00ff\u00ff\u00ff\u00ff\u00ff\u00ff\u00ff\u00ff\u00ff\u00ff\u00ff\u00ff\u00ff\u00ff\u00ff\u00ff\u00ff\u00ff\u00ff\u00ff\u00ff\u00ff\u00ff\u00ff\u00ff\u00ff\u00ff\u00ff\u00ff\u00ff\u00ff\u00ff\u00ff\u00ff\u00ff\u00ff\u00ff\u00
instanceKlass org/jetbrains/kotlin/cli/common/extensions/ScriptEvaluationExtension
instanceKlass \u00ff\u00ff\u00ff\u00ff\u00ff\u00ff\u00ff\u00ff\u00ff\u00ff\u00ff\u00ff\u00ff\u00ff\u00ff\u00ff\u00ff\u00ff\u00ff\u00ff\u00ff\u00ff\u00ff\u00ff\u00ff\u00ff\u00ff\u00ff\u00ff\u00ff\u00ff\u00ff\u00ff\u00ff\u00ff\u00ff\u00ff\u00ff\u00ff\u00ff\u00ff\u00ff\u00ff\u00ff\u00ff\u00ff\u00ff\u00ff\u00ff\u00ff\u00ff\u00ff\u00ff\u00ff\u00ff\u00ff\u00ff\u00ff\u00ff\u00ff\u00ff\u00ff\u00ff\u00ff\u00ff\u00ff\u00ff\u00ff\u00ff\u00ff\u00ff\u00ff\u00ff\u00ff\u00ff\u00ff\u00ff\u00ff\u00ff\u00ff\u00ff\u00ff\u00ff\u00ff\u00ff\u00ff\u00ff\u00ff\u00ff\u00ff\u00ff\u00ff\u00ff\u00ff\u00ff\u00ff\u00ff\u00ff\u00ff\u00ff\u00ff\u00ff\u00ff\u00ff\u00ff\u00ff\u00ff\u00ff\u00ff\u00ff\u00ff\u00ff\u00ff\u00ff\u00ff\u00ff\u00ff\u00ff\u00ff\u00ff\u00ff\u00ff\u00ff\u00ff\u00ff\u00ff\u00ff\u00ff\u00ff\u00ff\u00ff\u00ff\u00ff\u00ff\u00ff\u00ff\u00ff\u00ff\u00ff\u00ff\u00ff\u00ff\u00ff\u00ff\u00ff\u00ff\u00ff\u00ff\u00ff\u00ff\u00ff\u00ff\u00ff\u00ff\u00ff\u00ff\u00ff\u00ff\u00ff\u00ff\u00ff\u00ff\u00ff\u00ff\u00ff\u00ff\u00ff\u00ff\u00ff\u00ff\u00ff\u00ff\u00ff\u00ff\u00ff\u00ff\u00ff\u00ff\u00ff\u00ff\u00ff\u00ff\u00ff\u00ff\u00ff\u00ff\u00ff\u00ff\u00ff\u00ff\u00ff\u00ff\u00ff\u00ff\u00ff\u00ff\u00ff\u00ff\u00ff\u00ff\u00ff\u00ff\u00ff\u00ff\u00ff\u00ff\u00ff\u00ff\u00ff\u00ff\u00ff\u00ff\u00ff\u00ff\u00ff\u00ff\u00ff\u00ff\u00ff\u00ff\u00ff\u00ff\u00ff\u00ff\u00ff\u00ff\u00ff\u00ff\u00ff\u00ff\u00ff\u00ff\u00ff\u00ff\u00ff\u00ff\u00ff\u00ff\u00ff\u00ff\u00ff\u00ff\u00ff\u00ff\u00ff\u00ff\u00ff\u00ff\u00ff\u00ff\u00ff\u00ff\u00ff\u00ff\u00ff\u00ff\u00ff\u00ff\u00ff\u00ff\u00ff\u00ff\u00ff\u00ff\u00ff\u00ff\u00ff\u00ff\u00ff\u00ff\u00ff\u00ff\u00ff\u00ff\u00ff\u00ff\u00ff\u00ff\u00ff\u00ff\u00ff\u00ff\u00ff\u00ff\u00ff\u00ff\u00ff\u00ff\u00ff\u00ff\u00ff\u00ff\u00ff\u00ff\u00ff\u00ff\u00ff\u00ff\u00ff\u00ff\u00ff\u00ff\u00ff\u00ff\u00ff\u00ff\u00ff\u00ff\u00ff\u00ff\u00ff\u00ff\u00ff\u00ff\u00ff\u00ff\u00ff\u00ff\u00ff\u00ff\u00ff\u00ff\u00ff\u00ff\u00ff\u00ff\u00ff\u00ff\u00ff\u00ff\u00
instanceKlass \u00ff\u00ff\u00ff\u00ff\u00ff\u00ff\u00ff\u00ff\u00ff\u00ff\u00ff\u00ff\u00ff\u00ff\u00ff\u00ff\u00ff\u00ff\u00ff\u00ff\u00ff\u00ff\u00ff\u00ff\u00ff\u00ff\u00ff\u00ff\u00ff\u00ff\u00ff\u00ff\u00ff\u00ff\u00ff\u00ff\u00ff\u00ff\u00ff\u00ff\u00ff\u00ff\u00ff\u00ff\u00ff\u00ff\u00ff\u00ff\u00ff\u00ff\u00ff\u00ff\u00ff\u00ff\u00ff\u00ff\u00ff\u00ff\u00ff\u00ff\u00ff\u00ff\u00ff\u00ff\u00ff\u00ff\u00ff\u00ff\u00ff\u00ff\u00ff\u00ff\u00ff\u00ff\u00ff\u00ff\u00ff\u00ff\u00ff\u00ff\u00ff\u00ff\u00ff\u00ff\u00ff\u00ff\u00ff\u00ff\u00ff\u00ff\u00ff\u00ff\u00ff\u00ff\u00ff\u00ff\u00ff\u00ff\u00ff\u00ff\u00ff\u00ff\u00ff\u00ff\u00ff\u00ff\u00ff\u00ff\u00ff\u00ff\u00ff\u00ff\u00ff\u00ff\u00ff\u00ff\u00ff\u00ff\u00ff\u00ff\u00ff\u00ff\u00ff\u00ff\u00ff\u00ff\u00ff\u00ff\u00ff\u00ff\u00ff\u00ff\u00ff\u00ff\u00ff\u00ff\u00ff\u00ff\u00ff\u00ff\u00ff\u00ff\u00ff\u00ff\u00ff\u00ff\u00ff\u00ff\u00ff\u00ff\u00ff\u00ff\u00ff\u00ff\u00ff\u00ff\u00ff\u00ff\u00ff\u00ff\u00ff\u00ff\u00ff\u00ff\u00ff\u00ff\u00ff\u00ff\u00ff\u00ff\u00ff\u00ff\u00ff